{"D:\\Videji i Ucenje\\portfolio-grade\\apps\\admin\\src\\main.tsx": {"path":"D:\\Videji i Ucenje\\portfolio-grade\\apps\\admin\\src\\main.tsx","statementMap":{"0":{"start":{"line":18,"column":14},"end":{"line":18,"column":30}},"1":{"start":{"line":20,"column":0},"end":{"line":42,"column":2}}},"fnMap":{},"branchMap":{},"s":{"0":1,"1":1},"f":{},"b":{},"_coverageSchema":"1a1c01bbd47fc00a2c39e90264f33305004495a9","hash":"ccabc0933deb4c6158cdefd926efa51646a61e29"}
,"D:\\Videji i Ucenje\\portfolio-grade\\apps\\admin\\src\\components\\layout\\Layout.tsx": {"path":"D:\\Videji i Ucenje\\portfolio-grade\\apps\\admin\\src\\components\\layout\\Layout.tsx","statementMap":{"0":{"start":{"line":5,"column":2},"end":{"line":12,"column":4}}},"fnMap":{"0":{"name":"Layout","decl":{"start":{"line":4,"column":24},"end":{"line":4,"column":30}},"loc":{"start":{"line":4,"column":33},"end":{"line":13,"column":1}},"line":4}},"branchMap":{},"s":{"0":6},"f":{"0":6},"b":{},"_coverageSchema":"1a1c01bbd47fc00a2c39e90264f33305004495a9","hash":"ad4b38aa45e6b4e7f60132d09ad09e4ce14df578"}
,"D:\\Videji i Ucenje\\portfolio-grade\\apps\\admin\\src\\components\\protectedRoute\\ProtectedRoute.tsx": {"path":"D:\\Videji i Ucenje\\portfolio-grade\\apps\\admin\\src\\components\\protectedRoute\\ProtectedRoute.tsx","statementMap":{"0":{"start":{"line":6,"column":16},"end":{"line":6,"column":59}},"1":{"start":{"line":6,"column":46},"end":{"line":6,"column":58}},"2":{"start":{"line":7,"column":2},"end":{"line":7,"column":54}},"3":{"start":{"line":7,"column":14},"end":{"line":7,"column":54}},"4":{"start":{"line":8,"column":2},"end":{"line":8,"column":20}}},"fnMap":{"0":{"name":"ProtectedRoute","decl":{"start":{"line":5,"column":24},"end":{"line":5,"column":38}},"loc":{"start":{"line":5,"column":41},"end":{"line":9,"column":1}},"line":5},"1":{"name":"(anonymous_1)","decl":{"start":{"line":6,"column":28},"end":{"line":6,"column":29}},"loc":{"start":{"line":6,"column":46},"end":{"line":6,"column":58}},"line":6}},"branchMap":{"0":{"loc":{"start":{"line":7,"column":2},"end":{"line":7,"column":54}},"type":"if","locations":[{"start":{"line":7,"column":2},"end":{"line":7,"column":54}},{"start":{},"end":{}}],"line":7}},"s":{"0":6,"1":12,"2":6,"3":3,"4":3},"f":{"0":6,"1":12},"b":{"0":[3,3]},"_coverageSchema":"1a1c01bbd47fc00a2c39e90264f33305004495a9","hash":"1b65ec54fc5bf436dc627822d1944e39916775a8"}
,"D:\\Videji i Ucenje\\portfolio-grade\\apps\\admin\\src\\pages\\dashboard\\Dashboard.tsx": {"path":"D:\\Videji i Ucenje\\portfolio-grade\\apps\\admin\\src\\pages\\dashboard\\Dashboard.tsx","statementMap":{"0":{"start":{"line":5,"column":2},"end":{"line":35,"column":4}}},"fnMap":{"0":{"name":"Dashboard","decl":{"start":{"line":4,"column":24},"end":{"line":4,"column":33}},"loc":{"start":{"line":4,"column":36},"end":{"line":36,"column":1}},"line":4}},"branchMap":{},"s":{"0":12},"f":{"0":12},"b":{},"_coverageSchema":"1a1c01bbd47fc00a2c39e90264f33305004495a9","hash":"37ff2be7ebda0387125439e38039a81dbce17d61"}
}
