TN:
SF:src\main.tsx
FNF:0
FNH:0
DA:18,1
DA:20,1
LF:2
LH:2
BRF:0
BRH:0
end_of_record
TN:
SF:src\components\layout\Layout.tsx
FN:4,Layout
FNF:1
FNH:1
FNDA:6,Layout
DA:5,6
LF:1
LH:1
BRF:0
BRH:0
end_of_record
TN:
SF:src\components\protectedRoute\ProtectedRoute.tsx
FN:5,ProtectedRoute
FN:6,(anonymous_1)
FNF:2
FNH:2
FNDA:6,ProtectedRoute
FNDA:12,(anonymous_1)
DA:6,12
DA:7,6
DA:8,3
LF:3
LH:3
BRDA:7,0,0,3
BRDA:7,0,1,3
BRF:2
BRH:2
end_of_record
TN:
SF:src\pages\dashboard\Dashboard.tsx
FN:4,Dashboard
FNF:1
FNH:1
FNDA:12,Dashboard
DA:5,12
LF:1
LH:1
BRF:0
BRH:0
end_of_record
