{"D:\\Videji i Ucenje\\portfolio-grade\\apps\\portal\\src\\main.tsx": {"path":"D:\\Videji i Ucenje\\portfolio-grade\\apps\\portal\\src\\main.tsx","statementMap":{"0":{"start":{"line":17,"column":14},"end":{"line":17,"column":30}},"1":{"start":{"line":19,"column":0},"end":{"line":42,"column":2}}},"fnMap":{},"branchMap":{},"s":{"0":1,"1":1},"f":{},"b":{},"_coverageSchema":"1a1c01bbd47fc00a2c39e90264f33305004495a9","hash":"f2d759e76db22059c8fabf9ff4abe94b6dabac3a"}
,"D:\\Videji i Ucenje\\portfolio-grade\\apps\\portal\\src\\components\\common\\Modal.tsx": {"path":"D:\\Videji i Ucenje\\portfolio-grade\\apps\\portal\\src\\components\\common\\Modal.tsx","statementMap":{"0":{"start":{"line":12,"column":2},"end":{"line":12,"column":25}},"1":{"start":{"line":12,"column":13},"end":{"line":12,"column":25}},"2":{"start":{"line":14,"column":2},"end":{"line":74,"column":4}},"3":{"start":{"line":41,"column":22},"end":{"line":41,"column":41}}},"fnMap":{"0":{"name":"Modal","decl":{"start":{"line":11,"column":24},"end":{"line":11,"column":29}},"loc":{"start":{"line":11,"column":86},"end":{"line":75,"column":1}},"line":11},"1":{"name":"(anonymous_1)","decl":{"start":{"line":41,"column":17},"end":{"line":41,"column":18}},"loc":{"start":{"line":41,"column":22},"end":{"line":41,"column":41}},"line":41}},"branchMap":{"0":{"loc":{"start":{"line":12,"column":2},"end":{"line":12,"column":25}},"type":"if","locations":[{"start":{"line":12,"column":2},"end":{"line":12,"column":25}},{"start":{},"end":{}}],"line":12},"1":{"loc":{"start":{"line":69,"column":9},"end":{"line":71,"column":9}},"type":"binary-expr","locations":[{"start":{"line":69,"column":9},"end":{"line":69,"column":15}},{"start":{"line":70,"column":10},"end":{"line":70,"column":97}}],"line":69}},"s":{"0":15,"1":1,"2":14,"3":3},"f":{"0":15,"1":3},"b":{"0":[1,14],"1":[14,2]},"_coverageSchema":"1a1c01bbd47fc00a2c39e90264f33305004495a9","hash":"4b7a002f0acec56273d852f3dd5c88b54ae6e467"}
,"D:\\Videji i Ucenje\\portfolio-grade\\apps\\portal\\src\\components\\formRenderer\\FormRenderer.tsx": {"path":"D:\\Videji i Ucenje\\portfolio-grade\\apps\\portal\\src\\components\\formRenderer\\FormRenderer.tsx","statementMap":{"0":{"start":{"line":20,"column":30},"end":{"line":20,"column":67}},"1":{"start":{"line":21,"column":19},"end":{"line":21,"column":32}},"2":{"start":{"line":23,"column":18},"end":{"line":26,"column":3}},"3":{"start":{"line":24,"column":10},"end":{"line":24,"column":69}},"4":{"start":{"line":24,"column":37},"end":{"line":24,"column":68}},"5":{"start":{"line":27,"column":17},"end":{"line":27,"column":70}},"6":{"start":{"line":27,"column":36},"end":{"line":27,"column":70}},"7":{"start":{"line":30,"column":4},"end":{"line":30,"column":45}},"8":{"start":{"line":30,"column":20},"end":{"line":30,"column":42}},"9":{"start":{"line":33,"column":2},"end":{"line":123,"column":4}},"10":{"start":{"line":36,"column":8},"end":{"line":36,"column":27}},"11":{"start":{"line":37,"column":8},"end":{"line":37,"column":25}},"12":{"start":{"line":42,"column":20},"end":{"line":42,"column":29}},"13":{"start":{"line":43,"column":21},"end":{"line":43,"column":44}},"14":{"start":{"line":44,"column":28},"end":{"line":44,"column":50}},"15":{"start":{"line":45,"column":25},"end":{"line":45,"column":40}},"16":{"start":{"line":47,"column":8},"end":{"line":113,"column":9}},"17":{"start":{"line":49,"column":12},"end":{"line":62,"column":14}},"18":{"start":{"line":58,"column":20},"end":{"line":58,"column":47}},"19":{"start":{"line":64,"column":12},"end":{"line":76,"column":14}},"20":{"start":{"line":70,"column":22},"end":{"line":70,"column":51}},"21":{"start":{"line":78,"column":38},"end":{"line":78,"column":85}},"22":{"start":{"line":79,"column":12},"end":{"line":99,"column":14}},"23":{"start":{"line":85,"column":20},"end":{"line":85,"column":47}},"24":{"start":{"line":93,"column":20},"end":{"line":95,"column":29}},"25":{"start":{"line":102,"column":12},"end":{"line":112,"column":14}},"26":{"start":{"line":109,"column":72},"end":{"line":109,"column":99}},"27":{"start":{"line":120,"column":31},"end":{"line":120,"column":44}}},"fnMap":{"0":{"name":"FormRenderer","decl":{"start":{"line":19,"column":24},"end":{"line":19,"column":36}},"loc":{"start":{"line":19,"column":78},"end":{"line":124,"column":1}},"line":19},"1":{"name":"(anonymous_1)","decl":{"start":{"line":24,"column":4},"end":{"line":24,"column":5}},"loc":{"start":{"line":24,"column":10},"end":{"line":24,"column":69}},"line":24},"2":{"name":"(anonymous_2)","decl":{"start":{"line":24,"column":27},"end":{"line":24,"column":28}},"loc":{"start":{"line":24,"column":37},"end":{"line":24,"column":68}},"line":24},"3":{"name":"(anonymous_3)","decl":{"start":{"line":27,"column":17},"end":{"line":27,"column":18}},"loc":{"start":{"line":27,"column":36},"end":{"line":27,"column":70}},"line":27},"4":{"name":"update","decl":{"start":{"line":29,"column":11},"end":{"line":29,"column":17}},"loc":{"start":{"line":29,"column":47},"end":{"line":31,"column":3}},"line":29},"5":{"name":"(anonymous_5)","decl":{"start":{"line":30,"column":14},"end":{"line":30,"column":15}},"loc":{"start":{"line":30,"column":20},"end":{"line":30,"column":42}},"line":30},"6":{"name":"(anonymous_6)","decl":{"start":{"line":35,"column":16},"end":{"line":35,"column":17}},"loc":{"start":{"line":35,"column":21},"end":{"line":38,"column":7}},"line":35},"7":{"name":"(anonymous_7)","decl":{"start":{"line":41,"column":19},"end":{"line":41,"column":20}},"loc":{"start":{"line":41,"column":24},"end":{"line":114,"column":7}},"line":41},"8":{"name":"(anonymous_8)","decl":{"start":{"line":57,"column":28},"end":{"line":57,"column":29}},"loc":{"start":{"line":58,"column":20},"end":{"line":58,"column":47}},"line":58},"9":{"name":"(anonymous_9)","decl":{"start":{"line":69,"column":30},"end":{"line":69,"column":31}},"loc":{"start":{"line":70,"column":22},"end":{"line":70,"column":51}},"line":70},"10":{"name":"(anonymous_10)","decl":{"start":{"line":84,"column":28},"end":{"line":84,"column":29}},"loc":{"start":{"line":85,"column":20},"end":{"line":85,"column":47}},"line":85},"11":{"name":"(anonymous_11)","decl":{"start":{"line":92,"column":31},"end":{"line":92,"column":32}},"loc":{"start":{"line":93,"column":20},"end":{"line":95,"column":29}},"line":93},"12":{"name":"(anonymous_12)","decl":{"start":{"line":109,"column":28},"end":{"line":109,"column":29}},"loc":{"start":{"line":109,"column":72},"end":{"line":109,"column":99}},"line":109},"13":{"name":"(anonymous_13)","decl":{"start":{"line":120,"column":25},"end":{"line":120,"column":26}},"loc":{"start":{"line":120,"column":31},"end":{"line":120,"column":44}},"line":120}},"branchMap":{"0":{"loc":{"start":{"line":24,"column":38},"end":{"line":24,"column":50}},"type":"binary-expr","locations":[{"start":{"line":24,"column":38},"end":{"line":24,"column":45}},{"start":{"line":24,"column":49},"end":{"line":24,"column":50}}],"line":24},"1":{"loc":{"start":{"line":24,"column":55},"end":{"line":24,"column":67}},"type":"binary-expr","locations":[{"start":{"line":24,"column":55},"end":{"line":24,"column":62}},{"start":{"line":24,"column":66},"end":{"line":24,"column":67}}],"line":24},"2":{"loc":{"start":{"line":27,"column":36},"end":{"line":27,"column":70}},"type":"binary-expr","locations":[{"start":{"line":27,"column":36},"end":{"line":27,"column":59}},{"start":{"line":27,"column":63},"end":{"line":27,"column":70}}],"line":27},"3":{"loc":{"start":{"line":43,"column":22},"end":{"line":43,"column":36}},"type":"binary-expr","locations":[{"start":{"line":43,"column":22},"end":{"line":43,"column":30}},{"start":{"line":43,"column":34},"end":{"line":43,"column":36}}],"line":43},"4":{"loc":{"start":{"line":44,"column":28},"end":{"line":44,"column":50}},"type":"binary-expr","locations":[{"start":{"line":44,"column":28},"end":{"line":44,"column":44}},{"start":{"line":44,"column":48},"end":{"line":44,"column":50}}],"line":44},"5":{"loc":{"start":{"line":47,"column":8},"end":{"line":113,"column":9}},"type":"switch","locations":[{"start":{"line":48,"column":10},"end":{"line":62,"column":14}},{"start":{"line":63,"column":10},"end":{"line":76,"column":14}},{"start":{"line":77,"column":10},"end":{"line":100,"column":11}},{"start":{"line":101,"column":10},"end":{"line":112,"column":14}}],"line":47},"6":{"loc":{"start":{"line":53,"column":24},"end":{"line":53,"column":38}},"type":"binary-expr","locations":[{"start":{"line":53,"column":24},"end":{"line":53,"column":33}},{"start":{"line":53,"column":37},"end":{"line":53,"column":38}}],"line":53},"7":{"loc":{"start":{"line":56,"column":25},"end":{"line":56,"column":54}},"type":"binary-expr","locations":[{"start":{"line":56,"column":26},"end":{"line":56,"column":47}},{"start":{"line":56,"column":52},"end":{"line":56,"column":54}}],"line":56},"8":{"loc":{"start":{"line":78,"column":38},"end":{"line":78,"column":85}},"type":"cond-expr","locations":[{"start":{"line":78,"column":68},"end":{"line":78,"column":80}},{"start":{"line":78,"column":83},"end":{"line":78,"column":85}}],"line":78},"9":{"loc":{"start":{"line":83,"column":25},"end":{"line":83,"column":54}},"type":"binary-expr","locations":[{"start":{"line":83,"column":26},"end":{"line":83,"column":47}},{"start":{"line":83,"column":52},"end":{"line":83,"column":54}}],"line":83},"10":{"loc":{"start":{"line":108,"column":25},"end":{"line":108,"column":54}},"type":"binary-expr","locations":[{"start":{"line":108,"column":26},"end":{"line":108,"column":47}},{"start":{"line":108,"column":52},"end":{"line":108,"column":54}}],"line":108},"11":{"loc":{"start":{"line":118,"column":11},"end":{"line":118,"column":48}},"type":"cond-expr","locations":[{"start":{"line":118,"column":24},"end":{"line":118,"column":37}},{"start":{"line":118,"column":40},"end":{"line":118,"column":48}}],"line":118}},"s":{"0":27,"1":27,"2":27,"3":20,"4":7,"5":27,"6":33,"7":7,"8":7,"9":27,"10":3,"11":3,"12":33,"13":33,"14":33,"15":33,"16":33,"17":6,"18":1,"19":6,"20":2,"21":6,"22":6,"23":1,"24":15,"25":15,"26":3,"27":0},"f":{"0":27,"1":20,"2":7,"3":33,"4":7,"5":7,"6":3,"7":33,"8":1,"9":2,"10":1,"11":15,"12":3,"13":0},"b":{"0":[7,0],"1":[7,0],"2":[33,2],"3":[33,0],"4":[33,13],"5":[6,6,6,15],"6":[6,1],"7":[6,5],"8":[6,0],"9":[6,5],"10":[15,11],"11":[1,26]},"_coverageSchema":"1a1c01bbd47fc00a2c39e90264f33305004495a9","hash":"68807f019c43f38839ddf994e674e4738d88ec97"}
,"D:\\Videji i Ucenje\\portfolio-grade\\apps\\portal\\src\\components\\layout\\Layout.tsx": {"path":"D:\\Videji i Ucenje\\portfolio-grade\\apps\\portal\\src\\components\\layout\\Layout.tsx","statementMap":{"0":{"start":{"line":5,"column":2},"end":{"line":12,"column":4}}},"fnMap":{"0":{"name":"Layout","decl":{"start":{"line":4,"column":24},"end":{"line":4,"column":30}},"loc":{"start":{"line":4,"column":33},"end":{"line":13,"column":1}},"line":4}},"branchMap":{},"s":{"0":8},"f":{"0":8},"b":{},"_coverageSchema":"1a1c01bbd47fc00a2c39e90264f33305004495a9","hash":"c7f37b705c229a3e86cb0a3928f36fa03e60c2ca"}
,"D:\\Videji i Ucenje\\portfolio-grade\\apps\\portal\\src\\components\\protectedRoute\\ProtectedRoute.tsx": {"path":"D:\\Videji i Ucenje\\portfolio-grade\\apps\\portal\\src\\components\\protectedRoute\\ProtectedRoute.tsx","statementMap":{"0":{"start":{"line":6,"column":19},"end":{"line":6,"column":64}},"1":{"start":{"line":6,"column":49},"end":{"line":6,"column":63}},"2":{"start":{"line":8,"column":2},"end":{"line":10,"column":3}},"3":{"start":{"line":9,"column":4},"end":{"line":9,"column":44}},"4":{"start":{"line":11,"column":2},"end":{"line":11,"column":20}}},"fnMap":{"0":{"name":"ProtectedRoute","decl":{"start":{"line":5,"column":24},"end":{"line":5,"column":38}},"loc":{"start":{"line":5,"column":41},"end":{"line":12,"column":1}},"line":5},"1":{"name":"(anonymous_1)","decl":{"start":{"line":6,"column":31},"end":{"line":6,"column":32}},"loc":{"start":{"line":6,"column":49},"end":{"line":6,"column":63}},"line":6}},"branchMap":{"0":{"loc":{"start":{"line":8,"column":2},"end":{"line":10,"column":3}},"type":"if","locations":[{"start":{"line":8,"column":2},"end":{"line":10,"column":3}},{"start":{},"end":{}}],"line":8}},"s":{"0":9,"1":35,"2":9,"3":5,"4":4},"f":{"0":9,"1":35},"b":{"0":[5,4]},"_coverageSchema":"1a1c01bbd47fc00a2c39e90264f33305004495a9","hash":"51f52ca5ece95fb574c4b5dad0d688584e617224"}
,"D:\\Videji i Ucenje\\portfolio-grade\\apps\\portal\\src\\pages\\dashboard\\PortalDashboard.tsx": {"path":"D:\\Videji i Ucenje\\portfolio-grade\\apps\\portal\\src\\pages\\dashboard\\PortalDashboard.tsx","statementMap":{"0":{"start":{"line":5,"column":2},"end":{"line":36,"column":4}}},"fnMap":{"0":{"name":"PortalDashboard","decl":{"start":{"line":4,"column":24},"end":{"line":4,"column":39}},"loc":{"start":{"line":4,"column":42},"end":{"line":37,"column":1}},"line":4}},"branchMap":{},"s":{"0":18},"f":{"0":18},"b":{},"_coverageSchema":"1a1c01bbd47fc00a2c39e90264f33305004495a9","hash":"55f2f0b6f9ebc00ffba83789ef432acc6769127e"}
}
