TN:
SF:src\main.tsx
FNF:0
FNH:0
DA:17,1
DA:19,1
LF:2
LH:2
BRF:0
BRH:0
end_of_record
TN:
SF:src\components\common\Modal.tsx
FN:11,Modal
FN:41,(anonymous_1)
FNF:2
FNH:2
FNDA:15,Modal
FNDA:3,(anonymous_1)
DA:12,15
DA:14,14
DA:41,3
LF:3
LH:3
BRDA:12,0,0,1
BRDA:12,0,1,14
BRDA:69,1,0,14
BRDA:69,1,1,2
BRF:4
BRH:4
end_of_record
TN:
SF:src\components\formRenderer\FormRenderer.tsx
FN:19,FormRenderer
FN:24,(anonymous_1)
FN:24,(anonymous_2)
FN:27,(anonymous_3)
FN:29,update
FN:30,(anonymous_5)
FN:35,(anonymous_6)
FN:41,(anonymous_7)
FN:57,(anonymous_8)
FN:69,(anonymous_9)
FN:84,(anonymous_10)
FN:92,(anonymous_11)
FN:109,(anonymous_12)
FN:120,(anonymous_13)
FNF:14
FNH:13
FNDA:27,FormRenderer
FNDA:20,(anonymous_1)
FNDA:7,(anonymous_2)
FNDA:33,(anonymous_3)
FNDA:7,update
FNDA:7,(anonymous_5)
FNDA:3,(anonymous_6)
FNDA:33,(anonymous_7)
FNDA:1,(anonymous_8)
FNDA:2,(anonymous_9)
FNDA:1,(anonymous_10)
FNDA:15,(anonymous_11)
FNDA:3,(anonymous_12)
FNDA:0,(anonymous_13)
DA:20,27
DA:21,27
DA:23,27
DA:24,20
DA:27,33
DA:30,7
DA:33,27
DA:36,3
DA:37,3
DA:42,33
DA:43,33
DA:44,33
DA:45,33
DA:47,33
DA:49,6
DA:58,1
DA:64,6
DA:70,2
DA:78,6
DA:79,6
DA:85,1
DA:93,15
DA:102,15
DA:109,3
DA:120,0
LF:25
LH:24
BRDA:24,0,0,7
BRDA:24,0,1,0
BRDA:24,1,0,7
BRDA:24,1,1,0
BRDA:27,2,0,33
BRDA:27,2,1,2
BRDA:43,3,0,33
BRDA:43,3,1,0
BRDA:44,4,0,33
BRDA:44,4,1,13
BRDA:47,5,0,6
BRDA:47,5,1,6
BRDA:47,5,2,6
BRDA:47,5,3,15
BRDA:53,6,0,6
BRDA:53,6,1,1
BRDA:56,7,0,6
BRDA:56,7,1,5
BRDA:78,8,0,6
BRDA:78,8,1,0
BRDA:83,9,0,6
BRDA:83,9,1,5
BRDA:108,10,0,15
BRDA:108,10,1,11
BRDA:118,11,0,1
BRDA:118,11,1,26
BRF:26
BRH:22
end_of_record
TN:
SF:src\components\layout\Layout.tsx
FN:4,Layout
FNF:1
FNH:1
FNDA:8,Layout
DA:5,8
LF:1
LH:1
BRF:0
BRH:0
end_of_record
TN:
SF:src\components\protectedRoute\ProtectedRoute.tsx
FN:5,ProtectedRoute
FN:6,(anonymous_1)
FNF:2
FNH:2
FNDA:9,ProtectedRoute
FNDA:35,(anonymous_1)
DA:6,35
DA:8,9
DA:9,5
DA:11,4
LF:4
LH:4
BRDA:8,0,0,5
BRDA:8,0,1,4
BRF:2
BRH:2
end_of_record
TN:
SF:src\pages\dashboard\PortalDashboard.tsx
FN:4,PortalDashboard
FNF:1
FNH:1
FNDA:18,PortalDashboard
DA:5,18
LF:1
LH:1
BRF:0
BRH:0
end_of_record
