<?xml version="1.0" encoding="UTF-8"?>
<coverage generated="1760037035433" clover="3.2.0">
  <project timestamp="1760037035434" name="All files">
    <metrics statements="1244" coveredstatements="1222" conditionals="424" coveredconditionals="390" methods="227" coveredmethods="211" elements="1895" coveredelements="1823" complexity="0" loc="1244" ncloc="1244" packages="31" files="72" classes="72"/>
    <package name="app">
      <metrics statements="14" coveredstatements="14" conditionals="0" coveredconditionals="0" methods="0" coveredmethods="0"/>
      <file name="app.module.ts" path="D:\Videji i Ucenje\portfolio-grade\apps\api\src\app\app.module.ts">
        <metrics statements="14" coveredstatements="14" conditionals="0" coveredconditionals="0" methods="0" coveredmethods="0"/>
        <line num="1" count="1" type="stmt"/>
        <line num="2" count="1" type="stmt"/>
        <line num="3" count="1" type="stmt"/>
        <line num="4" count="1" type="stmt"/>
        <line num="5" count="1" type="stmt"/>
        <line num="6" count="1" type="stmt"/>
        <line num="7" count="1" type="stmt"/>
        <line num="8" count="1" type="stmt"/>
        <line num="9" count="1" type="stmt"/>
        <line num="10" count="1" type="stmt"/>
        <line num="11" count="1" type="stmt"/>
        <line num="12" count="1" type="stmt"/>
        <line num="13" count="1" type="stmt"/>
        <line num="32" count="1" type="stmt"/>
      </file>
    </package>
    <package name="common.cache">
      <metrics statements="24" coveredstatements="24" conditionals="21" coveredconditionals="18" methods="8" coveredmethods="8"/>
      <file name="cache.interceptor.ts" path="D:\Videji i Ucenje\portfolio-grade\apps\api\src\common\cache\cache.interceptor.ts">
        <metrics statements="24" coveredstatements="24" conditionals="21" coveredconditionals="18" methods="8" coveredmethods="8"/>
        <line num="1" count="12" type="stmt"/>
        <line num="2" count="12" type="stmt"/>
        <line num="3" count="12" type="stmt"/>
        <line num="4" count="12" type="stmt"/>
        <line num="7" count="10" type="cond" truecount="1" falsecount="1"/>
        <line num="8" count="21" type="cond" truecount="3" falsecount="0"/>
        <line num="10" count="11" type="cond" truecount="3" falsecount="1"/>
        <line num="11" count="10" type="stmt"/>
        <line num="15" count="12" type="stmt"/>
        <line num="16" count="124" type="cond" truecount="2" falsecount="0"/>
        <line num="18" count="124" type="stmt"/>
        <line num="21" count="13" type="stmt"/>
        <line num="22" count="13" type="cond" truecount="2" falsecount="0"/>
        <line num="24" count="12" type="stmt"/>
        <line num="25" count="12" type="cond" truecount="2" falsecount="0"/>
        <line num="27" count="11" type="stmt"/>
        <line num="28" count="11" type="cond" truecount="2" falsecount="0"/>
        <line num="30" count="10" type="cond" truecount="1" falsecount="1"/>
        <line num="31" count="10" type="stmt"/>
        <line num="32" count="10" type="stmt"/>
        <line num="34" count="10" type="stmt"/>
        <line num="36" count="9" type="cond" truecount="2" falsecount="0"/>
        <line num="37" count="8" type="stmt"/>
        <line num="39" count="8" type="stmt"/>
      </file>
    </package>
    <package name="common.constants">
      <metrics statements="1" coveredstatements="1" conditionals="2" coveredconditionals="1" methods="0" coveredmethods="0"/>
      <file name="tenancy.ts" path="D:\Videji i Ucenje\portfolio-grade\apps\api\src\common\constants\tenancy.ts">
        <metrics statements="1" coveredstatements="1" conditionals="2" coveredconditionals="1" methods="0" coveredmethods="0"/>
        <line num="1" count="24" type="cond" truecount="1" falsecount="1"/>
      </file>
    </package>
    <package name="common.decorators">
      <metrics statements="11" coveredstatements="9" conditionals="2" coveredconditionals="0" methods="3" coveredmethods="2"/>
      <file name="org.decorator.ts" path="D:\Videji i Ucenje\portfolio-grade\apps\api\src\common\decorators\org.decorator.ts">
        <metrics statements="5" coveredstatements="3" conditionals="2" coveredconditionals="0" methods="1" coveredmethods="0"/>
        <line num="1" count="23" type="stmt"/>
        <line num="2" count="23" type="stmt"/>
        <line num="4" count="23" type="stmt"/>
        <line num="5" count="0" type="stmt"/>
        <line num="6" count="0" type="cond" truecount="0" falsecount="2"/>
      </file>
      <file name="rate-limit.decorator.ts" path="D:\Videji i Ucenje\portfolio-grade\apps\api\src\common\decorators\rate-limit.decorator.ts">
        <metrics statements="3" coveredstatements="3" conditionals="0" coveredconditionals="0" methods="1" coveredmethods="1"/>
        <line num="1" count="20" type="stmt"/>
        <line num="9" count="20" type="stmt"/>
        <line num="10" count="106" type="stmt"/>
      </file>
      <file name="roles.decorator.ts" path="D:\Videji i Ucenje\portfolio-grade\apps\api\src\common\decorators\roles.decorator.ts">
        <metrics statements="3" coveredstatements="3" conditionals="0" coveredconditionals="0" methods="1" coveredmethods="1"/>
        <line num="1" count="26" type="stmt"/>
        <line num="5" count="26" type="stmt"/>
        <line num="6" count="143" type="stmt"/>
      </file>
    </package>
    <package name="common.guards">
      <metrics statements="93" coveredstatements="93" conditionals="60" coveredconditionals="57" methods="13" coveredmethods="13"/>
      <file name="jwt-auth.guard.ts" path="D:\Videji i Ucenje\portfolio-grade\apps\api\src\common\guards\jwt-auth.guard.ts">
        <metrics statements="3" coveredstatements="3" conditionals="0" coveredconditionals="0" methods="0" coveredmethods="0"/>
        <line num="1" count="25" type="stmt"/>
        <line num="2" count="25" type="stmt"/>
        <line num="5" count="25" type="stmt"/>
      </file>
      <file name="org-admin-only.guard.ts" path="D:\Videji i Ucenje\portfolio-grade\apps\api\src\common\guards\org-admin-only.guard.ts">
        <metrics statements="20" coveredstatements="20" conditionals="10" coveredconditionals="10" methods="4" coveredmethods="4"/>
        <line num="1" count="4" type="stmt"/>
        <line num="8" count="4" type="stmt"/>
        <line num="9" count="4" type="stmt"/>
        <line num="10" count="4" type="stmt"/>
        <line num="13" count="4" type="stmt"/>
        <line num="16" count="4" type="stmt"/>
        <line num="17" count="38" type="stmt"/>
        <line num="20" count="13" type="stmt"/>
        <line num="24" count="13" type="cond" truecount="4" falsecount="0"/>
        <line num="26" count="11" type="stmt"/>
        <line num="27" count="11" type="stmt"/>
        <line num="28" count="11" type="cond" truecount="2" falsecount="0"/>
        <line num="31" count="10" type="stmt"/>
        <line num="36" count="9" type="cond" truecount="2" falsecount="0"/>
        <line num="37" count="1" type="stmt"/>
        <line num="41" count="9" type="stmt"/>
        <line num="42" count="8" type="stmt"/>
        <line num="43" count="8" type="stmt"/>
        <line num="46" count="8" type="cond" truecount="2" falsecount="0"/>
        <line num="48" count="6" type="stmt"/>
      </file>
      <file name="rate-limit.guard.ts" path="D:\Videji i Ucenje\portfolio-grade\apps\api\src\common\guards\rate-limit.guard.ts">
        <metrics statements="38" coveredstatements="38" conditionals="34" coveredconditionals="32" methods="5" coveredmethods="5"/>
        <line num="1" count="19" type="stmt"/>
        <line num="8" count="19" type="stmt"/>
        <line num="9" count="19" type="stmt"/>
        <line num="10" count="19" type="stmt"/>
        <line num="14" count="19" type="stmt"/>
        <line num="15" count="241" type="stmt"/>
        <line num="18" count="12" type="stmt"/>
        <line num="19" count="12" type="stmt"/>
        <line num="21" count="12" type="cond" truecount="3" falsecount="0"/>
        <line num="28" count="12" type="cond" truecount="3" falsecount="0"/>
        <line num="29" count="12" type="cond" truecount="2" falsecount="0"/>
        <line num="31" count="12" type="cond" truecount="3" falsecount="0"/>
        <line num="33" count="12" type="cond" truecount="4" falsecount="0"/>
        <line num="35" count="12" type="stmt"/>
        <line num="37" count="12" type="cond" truecount="2" falsecount="0"/>
        <line num="38" count="10" type="stmt"/>
        <line num="39" count="10" type="stmt"/>
        <line num="42" count="9" type="stmt"/>
        <line num="46" count="12" type="cond" truecount="2" falsecount="0"/>
        <line num="47" count="10" type="stmt"/>
        <line num="48" count="10" type="stmt"/>
        <line num="51" count="9" type="stmt"/>
        <line num="55" count="12" type="cond" truecount="2" falsecount="0"/>
        <line num="56" count="2" type="stmt"/>
        <line num="57" count="2" type="stmt"/>
        <line num="60" count="2" type="stmt"/>
        <line num="64" count="12" type="stmt"/>
        <line num="67" count="11" type="stmt"/>
        <line num="68" count="11" type="stmt"/>
        <line num="69" count="11" type="stmt"/>
        <line num="70" count="20" type="cond" truecount="4" falsecount="1"/>
        <line num="71" count="20" type="cond" truecount="4" falsecount="0"/>
        <line num="74" count="11" type="cond" truecount="1" falsecount="1"/>
        <line num="75" count="11" type="stmt"/>
        <line num="76" count="11" type="stmt"/>
        <line num="77" count="11" type="stmt"/>
        <line num="80" count="11" type="cond" truecount="2" falsecount="0"/>
        <line num="81" count="9" type="stmt"/>
      </file>
      <file name="roles.guard.ts" path="D:\Videji i Ucenje\portfolio-grade\apps\api\src\common\guards\roles.guard.ts">
        <metrics statements="23" coveredstatements="23" conditionals="14" coveredconditionals="13" methods="3" coveredmethods="3"/>
        <line num="1" count="22" type="stmt"/>
        <line num="8" count="22" type="stmt"/>
        <line num="9" count="22" type="stmt"/>
        <line num="10" count="22" type="stmt"/>
        <line num="12" count="22" type="stmt"/>
        <line num="14" count="22" type="cond" truecount="1" falsecount="1"/>
        <line num="17" count="22" type="stmt"/>
        <line num="18" count="221" type="stmt"/>
        <line num="21" count="16" type="stmt"/>
        <line num="25" count="16" type="cond" truecount="4" falsecount="0"/>
        <line num="27" count="14" type="stmt"/>
        <line num="28" count="14" type="stmt"/>
        <line num="29" count="14" type="cond" truecount="2" falsecount="0"/>
        <line num="31" count="13" type="stmt"/>
        <line num="32" count="13" type="cond" truecount="2" falsecount="0"/>
        <line num="35" count="12" type="stmt"/>
        <line num="40" count="11" type="cond" truecount="2" falsecount="0"/>
        <line num="41" count="1" type="stmt"/>
        <line num="45" count="11" type="stmt"/>
        <line num="46" count="10" type="stmt"/>
        <line num="47" count="10" type="stmt"/>
        <line num="49" count="10" type="cond" truecount="2" falsecount="0"/>
        <line num="50" count="8" type="stmt"/>
      </file>
      <file name="tenant.guard.ts" path="D:\Videji i Ucenje\portfolio-grade\apps\api\src\common\guards\tenant.guard.ts">
        <metrics statements="9" coveredstatements="9" conditionals="2" coveredconditionals="2" methods="1" coveredmethods="1"/>
        <line num="1" count="23" type="stmt"/>
        <line num="2" count="23" type="stmt"/>
        <line num="5" count="23" type="stmt"/>
        <line num="7" count="19" type="stmt"/>
        <line num="8" count="19" type="stmt"/>
        <line num="10" count="18" type="cond" truecount="2" falsecount="0"/>
        <line num="11" count="6" type="stmt"/>
        <line num="15" count="12" type="stmt"/>
        <line num="16" count="12" type="stmt"/>
      </file>
    </package>
    <package name="common.http.idempotency">
      <metrics statements="29" coveredstatements="29" conditionals="20" coveredconditionals="20" methods="6" coveredmethods="6"/>
      <file name="idempotency.interceptor.ts" path="D:\Videji i Ucenje\portfolio-grade\apps\api\src\common\http\idempotency\idempotency.interceptor.ts">
        <metrics statements="29" coveredstatements="29" conditionals="20" coveredconditionals="20" methods="6" coveredmethods="6"/>
        <line num="1" count="21" type="stmt"/>
        <line num="8" count="21" type="stmt"/>
        <line num="9" count="21" type="stmt"/>
        <line num="10" count="21" type="stmt"/>
        <line num="13" count="16" type="cond" truecount="4" falsecount="0"/>
        <line num="14" count="16" type="stmt"/>
        <line num="18" count="21" type="stmt"/>
        <line num="19" count="287" type="stmt"/>
        <line num="22" count="19" type="stmt"/>
        <line num="23" count="19" type="stmt"/>
        <line num="25" count="19" type="cond" truecount="2" falsecount="0"/>
        <line num="26" count="1" type="stmt"/>
        <line num="29" count="18" type="stmt"/>
        <line num="30" count="18" type="stmt"/>
        <line num="31" count="18" type="cond" truecount="4" falsecount="0"/>
        <line num="32" count="2" type="stmt"/>
        <line num="36" count="16" type="cond" truecount="4" falsecount="0"/>
        <line num="37" count="16" type="stmt"/>
        <line num="39" count="16" type="stmt"/>
        <line num="46" count="15" type="cond" truecount="2" falsecount="0"/>
        <line num="47" count="2" type="cond" truecount="4" falsecount="0"/>
        <line num="48" count="1" type="stmt"/>
        <line num="49" count="1" type="stmt"/>
        <line num="51" count="1" type="stmt"/>
        <line num="56" count="13" type="stmt"/>
        <line num="63" count="12" type="stmt"/>
        <line num="65" count="12" type="stmt"/>
        <line num="66" count="12" type="stmt"/>
        <line num="70" count="11" type="stmt"/>
      </file>
    </package>
    <package name="infra">
      <metrics statements="10" coveredstatements="10" conditionals="0" coveredconditionals="0" methods="0" coveredmethods="0"/>
      <file name="infra.module.ts" path="D:\Videji i Ucenje\portfolio-grade\apps\api\src\infra\infra.module.ts">
        <metrics statements="10" coveredstatements="10" conditionals="0" coveredconditionals="0" methods="0" coveredmethods="0"/>
        <line num="1" count="13" type="stmt"/>
        <line num="2" count="13" type="stmt"/>
        <line num="3" count="13" type="stmt"/>
        <line num="4" count="13" type="stmt"/>
        <line num="5" count="13" type="stmt"/>
        <line num="6" count="13" type="stmt"/>
        <line num="7" count="13" type="stmt"/>
        <line num="8" count="13" type="stmt"/>
        <line num="9" count="13" type="stmt"/>
        <line num="32" count="13" type="stmt"/>
      </file>
    </package>
    <package name="infra.jobs">
      <metrics statements="2" coveredstatements="2" conditionals="0" coveredconditionals="0" methods="0" coveredmethods="0"/>
      <file name="types.ts" path="D:\Videji i Ucenje\portfolio-grade\apps\api\src\infra\jobs\types.ts">
        <metrics statements="2" coveredstatements="2" conditionals="0" coveredconditionals="0" methods="0" coveredmethods="0"/>
        <line num="1" count="19" type="stmt"/>
        <line num="2" count="19" type="stmt"/>
      </file>
    </package>
    <package name="infra.jobs.processors">
      <metrics statements="42" coveredstatements="38" conditionals="8" coveredconditionals="8" methods="12" coveredmethods="10"/>
      <file name="post-preview.processor.ts" path="D:\Videji i Ucenje\portfolio-grade\apps\api\src\infra\jobs\processors\post-preview.processor.ts">
        <metrics statements="17" coveredstatements="15" conditionals="4" coveredconditionals="4" methods="5" coveredmethods="4"/>
        <line num="1" count="18" type="stmt"/>
        <line num="2" count="18" type="stmt"/>
        <line num="3" count="18" type="stmt"/>
        <line num="4" count="18" type="stmt"/>
        <line num="8" count="18" type="stmt"/>
        <line num="9" count="72" type="stmt"/>
        <line num="11" count="72" type="stmt"/>
        <line num="14" count="2" type="stmt"/>
        <line num="17" count="0" type="stmt"/>
        <line num="18" count="0" type="stmt"/>
        <line num="22" count="2" type="cond" truecount="2" falsecount="0"/>
        <line num="26" count="2" type="stmt"/>
        <line num="31" count="5" type="stmt"/>
        <line num="32" count="4" type="cond" truecount="2" falsecount="0"/>
        <line num="34" count="2" type="stmt"/>
        <line num="37" count="2" type="stmt"/>
        <line num="41" count="1" type="stmt"/>
      </file>
      <file name="tag-stats.processor.ts" path="D:\Videji i Ucenje\portfolio-grade\apps\api\src\infra\jobs\processors\tag-stats.processor.ts">
        <metrics statements="25" coveredstatements="23" conditionals="4" coveredconditionals="4" methods="7" coveredmethods="6"/>
        <line num="1" count="16" type="stmt"/>
        <line num="2" count="16" type="stmt"/>
        <line num="3" count="16" type="stmt"/>
        <line num="4" count="16" type="stmt"/>
        <line num="8" count="16" type="stmt"/>
        <line num="9" count="80" type="stmt"/>
        <line num="11" count="80" type="stmt"/>
        <line num="14" count="2" type="stmt"/>
        <line num="17" count="0" type="stmt"/>
        <line num="18" count="0" type="stmt"/>
        <line num="22" count="2" type="cond" truecount="2" falsecount="0"/>
        <line num="23" count="1" type="stmt"/>
        <line num="24" count="1" type="stmt"/>
        <line num="28" count="1" type="stmt"/>
        <line num="39" count="2" type="stmt"/>
        <line num="44" count="3" type="cond" truecount="2" falsecount="0"/>
        <line num="45" count="1" type="stmt"/>
        <line num="46" count="1" type="stmt"/>
        <line num="47" count="2" type="stmt"/>
        <line num="50" count="2" type="stmt"/>
        <line num="55" count="7" type="stmt"/>
        <line num="62" count="6" type="stmt"/>
        <line num="63" count="5" type="stmt"/>
        <line num="64" count="6" type="stmt"/>
        <line num="72" count="5" type="stmt"/>
      </file>
    </package>
    <package name="infra.services">
      <metrics statements="213" coveredstatements="206" conditionals="80" coveredconditionals="80" methods="45" coveredmethods="37"/>
      <file name="dispatcher.service.ts" path="D:\Videji i Ucenje\portfolio-grade\apps\api\src\infra\services\dispatcher.service.ts">
        <metrics statements="64" coveredstatements="64" conditionals="29" coveredconditionals="29" methods="7" coveredmethods="6"/>
        <line num="1" count="14" type="stmt"/>
        <line num="2" count="14" type="stmt"/>
        <line num="5" count="14" type="stmt"/>
        <line num="6" count="112" type="stmt"/>
        <line num="8" count="112" type="cond" truecount="2" falsecount="0"/>
        <line num="10" count="112" type="stmt"/>
        <line num="14" count="6" type="stmt"/>
        <line num="15" count="6" type="stmt"/>
        <line num="19" count="72" type="cond" truecount="2" falsecount="0"/>
        <line num="23" count="9" type="stmt"/>
        <line num="24" count="8" type="stmt"/>
        <line num="25" count="6" type="stmt"/>
        <line num="26" count="6" type="cond" truecount="2" falsecount="0"/>
        <line num="27" count="5" type="stmt"/>
        <line num="28" count="5" type="stmt"/>
        <line num="29" count="4" type="stmt"/>
        <line num="31" count="1" type="stmt"/>
        <line num="32" count="1" type="stmt"/>
        <line num="39" count="27" type="cond" truecount="23" falsecount="0"/>
        <line num="42" count="3" type="stmt"/>
        <line num="43" count="3" type="stmt"/>
        <line num="45" count="1" type="stmt"/>
        <line num="46" count="1" type="stmt"/>
        <line num="48" count="1" type="stmt"/>
        <line num="49" count="1" type="stmt"/>
        <line num="51" count="1" type="stmt"/>
        <line num="52" count="1" type="stmt"/>
        <line num="54" count="1" type="stmt"/>
        <line num="55" count="1" type="stmt"/>
        <line num="57" count="1" type="stmt"/>
        <line num="58" count="1" type="stmt"/>
        <line num="60" count="2" type="stmt"/>
        <line num="61" count="2" type="stmt"/>
        <line num="63" count="1" type="stmt"/>
        <line num="64" count="1" type="stmt"/>
        <line num="66" count="1" type="stmt"/>
        <line num="67" count="1" type="stmt"/>
        <line num="69" count="1" type="stmt"/>
        <line num="70" count="1" type="stmt"/>
        <line num="72" count="1" type="stmt"/>
        <line num="73" count="1" type="stmt"/>
        <line num="75" count="1" type="stmt"/>
        <line num="76" count="1" type="stmt"/>
        <line num="78" count="1" type="stmt"/>
        <line num="79" count="1" type="stmt"/>
        <line num="81" count="1" type="stmt"/>
        <line num="82" count="1" type="stmt"/>
        <line num="84" count="1" type="stmt"/>
        <line num="85" count="1" type="stmt"/>
        <line num="87" count="1" type="stmt"/>
        <line num="88" count="1" type="stmt"/>
        <line num="90" count="1" type="stmt"/>
        <line num="91" count="1" type="stmt"/>
        <line num="93" count="1" type="stmt"/>
        <line num="94" count="1" type="stmt"/>
        <line num="96" count="1" type="stmt"/>
        <line num="97" count="1" type="stmt"/>
        <line num="99" count="1" type="stmt"/>
        <line num="100" count="1" type="stmt"/>
        <line num="102" count="1" type="stmt"/>
        <line num="103" count="1" type="stmt"/>
        <line num="105" count="1" type="stmt"/>
        <line num="106" count="1" type="stmt"/>
        <line num="109" count="2" type="stmt"/>
      </file>
      <file name="outbox.service.ts" path="D:\Videji i Ucenje\portfolio-grade\apps\api\src\infra\services\outbox.service.ts">
        <metrics statements="17" coveredstatements="17" conditionals="6" coveredconditionals="6" methods="8" coveredmethods="8"/>
        <line num="1" count="32" type="stmt"/>
        <line num="2" count="32" type="stmt"/>
        <line num="5" count="32" type="stmt"/>
        <line num="6" count="55" type="stmt"/>
        <line num="8" count="55" type="stmt"/>
        <line num="11" count="4" type="stmt"/>
        <line num="19" count="6" type="stmt"/>
        <line num="20" count="6" type="stmt"/>
        <line num="26" count="6" type="cond" truecount="2" falsecount="0"/>
        <line num="27" count="3" type="stmt"/>
        <line num="28" count="6" type="stmt"/>
        <line num="31" count="3" type="stmt"/>
        <line num="33" count="6" type="cond" truecount="2" falsecount="0"/>
        <line num="34" count="6" type="stmt"/>
        <line num="38" count="3" type="stmt"/>
        <line num="42" count="3" type="stmt"/>
        <line num="46" count="3" type="stmt"/>
      </file>
      <file name="prisma.service.ts" path="D:\Videji i Ucenje\portfolio-grade\apps\api\src\infra\services\prisma.service.ts">
        <metrics statements="5" coveredstatements="5" conditionals="0" coveredconditionals="0" methods="2" coveredmethods="2"/>
        <line num="1" count="44" type="stmt"/>
        <line num="2" count="44" type="stmt"/>
        <line num="5" count="44" type="stmt"/>
        <line num="7" count="13" type="stmt"/>
        <line num="10" count="69" type="stmt"/>
      </file>
      <file name="queue.service.ts" path="D:\Videji i Ucenje\portfolio-grade\apps\api\src\infra\services\queue.service.ts">
        <metrics statements="47" coveredstatements="41" conditionals="19" coveredconditionals="19" methods="10" coveredmethods="6"/>
        <line num="1" count="20" type="stmt"/>
        <line num="2" count="20" type="stmt"/>
        <line num="3" count="20" type="stmt"/>
        <line num="9" count="20" type="stmt"/>
        <line num="10" count="107" type="stmt"/>
        <line num="11" count="107" type="stmt"/>
        <line num="12" count="107" type="stmt"/>
        <line num="13" count="107" type="stmt"/>
        <line num="16" count="107" type="cond" truecount="2" falsecount="0"/>
        <line num="19" count="107" type="cond" truecount="2" falsecount="0"/>
        <line num="20" count="1" type="stmt"/>
        <line num="21" count="1" type="stmt"/>
        <line num="22" count="1" type="stmt"/>
        <line num="24" count="106" type="stmt"/>
        <line num="25" count="106" type="stmt"/>
        <line num="31" count="106" type="stmt"/>
        <line num="32" count="0" type="stmt"/>
        <line num="36" count="106" type="stmt"/>
        <line num="37" count="36" type="stmt"/>
        <line num="39" count="0" type="stmt"/>
        <line num="40" count="0" type="stmt"/>
        <line num="44" count="0" type="stmt"/>
        <line num="45" count="0" type="stmt"/>
        <line num="50" count="14" type="cond" truecount="2" falsecount="0"/>
        <line num="51" count="11" type="cond" truecount="2" falsecount="0"/>
        <line num="52" count="9" type="stmt"/>
        <line num="53" count="9" type="stmt"/>
        <line num="55" count="9" type="stmt"/>
        <line num="56" count="0" type="stmt"/>
        <line num="59" count="11" type="stmt"/>
        <line num="63" count="11" type="cond" truecount="2" falsecount="0"/>
        <line num="64" count="10" type="cond" truecount="2" falsecount="0"/>
        <line num="65" count="9" type="stmt"/>
        <line num="69" count="9" type="stmt"/>
        <line num="70" count="9" type="stmt"/>
        <line num="71" count="9" type="stmt"/>
        <line num="72" count="9" type="stmt"/>
        <line num="76" count="5" type="stmt"/>
        <line num="77" count="5" type="cond" truecount="2" falsecount="0"/>
        <line num="78" count="1" type="stmt"/>
        <line num="81" count="1" type="stmt"/>
        <line num="83" count="4" type="stmt"/>
        <line num="93" count="7" type="stmt"/>
        <line num="94" count="7" type="cond" truecount="2" falsecount="0"/>
        <line num="95" count="1" type="stmt"/>
        <line num="96" count="1" type="stmt"/>
        <line num="98" count="6" type="stmt"/>
      </file>
      <file name="rate-limit.service.ts" path="D:\Videji i Ucenje\portfolio-grade\apps\api\src\infra\services\rate-limit.service.ts">
        <metrics statements="35" coveredstatements="35" conditionals="14" coveredconditionals="14" methods="2" coveredmethods="2"/>
        <line num="1" count="25" type="stmt"/>
        <line num="2" count="25" type="stmt"/>
        <line num="7" count="25" type="stmt"/>
        <line num="8" count="97" type="stmt"/>
        <line num="9" count="97" type="stmt"/>
        <line num="11" count="97" type="stmt"/>
        <line num="14" count="40" type="cond" truecount="2" falsecount="0"/>
        <line num="16" count="38" type="stmt"/>
        <line num="18" count="38" type="cond" truecount="2" falsecount="0"/>
        <line num="19" count="11" type="stmt"/>
        <line num="20" count="11" type="stmt"/>
        <line num="21" count="11" type="stmt"/>
        <line num="23" count="11" type="stmt"/>
        <line num="24" count="11" type="stmt"/>
        <line num="25" count="11" type="stmt"/>
        <line num="26" count="11" type="stmt"/>
        <line num="28" count="10" type="cond" truecount="4" falsecount="0"/>
        <line num="30" count="1" type="stmt"/>
        <line num="33" count="9" type="stmt"/>
        <line num="34" count="9" type="cond" truecount="2" falsecount="0"/>
        <line num="36" count="9" type="stmt"/>
        <line num="37" count="9" type="stmt"/>
        <line num="38" count="9" type="stmt"/>
        <line num="41" count="2" type="stmt"/>
        <line num="46" count="29" type="stmt"/>
        <line num="47" count="29" type="stmt"/>
        <line num="48" count="29" type="stmt"/>
        <line num="50" count="29" type="cond" truecount="4" falsecount="0"/>
        <line num="51" count="17" type="stmt"/>
        <line num="52" count="17" type="stmt"/>
        <line num="55" count="12" type="stmt"/>
        <line num="56" count="12" type="stmt"/>
        <line num="57" count="12" type="stmt"/>
        <line num="58" count="12" type="stmt"/>
        <line num="59" count="12" type="stmt"/>
      </file>
      <file name="redis.service.ts" path="D:\Videji i Ucenje\portfolio-grade\apps\api\src\infra\services\redis.service.ts">
        <metrics statements="45" coveredstatements="44" conditionals="12" coveredconditionals="12" methods="16" coveredmethods="13"/>
        <line num="1" count="28" type="stmt"/>
        <line num="2" count="28" type="stmt"/>
        <line num="3" count="28" type="stmt"/>
        <line num="6" count="28" type="stmt"/>
        <line num="8" count="92" type="stmt"/>
        <line num="11" count="92" type="cond" truecount="2" falsecount="0"/>
        <line num="13" count="92" type="cond" truecount="2" falsecount="0"/>
        <line num="14" count="30" type="stmt"/>
        <line num="15" count="30" type="stmt"/>
        <line num="17" count="62" type="stmt"/>
        <line num="23" count="62" type="stmt"/>
        <line num="24" count="62" type="stmt"/>
        <line num="25" count="62" type="stmt"/>
        <line num="28" count="62" type="stmt"/>
        <line num="29" count="1" type="stmt"/>
        <line num="30" count="1" type="stmt"/>
        <line num="36" count="39" type="stmt"/>
        <line num="40" count="6" type="stmt"/>
        <line num="41" count="6" type="stmt"/>
        <line num="42" count="5" type="cond" truecount="2" falsecount="0"/>
        <line num="44" count="3" type="stmt"/>
        <line num="45" count="3" type="stmt"/>
        <line num="50" count="5" type="stmt"/>
        <line num="51" count="5" type="stmt"/>
        <line num="53" count="2" type="stmt"/>
        <line num="58" count="4" type="stmt"/>
        <line num="59" count="4" type="stmt"/>
        <line num="61" count="1" type="stmt"/>
        <line num="66" count="6" type="stmt"/>
        <line num="67" count="6" type="stmt"/>
        <line num="68" count="6" type="cond" truecount="2" falsecount="0"/>
        <line num="70" count="2" type="stmt"/>
        <line num="71" count="2" type="cond" truecount="2" falsecount="0"/>
        <line num="72" count="2" type="stmt"/>
        <line num="74" count="4" type="stmt"/>
        <line num="75" count="4" type="cond" truecount="2" falsecount="0"/>
        <line num="76" count="4" type="stmt"/>
        <line num="77" count="6" type="stmt"/>
        <line num="78" count="4" type="stmt"/>
        <line num="79" count="3" type="stmt"/>
        <line num="80" count="3" type="stmt"/>
        <line num="82" count="4" type="stmt"/>
        <line num="85" count="0" type="stmt"/>
        <line num="90" count="90" type="stmt"/>
        <line num="91" count="90" type="stmt"/>
      </file>
    </package>
    <package name="modules.admin-jobs">
      <metrics statements="36" coveredstatements="36" conditionals="4" coveredconditionals="4" methods="4" coveredmethods="4"/>
      <file name="admin-jobs.controller.ts" path="D:\Videji i Ucenje\portfolio-grade\apps\api\src\modules\admin-jobs\admin-jobs.controller.ts">
        <metrics statements="32" coveredstatements="32" conditionals="4" coveredconditionals="4" methods="4" coveredmethods="4"/>
        <line num="1" count="4" type="stmt"/>
        <line num="2" count="4" type="stmt"/>
        <line num="3" count="4" type="stmt"/>
        <line num="4" count="4" type="stmt"/>
        <line num="6" count="4" type="stmt"/>
        <line num="7" count="4" type="stmt"/>
        <line num="8" count="4" type="stmt"/>
        <line num="9" count="4" type="stmt"/>
        <line num="10" count="4" type="stmt"/>
        <line num="11" count="4" type="stmt"/>
        <line num="12" count="4" type="stmt"/>
        <line num="13" count="4" type="stmt"/>
        <line num="14" count="4" type="stmt"/>
        <line num="20" count="4" type="stmt"/>
        <line num="22" count="20" type="stmt"/>
        <line num="23" count="20" type="stmt"/>
        <line num="24" count="20" type="stmt"/>
        <line num="56" count="4" type="stmt"/>
        <line num="57" count="3" type="stmt"/>
        <line num="86" count="4" type="stmt"/>
        <line num="87" count="3" type="stmt"/>
        <line num="88" count="2" type="stmt"/>
        <line num="125" count="4" type="stmt"/>
        <line num="127" count="6" type="stmt"/>
        <line num="130" count="6" type="cond" truecount="2" falsecount="0"/>
        <line num="132" count="4" type="stmt"/>
        <line num="135" count="4" type="cond" truecount="2" falsecount="0"/>
        <line num="136" count="1" type="stmt"/>
        <line num="139" count="3" type="stmt"/>
        <line num="142" count="3" type="stmt"/>
        <line num="146" count="2" type="stmt"/>
        <line num="149" count="2" type="stmt"/>
      </file>
      <file name="admin-jobs.module.ts" path="D:\Videji i Ucenje\portfolio-grade\apps\api\src\modules\admin-jobs\admin-jobs.module.ts">
        <metrics statements="4" coveredstatements="4" conditionals="0" coveredconditionals="0" methods="0" coveredmethods="0"/>
        <line num="1" count="2" type="stmt"/>
        <line num="2" count="2" type="stmt"/>
        <line num="3" count="2" type="stmt"/>
        <line num="9" count="2" type="stmt"/>
      </file>
    </package>
    <package name="modules.audit-logs">
      <metrics statements="32" coveredstatements="32" conditionals="18" coveredconditionals="16" methods="4" coveredmethods="4"/>
      <file name="audit-logs.controller.ts" path="D:\Videji i Ucenje\portfolio-grade\apps\api\src\modules\audit-logs\audit-logs.controller.ts">
        <metrics statements="12" coveredstatements="12" conditionals="0" coveredconditionals="0" methods="2" coveredmethods="2"/>
        <line num="1" count="3" type="stmt"/>
        <line num="2" count="3" type="stmt"/>
        <line num="3" count="3" type="stmt"/>
        <line num="4" count="3" type="stmt"/>
        <line num="5" count="3" type="stmt"/>
        <line num="6" count="3" type="stmt"/>
        <line num="7" count="3" type="stmt"/>
        <line num="9" count="3" type="stmt"/>
        <line num="16" count="3" type="stmt"/>
        <line num="17" count="18" type="stmt"/>
        <line num="83" count="3" type="stmt"/>
        <line num="84" count="9" type="stmt"/>
      </file>
      <file name="audit-logs.module.ts" path="D:\Videji i Ucenje\portfolio-grade\apps\api\src\modules\audit-logs\audit-logs.module.ts">
        <metrics statements="7" coveredstatements="7" conditionals="0" coveredconditionals="0" methods="0" coveredmethods="0"/>
        <line num="1" count="2" type="stmt"/>
        <line num="2" count="2" type="stmt"/>
        <line num="3" count="2" type="stmt"/>
        <line num="4" count="2" type="stmt"/>
        <line num="5" count="2" type="stmt"/>
        <line num="6" count="2" type="stmt"/>
        <line num="13" count="2" type="stmt"/>
      </file>
      <file name="audit-logs.service.ts" path="D:\Videji i Ucenje\portfolio-grade\apps\api\src\modules\audit-logs\audit-logs.service.ts">
        <metrics statements="13" coveredstatements="13" conditionals="18" coveredconditionals="16" methods="2" coveredmethods="2"/>
        <line num="1" count="4" type="stmt"/>
        <line num="2" count="4" type="stmt"/>
        <line num="14" count="4" type="stmt"/>
        <line num="15" count="19" type="stmt"/>
        <line num="18" count="10" type="cond" truecount="2" falsecount="0"/>
        <line num="20" count="10" type="stmt"/>
        <line num="21" count="10" type="cond" truecount="2" falsecount="0"/>
        <line num="22" count="10" type="cond" truecount="2" falsecount="0"/>
        <line num="23" count="10" type="cond" truecount="4" falsecount="0"/>
        <line num="24" count="2" type="stmt"/>
        <line num="25" count="2" type="cond" truecount="1" falsecount="1"/>
        <line num="26" count="2" type="cond" truecount="1" falsecount="1"/>
        <line num="29" count="10" type="stmt"/>
      </file>
    </package>
    <package name="modules.auth">
      <metrics statements="51" coveredstatements="50" conditionals="16" coveredconditionals="12" methods="8" coveredmethods="8"/>
      <file name="auth.controller.ts" path="D:\Videji i Ucenje\portfolio-grade\apps\api\src\modules\auth\auth.controller.ts">
        <metrics statements="18" coveredstatements="18" conditionals="4" coveredconditionals="4" methods="4" coveredmethods="4"/>
        <line num="1" count="3" type="stmt"/>
        <line num="12" count="3" type="stmt"/>
        <line num="13" count="3" type="stmt"/>
        <line num="14" count="3" type="stmt"/>
        <line num="15" count="3" type="stmt"/>
        <line num="16" count="3" type="stmt"/>
        <line num="20" count="3" type="stmt"/>
        <line num="21" count="27" type="stmt"/>
        <line num="96" count="3" type="stmt"/>
        <line num="97" count="4" type="stmt"/>
        <line num="169" count="3" type="stmt"/>
        <line num="170" count="4" type="stmt"/>
        <line num="220" count="3" type="stmt"/>
        <line num="221" count="6" type="stmt"/>
        <line num="222" count="6" type="cond" truecount="4" falsecount="0"/>
        <line num="223" count="1" type="stmt"/>
        <line num="225" count="5" type="stmt"/>
        <line num="226" count="5" type="stmt"/>
      </file>
      <file name="auth.module.ts" path="D:\Videji i Ucenje\portfolio-grade\apps\api\src\modules\auth\auth.module.ts">
        <metrics statements="11" coveredstatements="11" conditionals="4" coveredconditionals="2" methods="0" coveredmethods="0"/>
        <line num="1" count="2" type="stmt"/>
        <line num="2" count="2" type="stmt"/>
        <line num="3" count="2" type="stmt"/>
        <line num="4" count="2" type="stmt"/>
        <line num="5" count="2" type="stmt"/>
        <line num="6" count="2" type="stmt"/>
        <line num="7" count="2" type="stmt"/>
        <line num="8" count="2" type="stmt"/>
        <line num="9" count="2" type="stmt"/>
        <line num="10" count="2" type="stmt"/>
        <line num="26" count="2" type="stmt"/>
      </file>
      <file name="auth.service.ts" path="D:\Videji i Ucenje\portfolio-grade\apps\api\src\modules\auth\auth.service.ts">
        <metrics statements="22" coveredstatements="21" conditionals="8" coveredconditionals="6" methods="4" coveredmethods="4"/>
        <line num="1" count="4" type="stmt"/>
        <line num="2" count="4" type="stmt"/>
        <line num="3" count="4" type="stmt"/>
        <line num="4" count="4" type="stmt"/>
        <line num="7" count="4" type="stmt"/>
        <line num="10" count="4" type="stmt"/>
        <line num="12" count="27" type="stmt"/>
        <line num="13" count="27" type="stmt"/>
        <line num="14" count="27" type="stmt"/>
        <line num="18" count="4" type="stmt"/>
        <line num="19" count="4" type="stmt"/>
        <line num="20" count="3" type="stmt"/>
        <line num="26" count="1" type="cond" truecount="2" falsecount="2"/>
        <line num="27" count="0" type="stmt"/>
        <line num="29" count="1" type="stmt"/>
        <line num="34" count="5" type="stmt"/>
        <line num="35" count="5" type="cond" truecount="2" falsecount="0"/>
        <line num="37" count="4" type="stmt"/>
        <line num="38" count="3" type="cond" truecount="2" falsecount="0"/>
        <line num="41" count="2" type="stmt"/>
        <line num="42" count="2" type="stmt"/>
        <line num="46" count="5" type="stmt"/>
      </file>
    </package>
    <package name="modules.auth.dto">
      <metrics statements="9" coveredstatements="9" conditionals="0" coveredconditionals="0" methods="0" coveredmethods="0"/>
      <file name="login.dto.ts" path="D:\Videji i Ucenje\portfolio-grade\apps\api\src\modules\auth\dto\login.dto.ts">
        <metrics statements="4" coveredstatements="4" conditionals="0" coveredconditionals="0" methods="0" coveredmethods="0"/>
        <line num="1" count="4" type="stmt"/>
        <line num="3" count="4" type="stmt"/>
        <line num="5" count="4" type="stmt"/>
        <line num="8" count="4" type="stmt"/>
      </file>
      <file name="register.dto.ts" path="D:\Videji i Ucenje\portfolio-grade\apps\api\src\modules\auth\dto\register.dto.ts">
        <metrics statements="5" coveredstatements="5" conditionals="0" coveredconditionals="0" methods="0" coveredmethods="0"/>
        <line num="1" count="4" type="stmt"/>
        <line num="3" count="4" type="stmt"/>
        <line num="5" count="4" type="stmt"/>
        <line num="9" count="4" type="stmt"/>
        <line num="12" count="4" type="stmt"/>
      </file>
    </package>
    <package name="modules.auth.strategies">
      <metrics statements="6" coveredstatements="6" conditionals="2" coveredconditionals="1" methods="2" coveredmethods="2"/>
      <file name="jwt.strategy.ts" path="D:\Videji i Ucenje\portfolio-grade\apps\api\src\modules\auth\strategies\jwt.strategy.ts">
        <metrics statements="6" coveredstatements="6" conditionals="2" coveredconditionals="1" methods="2" coveredmethods="2"/>
        <line num="19" count="3" type="stmt"/>
        <line num="20" count="3" type="stmt"/>
        <line num="21" count="3" type="stmt"/>
        <line num="26" count="3" type="stmt"/>
        <line num="28" count="25" type="stmt"/>
        <line num="37" count="16" type="stmt"/>
      </file>
    </package>
    <package name="modules.comments">
      <metrics statements="88" coveredstatements="88" conditionals="36" coveredconditionals="33" methods="16" coveredmethods="16"/>
      <file name="comments.controller.ts" path="D:\Videji i Ucenje\portfolio-grade\apps\api\src\modules\comments\comments.controller.ts">
        <metrics statements="23" coveredstatements="23" conditionals="0" coveredconditionals="0" methods="6" coveredmethods="6"/>
        <line num="1" count="3" type="stmt"/>
        <line num="13" count="3" type="stmt"/>
        <line num="14" count="3" type="stmt"/>
        <line num="15" count="3" type="stmt"/>
        <line num="16" count="3" type="stmt"/>
        <line num="17" count="3" type="stmt"/>
        <line num="18" count="3" type="stmt"/>
        <line num="20" count="3" type="stmt"/>
        <line num="21" count="3" type="stmt"/>
        <line num="22" count="3" type="stmt"/>
        <line num="31" count="3" type="stmt"/>
        <line num="37" count="3" type="stmt"/>
        <line num="38" count="24" type="stmt"/>
        <line num="73" count="3" type="stmt"/>
        <line num="74" count="2" type="stmt"/>
        <line num="123" count="3" type="stmt"/>
        <line num="129" count="2" type="stmt"/>
        <line num="182" count="3" type="stmt"/>
        <line num="188" count="3" type="stmt"/>
        <line num="222" count="3" type="stmt"/>
        <line num="223" count="3" type="stmt"/>
        <line num="258" count="3" type="stmt"/>
        <line num="259" count="3" type="stmt"/>
      </file>
      <file name="comments.module.ts" path="D:\Videji i Ucenje\portfolio-grade\apps\api\src\modules\comments\comments.module.ts">
        <metrics statements="7" coveredstatements="7" conditionals="0" coveredconditionals="0" methods="0" coveredmethods="0"/>
        <line num="1" count="2" type="stmt"/>
        <line num="2" count="2" type="stmt"/>
        <line num="3" count="2" type="stmt"/>
        <line num="4" count="2" type="stmt"/>
        <line num="5" count="2" type="stmt"/>
        <line num="6" count="2" type="stmt"/>
        <line num="14" count="2" type="stmt"/>
      </file>
      <file name="comments.service.ts" path="D:\Videji i Ucenje\portfolio-grade\apps\api\src\modules\comments\comments.service.ts">
        <metrics statements="58" coveredstatements="58" conditionals="36" coveredconditionals="33" methods="10" coveredmethods="10"/>
        <line num="1" count="4" type="stmt"/>
        <line num="2" count="4" type="stmt"/>
        <line num="3" count="4" type="stmt"/>
        <line num="6" count="4" type="stmt"/>
        <line num="7" count="30" type="stmt"/>
        <line num="10" count="2" type="stmt"/>
        <line num="14" count="2" type="cond" truecount="2" falsecount="0"/>
        <line num="16" count="1" type="stmt"/>
        <line num="24" count="2" type="stmt"/>
        <line num="25" count="2" type="stmt"/>
        <line num="29" count="2" type="cond" truecount="2" falsecount="0"/>
        <line num="31" count="1" type="stmt"/>
        <line num="36" count="1" type="stmt"/>
        <line num="46" count="1" type="stmt"/>
        <line num="48" count="1" type="stmt"/>
        <line num="53" count="5" type="stmt"/>
        <line num="54" count="5" type="stmt"/>
        <line num="58" count="5" type="cond" truecount="2" falsecount="0"/>
        <line num="59" count="4" type="cond" truecount="2" falsecount="0"/>
        <line num="61" count="3" type="stmt"/>
        <line num="65" count="3" type="cond" truecount="1" falsecount="1"/>
        <line num="67" count="3" type="stmt"/>
        <line num="68" count="3" type="stmt"/>
        <line num="69" count="3" type="stmt"/>
        <line num="70" count="3" type="cond" truecount="5" falsecount="0"/>
        <line num="71" count="1" type="stmt"/>
        <line num="74" count="2" type="stmt"/>
        <line num="80" count="2" type="stmt"/>
        <line num="90" count="2" type="stmt"/>
        <line num="92" count="2" type="stmt"/>
        <line num="97" count="5" type="stmt"/>
        <line num="98" count="5" type="stmt"/>
        <line num="102" count="5" type="cond" truecount="2" falsecount="0"/>
        <line num="103" count="4" type="cond" truecount="2" falsecount="0"/>
        <line num="106" count="3" type="stmt"/>
        <line num="110" count="3" type="cond" truecount="1" falsecount="1"/>
        <line num="112" count="3" type="stmt"/>
        <line num="113" count="3" type="stmt"/>
        <line num="114" count="3" type="stmt"/>
        <line num="115" count="3" type="cond" truecount="5" falsecount="0"/>
        <line num="116" count="1" type="stmt"/>
        <line num="118" count="2" type="stmt"/>
        <line num="120" count="2" type="stmt"/>
        <line num="130" count="2" type="stmt"/>
        <line num="132" count="2" type="stmt"/>
        <line num="137" count="5" type="stmt"/>
        <line num="138" count="5" type="stmt"/>
        <line num="142" count="5" type="cond" truecount="2" falsecount="0"/>
        <line num="143" count="4" type="cond" truecount="2" falsecount="0"/>
        <line num="146" count="3" type="stmt"/>
        <line num="150" count="3" type="cond" truecount="1" falsecount="1"/>
        <line num="151" count="3" type="cond" truecount="2" falsecount="0"/>
        <line num="152" count="3" type="cond" truecount="2" falsecount="0"/>
        <line num="153" count="1" type="stmt"/>
        <line num="155" count="2" type="stmt"/>
        <line num="157" count="2" type="stmt"/>
        <line num="167" count="2" type="stmt"/>
        <line num="169" count="2" type="stmt"/>
      </file>
    </package>
    <package name="modules.comments.dto">
      <metrics statements="10" coveredstatements="8" conditionals="0" coveredconditionals="0" methods="2" coveredmethods="0"/>
      <file name="create-comment.dto.ts" path="D:\Videji i Ucenje\portfolio-grade\apps\api\src\modules\comments\dto\create-comment.dto.ts">
        <metrics statements="5" coveredstatements="4" conditionals="0" coveredconditionals="0" methods="1" coveredmethods="0"/>
        <line num="1" count="4" type="stmt"/>
        <line num="2" count="4" type="stmt"/>
        <line num="4" count="4" type="stmt"/>
        <line num="8" count="0" type="stmt"/>
        <line num="9" count="4" type="stmt"/>
      </file>
      <file name="update-comment.dto.ts" path="D:\Videji i Ucenje\portfolio-grade\apps\api\src\modules\comments\dto\update-comment.dto.ts">
        <metrics statements="5" coveredstatements="4" conditionals="0" coveredconditionals="0" methods="1" coveredmethods="0"/>
        <line num="1" count="4" type="stmt"/>
        <line num="2" count="4" type="stmt"/>
        <line num="4" count="4" type="stmt"/>
        <line num="8" count="0" type="stmt"/>
        <line num="9" count="4" type="stmt"/>
      </file>
    </package>
    <package name="modules.fields">
      <metrics statements="52" coveredstatements="52" conditionals="18" coveredconditionals="17" methods="11" coveredmethods="11"/>
      <file name="fields.controller.ts" path="D:\Videji i Ucenje\portfolio-grade\apps\api\src\modules\fields\fields.controller.ts">
        <metrics statements="19" coveredstatements="19" conditionals="0" coveredconditionals="0" methods="4" coveredmethods="4"/>
        <line num="1" count="3" type="stmt"/>
        <line num="12" count="3" type="stmt"/>
        <line num="13" count="3" type="stmt"/>
        <line num="14" count="3" type="stmt"/>
        <line num="15" count="3" type="stmt"/>
        <line num="16" count="3" type="stmt"/>
        <line num="17" count="3" type="stmt"/>
        <line num="19" count="3" type="stmt"/>
        <line num="20" count="3" type="stmt"/>
        <line num="21" count="3" type="stmt"/>
        <line num="22" count="3" type="stmt"/>
        <line num="35" count="3" type="stmt"/>
        <line num="36" count="23" type="stmt"/>
        <line num="100" count="3" type="stmt"/>
        <line num="106" count="3" type="stmt"/>
        <line num="173" count="3" type="stmt"/>
        <line num="179" count="3" type="stmt"/>
        <line num="213" count="3" type="stmt"/>
        <line num="214" count="2" type="stmt"/>
      </file>
      <file name="fields.module.ts" path="D:\Videji i Ucenje\portfolio-grade\apps\api\src\modules\fields\fields.module.ts">
        <metrics statements="7" coveredstatements="7" conditionals="0" coveredconditionals="0" methods="0" coveredmethods="0"/>
        <line num="1" count="2" type="stmt"/>
        <line num="2" count="2" type="stmt"/>
        <line num="3" count="2" type="stmt"/>
        <line num="4" count="2" type="stmt"/>
        <line num="5" count="2" type="stmt"/>
        <line num="6" count="2" type="stmt"/>
        <line num="14" count="2" type="stmt"/>
      </file>
      <file name="fields.service.ts" path="D:\Videji i Ucenje\portfolio-grade\apps\api\src\modules\fields\fields.service.ts">
        <metrics statements="26" coveredstatements="26" conditionals="18" coveredconditionals="17" methods="7" coveredmethods="7"/>
        <line num="1" count="4" type="stmt"/>
        <line num="2" count="4" type="stmt"/>
        <line num="3" count="4" type="stmt"/>
        <line num="6" count="4" type="stmt"/>
        <line num="7" count="25" type="stmt"/>
        <line num="16" count="5" type="stmt"/>
        <line num="20" count="5" type="cond" truecount="2" falsecount="0"/>
        <line num="22" count="4" type="stmt"/>
        <line num="23" count="4" type="stmt"/>
        <line num="34" count="4" type="stmt"/>
        <line num="44" count="4" type="stmt"/>
        <line num="46" count="4" type="stmt"/>
        <line num="57" count="5" type="stmt"/>
        <line num="61" count="5" type="cond" truecount="2" falsecount="0"/>
        <line num="63" count="4" type="stmt"/>
        <line num="64" count="4" type="stmt"/>
        <line num="75" count="4" type="stmt"/>
        <line num="85" count="4" type="stmt"/>
        <line num="87" count="4" type="stmt"/>
        <line num="92" count="3" type="stmt"/>
        <line num="96" count="3" type="cond" truecount="2" falsecount="0"/>
        <line num="98" count="2" type="stmt"/>
        <line num="99" count="2" type="stmt"/>
        <line num="100" count="2" type="stmt"/>
        <line num="110" count="2" type="stmt"/>
        <line num="113" count="2" type="stmt"/>
      </file>
    </package>
    <package name="modules.fields.dto">
      <metrics statements="12" coveredstatements="12" conditionals="0" coveredconditionals="0" methods="0" coveredmethods="0"/>
      <file name="create-field.dto.ts" path="D:\Videji i Ucenje\portfolio-grade\apps\api\src\modules\fields\dto\create-field.dto.ts">
        <metrics statements="6" coveredstatements="6" conditionals="0" coveredconditionals="0" methods="0" coveredmethods="0"/>
        <line num="1" count="4" type="stmt"/>
        <line num="3" count="4" type="stmt"/>
        <line num="5" count="4" type="stmt"/>
        <line num="8" count="4" type="stmt"/>
        <line num="12" count="4" type="stmt"/>
        <line num="17" count="4" type="stmt"/>
      </file>
      <file name="update-field.dto.ts" path="D:\Videji i Ucenje\portfolio-grade\apps\api\src\modules\fields\dto\update-field.dto.ts">
        <metrics statements="6" coveredstatements="6" conditionals="0" coveredconditionals="0" methods="0" coveredmethods="0"/>
        <line num="1" count="4" type="stmt"/>
        <line num="3" count="4" type="stmt"/>
        <line num="6" count="4" type="stmt"/>
        <line num="10" count="4" type="stmt"/>
        <line num="14" count="4" type="stmt"/>
        <line num="19" count="4" type="stmt"/>
      </file>
    </package>
    <package name="modules.forms">
      <metrics statements="82" coveredstatements="81" conditionals="21" coveredconditionals="19" methods="17" coveredmethods="17"/>
      <file name="forms.controller.ts" path="D:\Videji i Ucenje\portfolio-grade\apps\api\src\modules\forms\forms.controller.ts">
        <metrics statements="25" coveredstatements="25" conditionals="0" coveredconditionals="0" methods="6" coveredmethods="6"/>
        <line num="1" count="3" type="stmt"/>
        <line num="13" count="3" type="stmt"/>
        <line num="14" count="3" type="stmt"/>
        <line num="15" count="3" type="stmt"/>
        <line num="16" count="3" type="stmt"/>
        <line num="17" count="3" type="stmt"/>
        <line num="18" count="3" type="stmt"/>
        <line num="20" count="3" type="stmt"/>
        <line num="21" count="3" type="stmt"/>
        <line num="23" count="3" type="stmt"/>
        <line num="24" count="3" type="stmt"/>
        <line num="25" count="3" type="stmt"/>
        <line num="26" count="3" type="stmt"/>
        <line num="39" count="3" type="stmt"/>
        <line num="40" count="16" type="stmt"/>
        <line num="78" count="3" type="stmt"/>
        <line num="79" count="1" type="stmt"/>
        <line num="134" count="3" type="stmt"/>
        <line num="135" count="1" type="stmt"/>
        <line num="198" count="3" type="stmt"/>
        <line num="199" count="1" type="stmt"/>
        <line num="268" count="3" type="stmt"/>
        <line num="274" count="1" type="stmt"/>
        <line num="314" count="3" type="stmt"/>
        <line num="315" count="1" type="stmt"/>
      </file>
      <file name="forms.module.ts" path="D:\Videji i Ucenje\portfolio-grade\apps\api\src\modules\forms\forms.module.ts">
        <metrics statements="9" coveredstatements="9" conditionals="0" coveredconditionals="0" methods="0" coveredmethods="0"/>
        <line num="1" count="2" type="stmt"/>
        <line num="2" count="2" type="stmt"/>
        <line num="3" count="2" type="stmt"/>
        <line num="4" count="2" type="stmt"/>
        <line num="5" count="2" type="stmt"/>
        <line num="6" count="2" type="stmt"/>
        <line num="7" count="2" type="stmt"/>
        <line num="8" count="2" type="stmt"/>
        <line num="16" count="2" type="stmt"/>
      </file>
      <file name="forms.public.controller.ts" path="D:\Videji i Ucenje\portfolio-grade\apps\api\src\modules\forms\forms.public.controller.ts">
        <metrics statements="12" coveredstatements="12" conditionals="0" coveredconditionals="0" methods="2" coveredmethods="2"/>
        <line num="1" count="3" type="stmt"/>
        <line num="2" count="3" type="stmt"/>
        <line num="3" count="3" type="stmt"/>
        <line num="4" count="3" type="stmt"/>
        <line num="5" count="3" type="stmt"/>
        <line num="6" count="3" type="stmt"/>
        <line num="7" count="3" type="stmt"/>
        <line num="9" count="3" type="stmt"/>
        <line num="17" count="3" type="stmt"/>
        <line num="18" count="13" type="stmt"/>
        <line num="101" count="3" type="stmt"/>
        <line num="103" count="2" type="stmt"/>
      </file>
      <file name="forms.service.ts" path="D:\Videji i Ucenje\portfolio-grade\apps\api\src\modules\forms\forms.service.ts">
        <metrics statements="36" coveredstatements="35" conditionals="21" coveredconditionals="19" methods="9" coveredmethods="9"/>
        <line num="1" count="5" type="stmt"/>
        <line num="2" count="5" type="stmt"/>
        <line num="3" count="5" type="stmt"/>
        <line num="6" count="5" type="stmt"/>
        <line num="7" count="36" type="stmt"/>
        <line num="10" count="2" type="stmt"/>
        <line num="18" count="2" type="stmt"/>
        <line num="23" count="2" type="cond" truecount="2" falsecount="0"/>
        <line num="24" count="1" type="stmt"/>
        <line num="28" count="5" type="cond" truecount="4" falsecount="0"/>
        <line num="29" count="2" type="stmt"/>
        <line num="32" count="3" type="stmt"/>
        <line num="33" count="3" type="stmt"/>
        <line num="34" count="3" type="stmt"/>
        <line num="39" count="2" type="stmt"/>
        <line num="49" count="2" type="stmt"/>
        <line num="51" count="2" type="stmt"/>
        <line num="55" count="1" type="cond" truecount="1" falsecount="1"/>
        <line num="56" count="1" type="stmt"/>
        <line num="58" count="0" type="stmt"/>
        <line num="63" count="5" type="stmt"/>
        <line num="67" count="5" type="cond" truecount="2" falsecount="0"/>
        <line num="69" count="4" type="cond" truecount="5" falsecount="0"/>
        <line num="70" count="1" type="stmt"/>
        <line num="73" count="3" type="stmt"/>
        <line num="74" count="3" type="stmt"/>
        <line num="80" count="3" type="stmt"/>
        <line num="90" count="3" type="stmt"/>
        <line num="92" count="3" type="stmt"/>
        <line num="97" count="3" type="stmt"/>
        <line num="101" count="3" type="cond" truecount="2" falsecount="0"/>
        <line num="103" count="2" type="stmt"/>
        <line num="104" count="2" type="stmt"/>
        <line num="105" count="2" type="stmt"/>
        <line num="115" count="2" type="stmt"/>
        <line num="118" count="2" type="stmt"/>
      </file>
    </package>
    <package name="modules.forms.dto">
      <metrics statements="8" coveredstatements="8" conditionals="0" coveredconditionals="0" methods="0" coveredmethods="0"/>
      <file name="create-form.dto.ts" path="D:\Videji i Ucenje\portfolio-grade\apps\api\src\modules\forms\dto\create-form.dto.ts">
        <metrics statements="4" coveredstatements="4" conditionals="0" coveredconditionals="0" methods="0" coveredmethods="0"/>
        <line num="1" count="4" type="stmt"/>
        <line num="3" count="4" type="stmt"/>
        <line num="5" count="4" type="stmt"/>
        <line num="8" count="4" type="stmt"/>
      </file>
      <file name="update-form.dto.ts" path="D:\Videji i Ucenje\portfolio-grade\apps\api\src\modules\forms\dto\update-form.dto.ts">
        <metrics statements="4" coveredstatements="4" conditionals="0" coveredconditionals="0" methods="0" coveredmethods="0"/>
        <line num="1" count="4" type="stmt"/>
        <line num="3" count="4" type="stmt"/>
        <line num="6" count="4" type="stmt"/>
        <line num="10" count="4" type="stmt"/>
      </file>
    </package>
    <package name="modules.organizations">
      <metrics statements="52" coveredstatements="52" conditionals="6" coveredconditionals="6" methods="10" coveredmethods="10"/>
      <file name="organizations.controller.ts" path="D:\Videji i Ucenje\portfolio-grade\apps\api\src\modules\organizations\organizations.controller.ts">
        <metrics statements="17" coveredstatements="17" conditionals="0" coveredconditionals="0" methods="4" coveredmethods="4"/>
        <line num="1" count="3" type="stmt"/>
        <line num="2" count="3" type="stmt"/>
        <line num="3" count="3" type="stmt"/>
        <line num="4" count="3" type="stmt"/>
        <line num="5" count="3" type="stmt"/>
        <line num="6" count="3" type="stmt"/>
        <line num="7" count="3" type="stmt"/>
        <line num="8" count="3" type="stmt"/>
        <line num="9" count="3" type="stmt"/>
        <line num="24" count="3" type="stmt"/>
        <line num="25" count="13" type="stmt"/>
        <line num="56" count="3" type="stmt"/>
        <line num="57" count="1" type="stmt"/>
        <line num="93" count="3" type="stmt"/>
        <line num="94" count="1" type="stmt"/>
        <line num="171" count="3" type="stmt"/>
        <line num="172" count="1" type="stmt"/>
      </file>
      <file name="organizations.module.ts" path="D:\Videji i Ucenje\portfolio-grade\apps\api\src\modules\organizations\organizations.module.ts">
        <metrics statements="8" coveredstatements="8" conditionals="0" coveredconditionals="0" methods="0" coveredmethods="0"/>
        <line num="1" count="2" type="stmt"/>
        <line num="2" count="2" type="stmt"/>
        <line num="3" count="2" type="stmt"/>
        <line num="4" count="2" type="stmt"/>
        <line num="5" count="2" type="stmt"/>
        <line num="6" count="2" type="stmt"/>
        <line num="7" count="2" type="stmt"/>
        <line num="15" count="2" type="stmt"/>
      </file>
      <file name="organizations.service.ts" path="D:\Videji i Ucenje\portfolio-grade\apps\api\src\modules\organizations\organizations.service.ts">
        <metrics statements="27" coveredstatements="27" conditionals="6" coveredconditionals="6" methods="6" coveredmethods="6"/>
        <line num="1" count="4" type="stmt"/>
        <line num="2" count="4" type="stmt"/>
        <line num="3" count="4" type="stmt"/>
        <line num="4" count="4" type="stmt"/>
        <line num="7" count="4" type="stmt"/>
        <line num="8" count="37" type="stmt"/>
        <line num="11" count="2" type="stmt"/>
        <line num="18" count="2" type="stmt"/>
        <line num="23" count="2" type="cond" truecount="2" falsecount="0"/>
        <line num="24" count="1" type="stmt"/>
        <line num="27" count="1" type="stmt"/>
        <line num="32" count="4" type="stmt"/>
        <line num="36" count="4" type="cond" truecount="2" falsecount="0"/>
        <line num="37" count="1" type="stmt"/>
        <line num="41" count="3" type="stmt"/>
        <line num="44" count="3" type="stmt"/>
        <line num="46" count="3" type="stmt"/>
        <line num="55" count="3" type="stmt"/>
        <line num="57" count="3" type="stmt"/>
        <line num="65" count="3" type="stmt"/>
        <line num="73" count="3" type="stmt"/>
        <line num="82" count="3" type="stmt"/>
        <line num="102" count="3" type="stmt"/>
        <line num="105" count="3" type="stmt"/>
        <line num="110" count="3" type="stmt"/>
        <line num="115" count="11" type="stmt"/>
        <line num="124" count="11" type="cond" truecount="2" falsecount="0"/>
      </file>
    </package>
    <package name="modules.organizations.dto">
      <metrics statements="3" coveredstatements="3" conditionals="0" coveredconditionals="0" methods="0" coveredmethods="0"/>
      <file name="create-organization.dto.ts" path="D:\Videji i Ucenje\portfolio-grade\apps\api\src\modules\organizations\dto\create-organization.dto.ts">
        <metrics statements="3" coveredstatements="3" conditionals="0" coveredconditionals="0" methods="0" coveredmethods="0"/>
        <line num="1" count="4" type="stmt"/>
        <line num="3" count="4" type="stmt"/>
        <line num="11" count="4" type="stmt"/>
      </file>
    </package>
    <package name="modules.posts">
      <metrics statements="162" coveredstatements="160" conditionals="84" coveredconditionals="76" methods="30" coveredmethods="27"/>
      <file name="posts.controller.ts" path="D:\Videji i Ucenje\portfolio-grade\apps\api\src\modules\posts\posts.controller.ts">
        <metrics statements="34" coveredstatements="34" conditionals="8" coveredconditionals="8" methods="9" coveredmethods="9"/>
        <line num="1" count="3" type="stmt"/>
        <line num="15" count="3" type="stmt"/>
        <line num="16" count="3" type="stmt"/>
        <line num="17" count="3" type="stmt"/>
        <line num="18" count="3" type="stmt"/>
        <line num="19" count="3" type="stmt"/>
        <line num="20" count="3" type="stmt"/>
        <line num="21" count="3" type="stmt"/>
        <line num="22" count="3" type="stmt"/>
        <line num="24" count="3" type="stmt"/>
        <line num="25" count="3" type="stmt"/>
        <line num="26" count="3" type="stmt"/>
        <line num="27" count="3" type="stmt"/>
        <line num="41" count="3" type="stmt"/>
        <line num="42" count="24" type="stmt"/>
        <line num="138" count="3" type="stmt"/>
        <line num="146" count="3" type="stmt"/>
        <line num="218" count="3" type="stmt"/>
        <line num="219" count="1" type="stmt"/>
        <line num="312" count="3" type="stmt"/>
        <line num="313" count="1" type="stmt"/>
        <line num="314" count="1" type="stmt"/>
        <line num="427" count="3" type="stmt"/>
        <line num="433" count="1" type="stmt"/>
        <line num="434" count="1" type="stmt"/>
        <line num="467" count="3" type="stmt"/>
        <line num="468" count="1" type="stmt"/>
        <line num="469" count="1" type="stmt"/>
        <line num="506" count="3" type="stmt"/>
        <line num="507" count="1" type="stmt"/>
        <line num="545" count="3" type="stmt"/>
        <line num="546" count="1" type="stmt"/>
        <line num="599" count="3" type="stmt"/>
        <line num="605" count="1" type="stmt"/>
      </file>
      <file name="posts.module.ts" path="D:\Videji i Ucenje\portfolio-grade\apps\api\src\modules\posts\posts.module.ts">
        <metrics statements="8" coveredstatements="8" conditionals="0" coveredconditionals="0" methods="0" coveredmethods="0"/>
        <line num="1" count="2" type="stmt"/>
        <line num="2" count="2" type="stmt"/>
        <line num="3" count="2" type="stmt"/>
        <line num="4" count="2" type="stmt"/>
        <line num="5" count="2" type="stmt"/>
        <line num="6" count="2" type="stmt"/>
        <line num="7" count="2" type="stmt"/>
        <line num="15" count="2" type="stmt"/>
      </file>
      <file name="posts.service.ts" path="D:\Videji i Ucenje\portfolio-grade\apps\api\src\modules\posts\posts.service.ts">
        <metrics statements="120" coveredstatements="118" conditionals="76" coveredconditionals="68" methods="21" coveredmethods="18"/>
        <line num="1" count="4" type="stmt"/>
        <line num="7" count="4" type="stmt"/>
        <line num="8" count="4" type="stmt"/>
        <line num="9" count="4" type="stmt"/>
        <line num="11" count="4" type="stmt"/>
        <line num="14" count="4" type="stmt"/>
        <line num="16" count="60" type="stmt"/>
        <line num="17" count="60" type="stmt"/>
        <line num="18" count="60" type="stmt"/>
        <line num="19" count="60" type="stmt"/>
        <line num="43" count="9" type="cond" truecount="2" falsecount="0"/>
        <line num="45" count="9" type="stmt"/>
        <line num="46" count="9" type="cond" truecount="2" falsecount="0"/>
        <line num="47" count="1" type="stmt"/>
        <line num="52" count="9" type="cond" truecount="2" falsecount="0"/>
        <line num="53" count="1" type="stmt"/>
        <line num="56" count="9" type="stmt"/>
        <line num="68" count="9" type="cond" truecount="2" falsecount="0"/>
        <line num="69" count="1" type="stmt"/>
        <line num="72" count="9" type="stmt"/>
        <line num="80" count="9" type="stmt"/>
        <line num="81" count="9" type="cond" truecount="2" falsecount="0"/>
        <line num="82" count="1" type="stmt"/>
        <line num="83" count="1" type="stmt"/>
        <line num="86" count="9" type="stmt"/>
        <line num="90" count="3" type="stmt"/>
        <line num="97" count="3" type="cond" truecount="2" falsecount="0"/>
        <line num="98" count="1" type="stmt"/>
        <line num="102" count="8" type="stmt"/>
        <line num="108" count="5" type="cond" truecount="2" falsecount="0"/>
        <line num="109" count="5" type="cond" truecount="2" falsecount="0"/>
        <line num="110" count="4" type="stmt"/>
        <line num="113" count="4" type="cond" truecount="2" falsecount="0"/>
        <line num="114" count="2" type="stmt"/>
        <line num="117" count="3" type="stmt"/>
        <line num="118" count="3" type="stmt"/>
        <line num="127" count="4" type="stmt"/>
        <line num="134" count="3" type="cond" truecount="2" falsecount="0"/>
        <line num="135" count="2" type="stmt"/>
        <line num="136" count="4" type="stmt"/>
        <line num="144" count="3" type="stmt"/>
        <line num="154" count="3" type="stmt"/>
        <line num="156" count="3" type="stmt"/>
        <line num="158" count="3" type="stmt"/>
        <line num="160" count="3" type="stmt"/>
        <line num="170" count="11" type="cond" truecount="1" falsecount="1"/>
        <line num="172" count="11" type="stmt"/>
        <line num="173" count="11" type="stmt"/>
        <line num="184" count="11" type="cond" truecount="2" falsecount="0"/>
        <line num="185" count="9" type="cond" truecount="2" falsecount="0"/>
        <line num="187" count="7" type="stmt"/>
        <line num="188" count="7" type="stmt"/>
        <line num="189" count="7" type="stmt"/>
        <line num="190" count="7" type="cond" truecount="5" falsecount="0"/>
        <line num="191" count="2" type="stmt"/>
        <line num="194" count="5" type="stmt"/>
        <line num="202" count="5" type="cond" truecount="2" falsecount="0"/>
        <line num="203" count="2" type="stmt"/>
        <line num="205" count="3" type="cond" truecount="1" falsecount="1"/>
        <line num="206" count="3" type="stmt"/>
        <line num="207" count="3" type="cond" truecount="1" falsecount="1"/>
        <line num="208" count="0" type="stmt"/>
        <line num="211" count="3" type="stmt"/>
        <line num="215" count="3" type="stmt"/>
        <line num="218" count="6" type="stmt"/>
        <line num="219" count="3" type="stmt"/>
        <line num="222" count="3" type="stmt"/>
        <line num="223" count="6" type="stmt"/>
        <line num="227" count="3" type="stmt"/>
        <line num="228" count="6" type="stmt"/>
        <line num="236" count="3" type="stmt"/>
        <line num="237" count="0" type="stmt"/>
        <line num="247" count="3" type="cond" truecount="1" falsecount="1"/>
        <line num="248" count="3" type="stmt"/>
        <line num="249" count="3" type="stmt"/>
        <line num="254" count="3" type="stmt"/>
        <line num="264" count="3" type="stmt"/>
        <line num="266" count="3" type="stmt"/>
        <line num="268" count="3" type="stmt"/>
        <line num="270" count="3" type="stmt"/>
        <line num="281" count="7" type="stmt"/>
        <line num="282" count="7" type="stmt"/>
        <line num="293" count="7" type="cond" truecount="2" falsecount="0"/>
        <line num="294" count="5" type="cond" truecount="2" falsecount="0"/>
        <line num="296" count="3" type="stmt"/>
        <line num="297" count="3" type="stmt"/>
        <line num="298" count="3" type="stmt"/>
        <line num="299" count="3" type="cond" truecount="5" falsecount="0"/>
        <line num="300" count="2" type="stmt"/>
        <line num="304" count="1" type="cond" truecount="1" falsecount="1"/>
        <line num="305" count="1" type="stmt"/>
        <line num="306" count="2" type="stmt"/>
        <line num="316" count="1" type="stmt"/>
        <line num="318" count="1" type="stmt"/>
        <line num="328" count="1" type="stmt"/>
        <line num="330" count="1" type="stmt"/>
        <line num="332" count="1" type="stmt"/>
        <line num="338" count="3" type="stmt"/>
        <line num="342" count="3" type="cond" truecount="2" falsecount="0"/>
        <line num="344" count="1" type="stmt"/>
        <line num="352" count="5" type="stmt"/>
        <line num="356" count="5" type="cond" truecount="2" falsecount="0"/>
        <line num="358" count="3" type="stmt"/>
        <line num="362" count="3" type="cond" truecount="2" falsecount="0"/>
        <line num="364" count="1" type="stmt"/>
        <line num="368" count="7" type="stmt"/>
        <line num="369" count="7" type="stmt"/>
        <line num="384" count="7" type="cond" truecount="2" falsecount="0"/>
        <line num="385" count="5" type="cond" truecount="1" falsecount="1"/>
        <line num="386" count="5" type="cond" truecount="2" falsecount="0"/>
        <line num="388" count="3" type="stmt"/>
        <line num="389" count="3" type="stmt"/>
        <line num="390" count="3" type="stmt"/>
        <line num="392" count="3" type="cond" truecount="5" falsecount="0"/>
        <line num="393" count="2" type="stmt"/>
        <line num="396" count="1" type="stmt"/>
        <line num="398" count="1" type="stmt"/>
        <line num="403" count="1" type="stmt"/>
        <line num="407" count="1" type="stmt"/>
        <line num="409" count="1" type="stmt"/>
      </file>
    </package>
    <package name="modules.posts.dto">
      <metrics statements="11" coveredstatements="11" conditionals="0" coveredconditionals="0" methods="0" coveredmethods="0"/>
      <file name="create-post.dto.ts" path="D:\Videji i Ucenje\portfolio-grade\apps\api\src\modules\posts\dto\create-post.dto.ts">
        <metrics statements="5" coveredstatements="5" conditionals="0" coveredconditionals="0" methods="0" coveredmethods="0"/>
        <line num="1" count="4" type="stmt"/>
        <line num="3" count="4" type="stmt"/>
        <line num="6" count="4" type="stmt"/>
        <line num="10" count="4" type="stmt"/>
        <line num="15" count="4" type="stmt"/>
      </file>
      <file name="update-post.dto.ts" path="D:\Videji i Ucenje\portfolio-grade\apps\api\src\modules\posts\dto\update-post.dto.ts">
        <metrics statements="6" coveredstatements="6" conditionals="0" coveredconditionals="0" methods="0" coveredmethods="0"/>
        <line num="1" count="4" type="stmt"/>
        <line num="3" count="4" type="stmt"/>
        <line num="7" count="4" type="stmt"/>
        <line num="12" count="4" type="stmt"/>
        <line num="17" count="4" type="stmt"/>
        <line num="22" count="4" type="stmt"/>
      </file>
    </package>
    <package name="modules.submissions">
      <metrics statements="41" coveredstatements="41" conditionals="6" coveredconditionals="6" methods="8" coveredmethods="8"/>
      <file name="submissions.controller.ts" path="D:\Videji i Ucenje\portfolio-grade\apps\api\src\modules\submissions\submissions.controller.ts">
        <metrics statements="20" coveredstatements="20" conditionals="0" coveredconditionals="0" methods="4" coveredmethods="4"/>
        <line num="1" count="3" type="stmt"/>
        <line num="11" count="3" type="stmt"/>
        <line num="12" count="3" type="stmt"/>
        <line num="13" count="3" type="stmt"/>
        <line num="14" count="3" type="stmt"/>
        <line num="15" count="3" type="stmt"/>
        <line num="16" count="3" type="stmt"/>
        <line num="17" count="3" type="stmt"/>
        <line num="19" count="3" type="stmt"/>
        <line num="21" count="3" type="stmt"/>
        <line num="22" count="3" type="stmt"/>
        <line num="23" count="3" type="stmt"/>
        <line num="34" count="3" type="stmt"/>
        <line num="35" count="26" type="stmt"/>
        <line num="130" count="3" type="stmt"/>
        <line num="135" count="4" type="stmt"/>
        <line num="193" count="3" type="stmt"/>
        <line num="194" count="4" type="stmt"/>
        <line num="251" count="3" type="stmt"/>
        <line num="252" count="4" type="stmt"/>
      </file>
      <file name="submissions.module.ts" path="D:\Videji i Ucenje\portfolio-grade\apps\api\src\modules\submissions\submissions.module.ts">
        <metrics statements="8" coveredstatements="8" conditionals="0" coveredconditionals="0" methods="0" coveredmethods="0"/>
        <line num="1" count="2" type="stmt"/>
        <line num="2" count="2" type="stmt"/>
        <line num="3" count="2" type="stmt"/>
        <line num="4" count="2" type="stmt"/>
        <line num="5" count="2" type="stmt"/>
        <line num="6" count="2" type="stmt"/>
        <line num="7" count="2" type="stmt"/>
        <line num="15" count="2" type="stmt"/>
      </file>
      <file name="submissions.service.ts" path="D:\Videji i Ucenje\portfolio-grade\apps\api\src\modules\submissions\submissions.service.ts">
        <metrics statements="13" coveredstatements="13" conditionals="6" coveredconditionals="6" methods="4" coveredmethods="4"/>
        <line num="1" count="4" type="stmt"/>
        <line num="2" count="4" type="stmt"/>
        <line num="6" count="4" type="stmt"/>
        <line num="7" count="42" type="stmt"/>
        <line num="12" count="8" type="stmt"/>
        <line num="16" count="8" type="cond" truecount="2" falsecount="0"/>
        <line num="18" count="4" type="stmt"/>
        <line num="27" count="7" type="stmt"/>
        <line num="31" count="7" type="cond" truecount="2" falsecount="0"/>
        <line num="33" count="3" type="stmt"/>
        <line num="42" count="9" type="stmt"/>
        <line num="46" count="9" type="cond" truecount="2" falsecount="0"/>
        <line num="47" count="3" type="stmt"/>
      </file>
    </package>
    <package name="modules.submissions.dto">
      <metrics statements="3" coveredstatements="3" conditionals="0" coveredconditionals="0" methods="0" coveredmethods="0"/>
      <file name="create-submission.dto.ts" path="D:\Videji i Ucenje\portfolio-grade\apps\api\src\modules\submissions\dto\create-submission.dto.ts">
        <metrics statements="3" coveredstatements="3" conditionals="0" coveredconditionals="0" methods="0" coveredmethods="0"/>
        <line num="1" count="4" type="stmt"/>
        <line num="3" count="4" type="stmt"/>
        <line num="5" count="4" type="stmt"/>
      </file>
    </package>
    <package name="modules.tags">
      <metrics statements="60" coveredstatements="60" conditionals="8" coveredconditionals="8" methods="13" coveredmethods="13"/>
      <file name="tags.controller.ts" path="D:\Videji i Ucenje\portfolio-grade\apps\api\src\modules\tags\tags.controller.ts">
        <metrics statements="21" coveredstatements="21" conditionals="0" coveredconditionals="0" methods="5" coveredmethods="5"/>
        <line num="1" count="3" type="stmt"/>
        <line num="13" count="3" type="stmt"/>
        <line num="14" count="3" type="stmt"/>
        <line num="15" count="3" type="stmt"/>
        <line num="16" count="3" type="stmt"/>
        <line num="17" count="3" type="stmt"/>
        <line num="19" count="3" type="stmt"/>
        <line num="20" count="3" type="stmt"/>
        <line num="22" count="3" type="stmt"/>
        <line num="23" count="3" type="stmt"/>
        <line num="24" count="3" type="stmt"/>
        <line num="37" count="3" type="stmt"/>
        <line num="38" count="21" type="stmt"/>
        <line num="66" count="3" type="stmt"/>
        <line num="67" count="2" type="stmt"/>
        <line num="131" count="3" type="stmt"/>
        <line num="132" count="2" type="stmt"/>
        <line num="212" count="3" type="stmt"/>
        <line num="218" count="3" type="stmt"/>
        <line num="260" count="3" type="stmt"/>
        <line num="261" count="1" type="stmt"/>
      </file>
      <file name="tags.module.ts" path="D:\Videji i Ucenje\portfolio-grade\apps\api\src\modules\tags\tags.module.ts">
        <metrics statements="8" coveredstatements="8" conditionals="0" coveredconditionals="0" methods="0" coveredmethods="0"/>
        <line num="1" count="2" type="stmt"/>
        <line num="2" count="2" type="stmt"/>
        <line num="3" count="2" type="stmt"/>
        <line num="4" count="2" type="stmt"/>
        <line num="5" count="2" type="stmt"/>
        <line num="6" count="2" type="stmt"/>
        <line num="7" count="2" type="stmt"/>
        <line num="15" count="2" type="stmt"/>
      </file>
      <file name="tags.service.ts" path="D:\Videji i Ucenje\portfolio-grade\apps\api\src\modules\tags\tags.service.ts">
        <metrics statements="31" coveredstatements="31" conditionals="8" coveredconditionals="8" methods="8" coveredmethods="8"/>
        <line num="1" count="4" type="stmt"/>
        <line num="2" count="4" type="stmt"/>
        <line num="3" count="4" type="stmt"/>
        <line num="6" count="4" type="stmt"/>
        <line num="7" count="32" type="stmt"/>
        <line num="10" count="2" type="stmt"/>
        <line num="18" count="3" type="stmt"/>
        <line num="19" count="3" type="stmt"/>
        <line num="20" count="3" type="stmt"/>
        <line num="25" count="1" type="stmt"/>
        <line num="35" count="1" type="stmt"/>
        <line num="37" count="1" type="stmt"/>
        <line num="40" count="2" type="cond" truecount="2" falsecount="0"/>
        <line num="41" count="1" type="stmt"/>
        <line num="46" count="4" type="stmt"/>
        <line num="50" count="4" type="cond" truecount="2" falsecount="0"/>
        <line num="52" count="3" type="stmt"/>
        <line num="53" count="3" type="stmt"/>
        <line num="54" count="3" type="stmt"/>
        <line num="60" count="1" type="stmt"/>
        <line num="70" count="1" type="stmt"/>
        <line num="72" count="1" type="stmt"/>
        <line num="75" count="2" type="cond" truecount="2" falsecount="0"/>
        <line num="76" count="1" type="stmt"/>
        <line num="81" count="2" type="stmt"/>
        <line num="85" count="2" type="cond" truecount="2" falsecount="0"/>
        <line num="87" count="1" type="stmt"/>
        <line num="88" count="1" type="stmt"/>
        <line num="90" count="1" type="stmt"/>
        <line num="100" count="1" type="stmt"/>
        <line num="103" count="1" type="stmt"/>
      </file>
    </package>
    <package name="modules.tags.dto">
      <metrics statements="6" coveredstatements="6" conditionals="0" coveredconditionals="0" methods="0" coveredmethods="0"/>
      <file name="create-tag.dto.ts" path="D:\Videji i Ucenje\portfolio-grade\apps\api\src\modules\tags\dto\create-tag.dto.ts">
        <metrics statements="3" coveredstatements="3" conditionals="0" coveredconditionals="0" methods="0" coveredmethods="0"/>
        <line num="1" count="1" type="stmt"/>
        <line num="3" count="1" type="stmt"/>
        <line num="6" count="1" type="stmt"/>
      </file>
      <file name="update-tag.dto.ts" path="D:\Videji i Ucenje\portfolio-grade\apps\api\src\modules\tags\dto\update-tag.dto.ts">
        <metrics statements="3" coveredstatements="3" conditionals="0" coveredconditionals="0" methods="0" coveredmethods="0"/>
        <line num="1" count="1" type="stmt"/>
        <line num="3" count="1" type="stmt"/>
        <line num="7" count="1" type="stmt"/>
      </file>
    </package>
    <package name="modules.users">
      <metrics statements="69" coveredstatements="66" conditionals="12" coveredconditionals="8" methods="15" coveredmethods="15"/>
      <file name="users.controller.ts" path="D:\Videji i Ucenje\portfolio-grade\apps\api\src\modules\users\users.controller.ts">
        <metrics statements="25" coveredstatements="25" conditionals="0" coveredconditionals="0" methods="6" coveredmethods="6"/>
        <line num="1" count="4" type="stmt"/>
        <line num="13" count="4" type="stmt"/>
        <line num="14" count="4" type="stmt"/>
        <line num="15" count="4" type="stmt"/>
        <line num="16" count="4" type="stmt"/>
        <line num="18" count="4" type="stmt"/>
        <line num="19" count="4" type="stmt"/>
        <line num="20" count="4" type="stmt"/>
        <line num="21" count="4" type="stmt"/>
        <line num="22" count="4" type="stmt"/>
        <line num="23" count="4" type="stmt"/>
        <line num="25" count="4" type="stmt"/>
        <line num="26" count="4" type="stmt"/>
        <line num="39" count="4" type="stmt"/>
        <line num="40" count="29" type="stmt"/>
        <line num="70" count="4" type="stmt"/>
        <line num="71" count="2" type="stmt"/>
        <line num="176" count="4" type="stmt"/>
        <line num="177" count="2" type="stmt"/>
        <line num="222" count="4" type="stmt"/>
        <line num="223" count="1" type="stmt"/>
        <line num="322" count="4" type="stmt"/>
        <line num="323" count="2" type="stmt"/>
        <line num="365" count="4" type="stmt"/>
        <line num="366" count="1" type="stmt"/>
      </file>
      <file name="users.module.ts" path="D:\Videji i Ucenje\portfolio-grade\apps\api\src\modules\users\users.module.ts">
        <metrics statements="8" coveredstatements="8" conditionals="0" coveredconditionals="0" methods="0" coveredmethods="0"/>
        <line num="1" count="3" type="stmt"/>
        <line num="2" count="3" type="stmt"/>
        <line num="3" count="3" type="stmt"/>
        <line num="4" count="3" type="stmt"/>
        <line num="5" count="3" type="stmt"/>
        <line num="6" count="3" type="stmt"/>
        <line num="7" count="3" type="stmt"/>
        <line num="15" count="3" type="stmt"/>
      </file>
      <file name="users.service.ts" path="D:\Videji i Ucenje\portfolio-grade\apps\api\src\modules\users\users.service.ts">
        <metrics statements="36" coveredstatements="33" conditionals="12" coveredconditionals="8" methods="9" coveredmethods="9"/>
        <line num="1" count="7" type="stmt"/>
        <line num="2" count="7" type="stmt"/>
        <line num="3" count="7" type="stmt"/>
        <line num="4" count="7" type="stmt"/>
        <line num="8" count="7" type="stmt"/>
        <line num="9" count="42" type="stmt"/>
        <line num="12" count="2" type="stmt"/>
        <line num="20" count="2" type="stmt"/>
        <line num="28" count="2" type="cond" truecount="2" falsecount="0"/>
        <line num="30" count="1" type="stmt"/>
        <line num="34" count="2" type="stmt"/>
        <line num="38" count="1" type="stmt"/>
        <line num="39" count="1" type="stmt"/>
        <line num="40" count="1" type="stmt"/>
        <line num="41" count="1" type="stmt"/>
        <line num="43" count="0" type="cond" truecount="0" falsecount="4"/>
        <line num="44" count="0" type="stmt"/>
        <line num="46" count="0" type="stmt"/>
        <line num="55" count="3" type="stmt"/>
        <line num="56" count="3" type="cond" truecount="2" falsecount="0"/>
        <line num="57" count="1" type="stmt"/>
        <line num="61" count="2" type="stmt"/>
        <line num="64" count="2" type="cond" truecount="2" falsecount="0"/>
        <line num="67" count="2" type="stmt"/>
        <line num="68" count="2" type="stmt"/>
        <line num="76" count="2" type="stmt"/>
        <line num="84" count="2" type="stmt"/>
        <line num="86" count="2" type="stmt"/>
        <line num="97" count="2" type="stmt"/>
        <line num="104" count="2" type="cond" truecount="2" falsecount="0"/>
        <line num="105" count="1" type="stmt"/>
        <line num="108" count="1" type="stmt"/>
        <line num="109" count="1" type="stmt"/>
        <line num="110" count="1" type="stmt"/>
        <line num="114" count="1" type="stmt"/>
        <line num="115" count="1" type="stmt"/>
      </file>
    </package>
    <package name="modules.users.dto">
      <metrics statements="12" coveredstatements="12" conditionals="0" coveredconditionals="0" methods="0" coveredmethods="0"/>
      <file name="create-user.dto.ts" path="D:\Videji i Ucenje\portfolio-grade\apps\api\src\modules\users\dto\create-user.dto.ts">
        <metrics statements="7" coveredstatements="7" conditionals="0" coveredconditionals="0" methods="0" coveredmethods="0"/>
        <line num="1" count="5" type="stmt"/>
        <line num="4" count="5" type="stmt"/>
        <line num="6" count="5" type="stmt"/>
        <line num="10" count="5" type="stmt"/>
        <line num="13" count="5" type="stmt"/>
        <line num="16" count="5" type="stmt"/>
        <line num="20" count="5" type="stmt"/>
      </file>
      <file name="update-user.dto.ts" path="D:\Videji i Ucenje\portfolio-grade\apps\api\src\modules\users\dto\update-user.dto.ts">
        <metrics statements="5" coveredstatements="5" conditionals="0" coveredconditionals="0" methods="0" coveredmethods="0"/>
        <line num="1" count="5" type="stmt"/>
        <line num="3" count="5" type="stmt"/>
        <line num="6" count="5" type="stmt"/>
        <line num="10" count="5" type="stmt"/>
        <line num="15" count="5" type="stmt"/>
      </file>
    </package>
  </project>
</coverage>
