{"D:\\Videji i Ucenje\\portfolio-grade\\apps\\api\\src\\app\\app.module.ts": {"path":"D:\\Videji i Ucenje\\portfolio-grade\\apps\\api\\src\\app\\app.module.ts","statementMap":{"0":{"start":{"line":1,"column":0},"end":{"line":1,"column":40}},"1":{"start":{"line":2,"column":0},"end":{"line":2,"column":60}},"2":{"start":{"line":3,"column":0},"end":{"line":3,"column":57}},"3":{"start":{"line":4,"column":0},"end":{"line":4,"column":57}},"4":{"start":{"line":5,"column":0},"end":{"line":5,"column":60}},"5":{"start":{"line":6,"column":0},"end":{"line":6,"column":69}},"6":{"start":{"line":7,"column":0},"end":{"line":7,"column":74}},"7":{"start":{"line":8,"column":0},"end":{"line":8,"column":60}},"8":{"start":{"line":9,"column":0},"end":{"line":9,"column":63}},"9":{"start":{"line":10,"column":0},"end":{"line":10,"column":78}},"10":{"start":{"line":11,"column":0},"end":{"line":11,"column":63}},"11":{"start":{"line":12,"column":0},"end":{"line":12,"column":74}},"12":{"start":{"line":13,"column":0},"end":{"line":13,"column":84}},"13":{"start":{"line":32,"column":7},"end":{"line":32,"column":null}},"14":{"start":{"line":32,"column":13},"end":{"line":32,"column":22}},"15":{"start":{"line":32,"column":13},"end":{"line":32,"column":null}}},"fnMap":{},"branchMap":{},"s":{"0":1,"1":1,"2":1,"3":1,"4":1,"5":1,"6":1,"7":1,"8":1,"9":1,"10":1,"11":1,"12":1,"13":1,"14":1,"15":1},"f":{},"b":{}}
,"D:\\Videji i Ucenje\\portfolio-grade\\apps\\api\\src\\common\\cache\\cache.interceptor.ts": {"path":"D:\\Videji i Ucenje\\portfolio-grade\\apps\\api\\src\\common\\cache\\cache.interceptor.ts","statementMap":{"0":{"start":{"line":1,"column":0},"end":{"line":1,"column":92}},"1":{"start":{"line":2,"column":0},"end":{"line":2,"column":60}},"2":{"start":{"line":3,"column":0},"end":{"line":3,"column":66}},"3":{"start":{"line":4,"column":0},"end":{"line":4,"column":33}},"4":{"start":{"line":7,"column":18},"end":{"line":8,"column":null}},"5":{"start":{"line":8,"column":15},"end":{"line":8,"column":56}},"6":{"start":{"line":10,"column":2},"end":{"line":10,"column":59}},"7":{"start":{"line":10,"column":30},"end":{"line":10,"column":56}},"8":{"start":{"line":11,"column":2},"end":{"line":11,"column":56}},"9":{"start":{"line":15,"column":7},"end":{"line":45,"column":null}},"10":{"start":{"line":18,"column":31},"end":{"line":18,"column":38}},"11":{"start":{"line":16,"column":19},"end":{"line":16,"column":68}},"12":{"start":{"line":21,"column":20},"end":{"line":21,"column":57}},"13":{"start":{"line":22,"column":4},"end":{"line":22,"column":39}},"14":{"start":{"line":22,"column":18},"end":{"line":22,"column":39}},"15":{"start":{"line":24,"column":16},"end":{"line":24,"column":47}},"16":{"start":{"line":25,"column":4},"end":{"line":25,"column":51}},"17":{"start":{"line":25,"column":30},"end":{"line":25,"column":51}},"18":{"start":{"line":27,"column":18},"end":{"line":27,"column":63}},"19":{"start":{"line":28,"column":4},"end":{"line":28,"column":37}},"20":{"start":{"line":28,"column":16},"end":{"line":28,"column":37}},"21":{"start":{"line":30,"column":15},"end":{"line":30,"column":40}},"22":{"start":{"line":31,"column":19},"end":{"line":31,"column":50}},"23":{"start":{"line":32,"column":16},"end":{"line":32,"column":81}},"24":{"start":{"line":34,"column":4},"end":{"line":43,"column":6}},"25":{"start":{"line":36,"column":8},"end":{"line":36,"column":38}},"26":{"start":{"line":36,"column":20},"end":{"line":36,"column":38}},"27":{"start":{"line":37,"column":8},"end":{"line":41,"column":10}},"28":{"start":{"line":39,"column":12},"end":{"line":39,"column":71}},"29":{"start":{"line":15,"column":13},"end":{"line":15,"column":29}},"30":{"start":{"line":15,"column":13},"end":{"line":45,"column":null}}},"fnMap":{"0":{"name":"stableQS","decl":{"start":{"line":6,"column":9},"end":{"line":6,"column":17}},"loc":{"start":{"line":6,"column":44},"end":{"line":12,"column":1}}},"1":{"name":"(anonymous_1)","decl":{"start":{"line":8,"column":4},"end":{"line":8,"column":5}},"loc":{"start":{"line":8,"column":15},"end":{"line":8,"column":56}}},"2":{"name":"(anonymous_2)","decl":{"start":{"line":10,"column":15},"end":{"line":10,"column":16}},"loc":{"start":{"line":10,"column":30},"end":{"line":10,"column":56}}},"3":{"name":"(anonymous_3)","decl":{"start":{"line":18,"column":2},"end":{"line":18,"column":31}},"loc":{"start":{"line":18,"column":50},"end":{"line":18,"column":54}}},"4":{"name":"(anonymous_4)","decl":{"start":{"line":20,"column":2},"end":{"line":20,"column":11}},"loc":{"start":{"line":20,"column":52},"end":{"line":44,"column":3}}},"5":{"name":"(anonymous_5)","decl":{"start":{"line":35,"column":16},"end":{"line":35,"column":22}},"loc":{"start":{"line":35,"column":25},"end":{"line":42,"column":7}}},"6":{"name":"(anonymous_6)","decl":{"start":{"line":38,"column":14},"end":{"line":38,"column":18}},"loc":{"start":{"line":38,"column":21},"end":{"line":40,"column":11}}},"7":{"name":"(anonymous_7)","decl":{"start":{"line":39,"column":61},"end":{"line":39,"column":64}},"loc":{"start":{"line":39,"column":66},"end":{"line":39,"column":69}}}},"branchMap":{"0":{"loc":{"start":{"line":7,"column":33},"end":{"line":7,"column":44}},"type":"binary-expr","locations":[{"start":{"line":7,"column":33},"end":{"line":7,"column":38}},{"start":{"line":7,"column":42},"end":{"line":7,"column":44}}]},"1":{"loc":{"start":{"line":8,"column":15},"end":{"line":8,"column":56}},"type":"binary-expr","locations":[{"start":{"line":8,"column":15},"end":{"line":8,"column":30}},{"start":{"line":8,"column":34},"end":{"line":8,"column":44}},{"start":{"line":8,"column":48},"end":{"line":8,"column":56}}]},"2":{"loc":{"start":{"line":10,"column":30},"end":{"line":10,"column":56}},"type":"cond-expr","locations":[{"start":{"line":10,"column":38},"end":{"line":10,"column":40}},{"start":{"line":10,"column":43},"end":{"line":10,"column":56}}]},"3":{"loc":{"start":{"line":10,"column":43},"end":{"line":10,"column":56}},"type":"cond-expr","locations":[{"start":{"line":10,"column":51},"end":{"line":10,"column":52}},{"start":{"line":10,"column":55},"end":{"line":10,"column":56}}]},"4":{"loc":{"start":{"line":16,"column":39},"end":{"line":16,"column":66}},"type":"binary-expr","locations":[{"start":{"line":16,"column":39},"end":{"line":16,"column":60}},{"start":{"line":16,"column":64},"end":{"line":16,"column":66}}]},"5":{"loc":{"start":{"line":22,"column":4},"end":{"line":22,"column":39}},"type":"if","locations":[{"start":{"line":22,"column":4},"end":{"line":22,"column":39}},{"start":{},"end":{}}]},"6":{"loc":{"start":{"line":25,"column":4},"end":{"line":25,"column":51}},"type":"if","locations":[{"start":{"line":25,"column":4},"end":{"line":25,"column":51}},{"start":{},"end":{}}]},"7":{"loc":{"start":{"line":28,"column":4},"end":{"line":28,"column":37}},"type":"if","locations":[{"start":{"line":28,"column":4},"end":{"line":28,"column":37}},{"start":{},"end":{}}]},"8":{"loc":{"start":{"line":30,"column":24},"end":{"line":30,"column":39}},"type":"binary-expr","locations":[{"start":{"line":30,"column":24},"end":{"line":30,"column":33}},{"start":{"line":30,"column":37},"end":{"line":30,"column":39}}]},"9":{"loc":{"start":{"line":36,"column":8},"end":{"line":36,"column":38}},"type":"if","locations":[{"start":{"line":36,"column":8},"end":{"line":36,"column":38}},{"start":{},"end":{}}]}},"s":{"0":12,"1":12,"2":12,"3":12,"4":10,"5":21,"6":10,"7":11,"8":10,"9":12,"10":124,"11":124,"12":13,"13":13,"14":1,"15":12,"16":12,"17":1,"18":11,"19":11,"20":1,"21":10,"22":10,"23":10,"24":10,"25":9,"26":1,"27":8,"28":8,"29":12,"30":12},"f":{"0":10,"1":21,"2":11,"3":124,"4":13,"5":9,"6":8,"7":1},"b":{"0":[10,0],"1":[21,20,19],"2":[9,2],"3":[2,0],"4":[124,121],"5":[1,12],"6":[1,11],"7":[1,10],"8":[10,0],"9":[1,8]}}
,"D:\\Videji i Ucenje\\portfolio-grade\\apps\\api\\src\\common\\constants\\tenancy.ts": {"path":"D:\\Videji i Ucenje\\portfolio-grade\\apps\\api\\src\\common\\constants\\tenancy.ts","statementMap":{"0":{"start":{"line":1,"column":13},"end":{"line":1,"column":85}}},"fnMap":{},"branchMap":{"0":{"loc":{"start":{"line":1,"column":30},"end":{"line":1,"column":69}},"type":"binary-expr","locations":[{"start":{"line":1,"column":30},"end":{"line":1,"column":55}},{"start":{"line":1,"column":59},"end":{"line":1,"column":69}}]}},"s":{"0":24},"f":{},"b":{"0":[24,0]}}
,"D:\\Videji i Ucenje\\portfolio-grade\\apps\\api\\src\\common\\decorators\\org.decorator.ts": {"path":"D:\\Videji i Ucenje\\portfolio-grade\\apps\\api\\src\\common\\decorators\\org.decorator.ts","statementMap":{"0":{"start":{"line":1,"column":0},"end":{"line":1,"column":72}},"1":{"start":{"line":2,"column":0},"end":{"line":2,"column":53}},"2":{"start":{"line":4,"column":13},"end":{"line":7,"column":3}},"3":{"start":{"line":5,"column":14},"end":{"line":5,"column":45}},"4":{"start":{"line":6,"column":2},"end":{"line":6,"column":73}}},"fnMap":{"0":{"name":"(anonymous_0)","decl":{"start":{"line":4,"column":42},"end":{"line":4,"column":43}},"loc":{"start":{"line":4,"column":84},"end":{"line":7,"column":1}}}},"branchMap":{"0":{"loc":{"start":{"line":6,"column":10},"end":{"line":6,"column":72}},"type":"binary-expr","locations":[{"start":{"line":6,"column":10},"end":{"line":6,"column":59}},{"start":{"line":6,"column":63},"end":{"line":6,"column":72}}]}},"s":{"0":23,"1":23,"2":23,"3":0,"4":0},"f":{"0":0},"b":{"0":[0,0]}}
,"D:\\Videji i Ucenje\\portfolio-grade\\apps\\api\\src\\common\\decorators\\rate-limit.decorator.ts": {"path":"D:\\Videji i Ucenje\\portfolio-grade\\apps\\api\\src\\common\\decorators\\rate-limit.decorator.ts","statementMap":{"0":{"start":{"line":1,"column":0},"end":{"line":1,"column":45}},"1":{"start":{"line":9,"column":13},"end":{"line":9,"column":50}},"2":{"start":{"line":10,"column":25},"end":{"line":10,"column":89}},"3":{"start":{"line":10,"column":54},"end":{"line":10,"column":89}},"4":{"start":{"line":10,"column":13},"end":{"line":10,"column":25}}},"fnMap":{"0":{"name":"(anonymous_0)","decl":{"start":{"line":10,"column":25},"end":{"line":10,"column":26}},"loc":{"start":{"line":10,"column":54},"end":{"line":10,"column":89}}}},"branchMap":{},"s":{"0":20,"1":20,"2":20,"3":106,"4":20},"f":{"0":106},"b":{}}
,"D:\\Videji i Ucenje\\portfolio-grade\\apps\\api\\src\\common\\decorators\\roles.decorator.ts": {"path":"D:\\Videji i Ucenje\\portfolio-grade\\apps\\api\\src\\common\\decorators\\roles.decorator.ts","statementMap":{"0":{"start":{"line":1,"column":0},"end":{"line":1,"column":45}},"1":{"start":{"line":5,"column":13},"end":{"line":5,"column":33}},"2":{"start":{"line":6,"column":21},"end":{"line":6,"column":72}},"3":{"start":{"line":6,"column":43},"end":{"line":6,"column":72}},"4":{"start":{"line":6,"column":13},"end":{"line":6,"column":21}}},"fnMap":{"0":{"name":"(anonymous_0)","decl":{"start":{"line":6,"column":21},"end":{"line":6,"column":22}},"loc":{"start":{"line":6,"column":43},"end":{"line":6,"column":72}}}},"branchMap":{},"s":{"0":26,"1":26,"2":26,"3":143,"4":26},"f":{"0":143},"b":{}}
,"D:\\Videji i Ucenje\\portfolio-grade\\apps\\api\\src\\common\\guards\\jwt-auth.guard.ts": {"path":"D:\\Videji i Ucenje\\portfolio-grade\\apps\\api\\src\\common\\guards\\jwt-auth.guard.ts","statementMap":{"0":{"start":{"line":1,"column":0},"end":{"line":1,"column":44}},"1":{"start":{"line":2,"column":0},"end":{"line":2,"column":45}},"2":{"start":{"line":5,"column":7},"end":{"line":5,"column":null}},"3":{"start":{"line":5,"column":13},"end":{"line":5,"column":25}},"4":{"start":{"line":5,"column":13},"end":{"line":5,"column":null}}},"fnMap":{},"branchMap":{},"s":{"0":25,"1":25,"2":25,"3":25,"4":25},"f":{},"b":{}}
,"D:\\Videji i Ucenje\\portfolio-grade\\apps\\api\\src\\common\\guards\\org-admin-only.guard.ts": {"path":"D:\\Videji i Ucenje\\portfolio-grade\\apps\\api\\src\\common\\guards\\org-admin-only.guard.ts","statementMap":{"0":{"start":{"line":1,"column":0},"end":{"line":1,"column":null}},"1":{"start":{"line":8,"column":0},"end":{"line":8,"column":41}},"2":{"start":{"line":9,"column":0},"end":{"line":9,"column":68}},"3":{"start":{"line":10,"column":0},"end":{"line":10,"column":58}},"4":{"start":{"line":13,"column":0},"end":{"line":13,"column":57}},"5":{"start":{"line":16,"column":7},"end":{"line":50,"column":null}},"6":{"start":{"line":17,"column":22},"end":{"line":17,"column":33}},"7":{"start":{"line":17,"column":52},"end":{"line":17,"column":60}},"8":{"start":{"line":20,"column":21},"end":{"line":23,"column":6}},"9":{"start":{"line":24,"column":4},"end":{"line":24,"column":56}},"10":{"start":{"line":24,"column":44},"end":{"line":24,"column":56}},"11":{"start":{"line":26,"column":20},"end":{"line":26,"column":51}},"12":{"start":{"line":27,"column":17},"end":{"line":27,"column":78}},"13":{"start":{"line":28,"column":4},"end":{"line":28,"column":67}},"14":{"start":{"line":28,"column":15},"end":{"line":28,"column":67}},"15":{"start":{"line":31,"column":24},"end":{"line":34,"column":6}},"16":{"start":{"line":36,"column":4},"end":{"line":38,"column":5}},"17":{"start":{"line":37,"column":6},"end":{"line":37,"column":72}},"18":{"start":{"line":41,"column":19},"end":{"line":41,"column":68}},"19":{"start":{"line":41,"column":49},"end":{"line":41,"column":66}},"20":{"start":{"line":42,"column":28},"end":{"line":43,"column":null}},"21":{"start":{"line":43,"column":20},"end":{"line":43,"column":61}},"22":{"start":{"line":46,"column":4},"end":{"line":46,"column":96}},"23":{"start":{"line":46,"column":26},"end":{"line":46,"column":96}},"24":{"start":{"line":48,"column":4},"end":{"line":48,"column":16}},"25":{"start":{"line":16,"column":13},"end":{"line":16,"column":30}},"26":{"start":{"line":16,"column":13},"end":{"line":50,"column":null}}},"fnMap":{"0":{"name":"(anonymous_0)","decl":{"start":{"line":17,"column":2},"end":{"line":17,"column":22}},"loc":{"start":{"line":17,"column":73},"end":{"line":17,"column":77}}},"1":{"name":"(anonymous_1)","decl":{"start":{"line":19,"column":2},"end":{"line":19,"column":7}},"loc":{"start":{"line":19,"column":41},"end":{"line":49,"column":3}}},"2":{"name":"(anonymous_2)","decl":{"start":{"line":41,"column":44},"end":{"line":41,"column":45}},"loc":{"start":{"line":41,"column":49},"end":{"line":41,"column":66}}},"3":{"name":"(anonymous_3)","decl":{"start":{"line":43,"column":6},"end":{"line":43,"column":16}},"loc":{"start":{"line":43,"column":20},"end":{"line":43,"column":61}}}},"branchMap":{"0":{"loc":{"start":{"line":24,"column":4},"end":{"line":24,"column":56}},"type":"if","locations":[{"start":{"line":24,"column":4},"end":{"line":24,"column":56}},{"start":{},"end":{}}]},"1":{"loc":{"start":{"line":24,"column":8},"end":{"line":24,"column":42}},"type":"binary-expr","locations":[{"start":{"line":24,"column":8},"end":{"line":24,"column":17}},{"start":{"line":24,"column":21},"end":{"line":24,"column":42}}]},"2":{"loc":{"start":{"line":28,"column":4},"end":{"line":28,"column":67}},"type":"if","locations":[{"start":{"line":28,"column":4},"end":{"line":28,"column":67}},{"start":{},"end":{}}]},"3":{"loc":{"start":{"line":36,"column":4},"end":{"line":38,"column":5}},"type":"if","locations":[{"start":{"line":36,"column":4},"end":{"line":38,"column":5}},{"start":{},"end":{}}]},"4":{"loc":{"start":{"line":46,"column":4},"end":{"line":46,"column":96}},"type":"if","locations":[{"start":{"line":46,"column":4},"end":{"line":46,"column":96}},{"start":{},"end":{}}]}},"s":{"0":4,"1":4,"2":4,"3":4,"4":4,"5":4,"6":38,"7":38,"8":13,"9":13,"10":2,"11":11,"12":11,"13":11,"14":1,"15":10,"16":9,"17":1,"18":8,"19":9,"20":8,"21":8,"22":8,"23":2,"24":6,"25":4,"26":4},"f":{"0":38,"1":13,"2":9,"3":8},"b":{"0":[2,11],"1":[13,12],"2":[1,10],"3":[1,8],"4":[2,6]}}
,"D:\\Videji i Ucenje\\portfolio-grade\\apps\\api\\src\\common\\guards\\rate-limit.guard.ts": {"path":"D:\\Videji i Ucenje\\portfolio-grade\\apps\\api\\src\\common\\guards\\rate-limit.guard.ts","statementMap":{"0":{"start":{"line":1,"column":0},"end":{"line":1,"column":null}},"1":{"start":{"line":8,"column":0},"end":{"line":8,"column":41}},"2":{"start":{"line":9,"column":0},"end":{"line":9,"column":75}},"3":{"start":{"line":10,"column":0},"end":{"line":10,"column":85}},"4":{"start":{"line":14,"column":7},"end":{"line":83,"column":null}},"5":{"start":{"line":15,"column":31},"end":{"line":15,"column":42}},"6":{"start":{"line":15,"column":70},"end":{"line":15,"column":79}},"7":{"start":{"line":18,"column":16},"end":{"line":18,"column":56}},"8":{"start":{"line":19,"column":16},"end":{"line":19,"column":48}},"9":{"start":{"line":21,"column":16},"end":{"line":26,"column":8}},"10":{"start":{"line":28,"column":19},"end":{"line":28,"column":87}},"11":{"start":{"line":29,"column":20},"end":{"line":29,"column":54}},"12":{"start":{"line":31,"column":7},"end":{"line":31,"column":94}},"13":{"start":{"line":33,"column":21},"end":{"line":33,"column":74}},"14":{"start":{"line":35,"column":64},"end":{"line":35,"column":66}},"15":{"start":{"line":37,"column":4},"end":{"line":44,"column":5}},"16":{"start":{"line":38,"column":18},"end":{"line":38,"column":46}},"17":{"start":{"line":39,"column":6},"end":{"line":43,"column":8}},"18":{"start":{"line":42,"column":22},"end":{"line":42,"column":47}},"19":{"start":{"line":46,"column":4},"end":{"line":53,"column":5}},"20":{"start":{"line":47,"column":18},"end":{"line":47,"column":44}},"21":{"start":{"line":48,"column":6},"end":{"line":52,"column":8}},"22":{"start":{"line":51,"column":22},"end":{"line":51,"column":46}},"23":{"start":{"line":55,"column":4},"end":{"line":62,"column":5}},"24":{"start":{"line":56,"column":18},"end":{"line":56,"column":40}},"25":{"start":{"line":57,"column":6},"end":{"line":61,"column":8}},"26":{"start":{"line":60,"column":22},"end":{"line":60,"column":45}},"27":{"start":{"line":64,"column":20},"end":{"line":64,"column":45}},"28":{"start":{"line":67,"column":18},"end":{"line":67,"column":22}},"29":{"start":{"line":68,"column":19},"end":{"line":68,"column":34}},"30":{"start":{"line":69,"column":4},"end":{"line":72,"column":5}},"31":{"start":{"line":70,"column":6},"end":{"line":70,"column":80}},"32":{"start":{"line":70,"column":67},"end":{"line":70,"column":80}},"33":{"start":{"line":71,"column":6},"end":{"line":71,"column":43}},"34":{"start":{"line":71,"column":27},"end":{"line":71,"column":43}},"35":{"start":{"line":74,"column":4},"end":{"line":78,"column":5}},"36":{"start":{"line":75,"column":6},"end":{"line":75,"column":65}},"37":{"start":{"line":76,"column":6},"end":{"line":76,"column":86}},"38":{"start":{"line":77,"column":6},"end":{"line":77,"column":72}},"39":{"start":{"line":80,"column":4},"end":{"line":80,"column":95}},"40":{"start":{"line":80,"column":18},"end":{"line":80,"column":95}},"41":{"start":{"line":81,"column":4},"end":{"line":81,"column":16}},"42":{"start":{"line":14,"column":13},"end":{"line":14,"column":27}},"43":{"start":{"line":14,"column":13},"end":{"line":83,"column":null}}},"fnMap":{"0":{"name":"(anonymous_0)","decl":{"start":{"line":15,"column":2},"end":{"line":15,"column":31}},"loc":{"start":{"line":15,"column":95},"end":{"line":15,"column":99}}},"1":{"name":"(anonymous_1)","decl":{"start":{"line":17,"column":2},"end":{"line":17,"column":7}},"loc":{"start":{"line":17,"column":41},"end":{"line":82,"column":3}}},"2":{"name":"(anonymous_2)","decl":{"start":{"line":42,"column":16},"end":{"line":42,"column":17}},"loc":{"start":{"line":42,"column":22},"end":{"line":42,"column":47}}},"3":{"name":"(anonymous_3)","decl":{"start":{"line":51,"column":16},"end":{"line":51,"column":17}},"loc":{"start":{"line":51,"column":22},"end":{"line":51,"column":46}}},"4":{"name":"(anonymous_4)","decl":{"start":{"line":60,"column":16},"end":{"line":60,"column":17}},"loc":{"start":{"line":60,"column":22},"end":{"line":60,"column":45}}}},"branchMap":{"0":{"loc":{"start":{"line":21,"column":16},"end":{"line":26,"column":8}},"type":"binary-expr","locations":[{"start":{"line":21,"column":16},"end":{"line":21,"column":85}},{"start":{"line":22,"column":6},"end":{"line":22,"column":73}},{"start":{"line":22,"column":77},"end":{"line":26,"column":8}}]},"1":{"loc":{"start":{"line":28,"column":19},"end":{"line":28,"column":87}},"type":"binary-expr","locations":[{"start":{"line":28,"column":19},"end":{"line":28,"column":53}},{"start":{"line":28,"column":58},"end":{"line":28,"column":75}},{"start":{"line":28,"column":79},"end":{"line":28,"column":87}}]},"2":{"loc":{"start":{"line":29,"column":20},"end":{"line":29,"column":54}},"type":"binary-expr","locations":[{"start":{"line":29,"column":20},"end":{"line":29,"column":44}},{"start":{"line":29,"column":48},"end":{"line":29,"column":54}}]},"3":{"loc":{"start":{"line":31,"column":7},"end":{"line":31,"column":94}},"type":"binary-expr","locations":[{"start":{"line":31,"column":7},"end":{"line":31,"column":71}},{"start":{"line":31,"column":75},"end":{"line":31,"column":81}},{"start":{"line":31,"column":85},"end":{"line":31,"column":94}}]},"4":{"loc":{"start":{"line":33,"column":38},"end":{"line":33,"column":55}},"type":"binary-expr","locations":[{"start":{"line":33,"column":38},"end":{"line":33,"column":49}},{"start":{"line":33,"column":53},"end":{"line":33,"column":55}}]},"5":{"loc":{"start":{"line":33,"column":58},"end":{"line":33,"column":72}},"type":"binary-expr","locations":[{"start":{"line":33,"column":58},"end":{"line":33,"column":66}},{"start":{"line":33,"column":70},"end":{"line":33,"column":72}}]},"6":{"loc":{"start":{"line":37,"column":4},"end":{"line":44,"column":5}},"type":"if","locations":[{"start":{"line":37,"column":4},"end":{"line":44,"column":5}},{"start":{},"end":{}}]},"7":{"loc":{"start":{"line":46,"column":4},"end":{"line":53,"column":5}},"type":"if","locations":[{"start":{"line":46,"column":4},"end":{"line":53,"column":5}},{"start":{},"end":{}}]},"8":{"loc":{"start":{"line":55,"column":4},"end":{"line":62,"column":5}},"type":"if","locations":[{"start":{"line":55,"column":4},"end":{"line":62,"column":5}},{"start":{},"end":{}}]},"9":{"loc":{"start":{"line":70,"column":6},"end":{"line":70,"column":80}},"type":"if","locations":[{"start":{"line":70,"column":6},"end":{"line":70,"column":80}},{"start":{},"end":{}}]},"10":{"loc":{"start":{"line":70,"column":10},"end":{"line":70,"column":65}},"type":"binary-expr","locations":[{"start":{"line":70,"column":10},"end":{"line":70,"column":11}},{"start":{"line":70,"column":15},"end":{"line":70,"column":23}},{"start":{"line":70,"column":27},"end":{"line":70,"column":65}}]},"11":{"loc":{"start":{"line":71,"column":6},"end":{"line":71,"column":43}},"type":"if","locations":[{"start":{"line":71,"column":6},"end":{"line":71,"column":43}},{"start":{},"end":{}}]},"12":{"loc":{"start":{"line":71,"column":10},"end":{"line":71,"column":25}},"type":"binary-expr","locations":[{"start":{"line":71,"column":10},"end":{"line":71,"column":11}},{"start":{"line":71,"column":15},"end":{"line":71,"column":25}}]},"13":{"loc":{"start":{"line":74,"column":4},"end":{"line":78,"column":5}},"type":"if","locations":[{"start":{"line":74,"column":4},"end":{"line":78,"column":5}},{"start":{},"end":{}}]},"14":{"loc":{"start":{"line":80,"column":4},"end":{"line":80,"column":95}},"type":"if","locations":[{"start":{"line":80,"column":4},"end":{"line":80,"column":95}},{"start":{},"end":{}}]}},"s":{"0":19,"1":19,"2":19,"3":19,"4":19,"5":241,"6":241,"7":12,"8":12,"9":12,"10":12,"11":12,"12":12,"13":12,"14":12,"15":12,"16":10,"17":10,"18":9,"19":12,"20":10,"21":10,"22":9,"23":12,"24":2,"25":2,"26":2,"27":12,"28":11,"29":11,"30":11,"31":20,"32":0,"33":20,"34":3,"35":11,"36":11,"37":11,"38":11,"39":11,"40":2,"41":9,"42":19,"43":19},"f":{"0":241,"1":12,"2":9,"3":9,"4":2},"b":{"0":[12,7,7],"1":[12,1,1],"2":[12,1],"3":[12,2,1],"4":[12,1],"5":[12,1],"6":[10,2],"7":[10,2],"8":[2,10],"9":[0,20],"10":[20,20,20],"11":[3,17],"12":[20,20],"13":[11,0],"14":[2,9]}}
,"D:\\Videji i Ucenje\\portfolio-grade\\apps\\api\\src\\common\\guards\\roles.guard.ts": {"path":"D:\\Videji i Ucenje\\portfolio-grade\\apps\\api\\src\\common\\guards\\roles.guard.ts","statementMap":{"0":{"start":{"line":1,"column":0},"end":{"line":1,"column":null}},"1":{"start":{"line":8,"column":0},"end":{"line":8,"column":41}},"2":{"start":{"line":9,"column":0},"end":{"line":9,"column":68}},"3":{"start":{"line":10,"column":0},"end":{"line":10,"column":58}},"4":{"start":{"line":12,"column":0},"end":{"line":12,"column":57}},"5":{"start":{"line":14,"column":15},"end":{"line":14,"column":54}},"6":{"start":{"line":17,"column":7},"end":{"line":52,"column":null}},"7":{"start":{"line":18,"column":22},"end":{"line":18,"column":33}},"8":{"start":{"line":18,"column":52},"end":{"line":18,"column":60}},"9":{"start":{"line":21,"column":21},"end":{"line":24,"column":6}},"10":{"start":{"line":25,"column":4},"end":{"line":25,"column":56}},"11":{"start":{"line":25,"column":44},"end":{"line":25,"column":56}},"12":{"start":{"line":27,"column":20},"end":{"line":27,"column":51}},"13":{"start":{"line":28,"column":17},"end":{"line":28,"column":78}},"14":{"start":{"line":29,"column":4},"end":{"line":29,"column":67}},"15":{"start":{"line":29,"column":15},"end":{"line":29,"column":67}},"16":{"start":{"line":31,"column":18},"end":{"line":31,"column":77}},"17":{"start":{"line":32,"column":4},"end":{"line":32,"column":82}},"18":{"start":{"line":32,"column":16},"end":{"line":32,"column":82}},"19":{"start":{"line":35,"column":23},"end":{"line":38,"column":6}},"20":{"start":{"line":40,"column":4},"end":{"line":42,"column":5}},"21":{"start":{"line":41,"column":6},"end":{"line":41,"column":74}},"22":{"start":{"line":45,"column":19},"end":{"line":45,"column":68}},"23":{"start":{"line":45,"column":49},"end":{"line":45,"column":66}},"24":{"start":{"line":46,"column":17},"end":{"line":46,"column":48}},"25":{"start":{"line":47,"column":15},"end":{"line":47,"column":29}},"26":{"start":{"line":49,"column":4},"end":{"line":49,"column":63}},"27":{"start":{"line":49,"column":13},"end":{"line":49,"column":63}},"28":{"start":{"line":50,"column":4},"end":{"line":50,"column":16}},"29":{"start":{"line":17,"column":13},"end":{"line":17,"column":23}},"30":{"start":{"line":17,"column":13},"end":{"line":52,"column":null}}},"fnMap":{"0":{"name":"(anonymous_0)","decl":{"start":{"line":18,"column":2},"end":{"line":18,"column":22}},"loc":{"start":{"line":18,"column":73},"end":{"line":18,"column":77}}},"1":{"name":"(anonymous_1)","decl":{"start":{"line":20,"column":2},"end":{"line":20,"column":7}},"loc":{"start":{"line":20,"column":41},"end":{"line":51,"column":3}}},"2":{"name":"(anonymous_2)","decl":{"start":{"line":45,"column":44},"end":{"line":45,"column":45}},"loc":{"start":{"line":45,"column":49},"end":{"line":45,"column":66}}}},"branchMap":{"0":{"loc":{"start":{"line":14,"column":15},"end":{"line":14,"column":54}},"type":"binary-expr","locations":[{"start":{"line":14,"column":15},"end":{"line":14,"column":40}},{"start":{"line":14,"column":44},"end":{"line":14,"column":54}}]},"1":{"loc":{"start":{"line":25,"column":4},"end":{"line":25,"column":56}},"type":"if","locations":[{"start":{"line":25,"column":4},"end":{"line":25,"column":56}},{"start":{},"end":{}}]},"2":{"loc":{"start":{"line":25,"column":8},"end":{"line":25,"column":42}},"type":"binary-expr","locations":[{"start":{"line":25,"column":8},"end":{"line":25,"column":17}},{"start":{"line":25,"column":21},"end":{"line":25,"column":42}}]},"3":{"loc":{"start":{"line":29,"column":4},"end":{"line":29,"column":67}},"type":"if","locations":[{"start":{"line":29,"column":4},"end":{"line":29,"column":67}},{"start":{},"end":{}}]},"4":{"loc":{"start":{"line":32,"column":4},"end":{"line":32,"column":82}},"type":"if","locations":[{"start":{"line":32,"column":4},"end":{"line":32,"column":82}},{"start":{},"end":{}}]},"5":{"loc":{"start":{"line":40,"column":4},"end":{"line":42,"column":5}},"type":"if","locations":[{"start":{"line":40,"column":4},"end":{"line":42,"column":5}},{"start":{},"end":{}}]},"6":{"loc":{"start":{"line":49,"column":4},"end":{"line":49,"column":63}},"type":"if","locations":[{"start":{"line":49,"column":4},"end":{"line":49,"column":63}},{"start":{},"end":{}}]}},"s":{"0":22,"1":22,"2":22,"3":22,"4":22,"5":22,"6":22,"7":221,"8":221,"9":16,"10":16,"11":2,"12":14,"13":14,"14":14,"15":1,"16":13,"17":13,"18":1,"19":12,"20":11,"21":1,"22":10,"23":11,"24":10,"25":10,"26":10,"27":2,"28":8,"29":22,"30":22},"f":{"0":221,"1":16,"2":11},"b":{"0":[22,0],"1":[2,14],"2":[16,15],"3":[1,13],"4":[1,12],"5":[1,10],"6":[2,8]}}
,"D:\\Videji i Ucenje\\portfolio-grade\\apps\\api\\src\\common\\guards\\tenant.guard.ts": {"path":"D:\\Videji i Ucenje\\portfolio-grade\\apps\\api\\src\\common\\guards\\tenant.guard.ts","statementMap":{"0":{"start":{"line":1,"column":0},"end":{"line":1,"column":95}},"1":{"start":{"line":2,"column":0},"end":{"line":2,"column":53}},"2":{"start":{"line":5,"column":7},"end":{"line":18,"column":null}},"3":{"start":{"line":7,"column":16},"end":{"line":7,"column":51}},"4":{"start":{"line":8,"column":18},"end":{"line":8,"column":66}},"5":{"start":{"line":10,"column":4},"end":{"line":12,"column":5}},"6":{"start":{"line":11,"column":6},"end":{"line":11,"column":79}},"7":{"start":{"line":15,"column":4},"end":{"line":15,"column":22}},"8":{"start":{"line":16,"column":4},"end":{"line":16,"column":16}},"9":{"start":{"line":5,"column":13},"end":{"line":5,"column":24}},"10":{"start":{"line":5,"column":13},"end":{"line":18,"column":null}}},"fnMap":{"0":{"name":"(anonymous_0)","decl":{"start":{"line":6,"column":2},"end":{"line":6,"column":13}},"loc":{"start":{"line":6,"column":39},"end":{"line":17,"column":3}}}},"branchMap":{"0":{"loc":{"start":{"line":10,"column":4},"end":{"line":12,"column":5}},"type":"if","locations":[{"start":{"line":10,"column":4},"end":{"line":12,"column":5}},{"start":{},"end":{}}]}},"s":{"0":23,"1":23,"2":23,"3":19,"4":19,"5":18,"6":6,"7":12,"8":12,"9":23,"10":23},"f":{"0":19},"b":{"0":[6,12]}}
,"D:\\Videji i Ucenje\\portfolio-grade\\apps\\api\\src\\common\\http\\idempotency\\idempotency.interceptor.ts": {"path":"D:\\Videji i Ucenje\\portfolio-grade\\apps\\api\\src\\common\\http\\idempotency\\idempotency.interceptor.ts","statementMap":{"0":{"start":{"line":1,"column":0},"end":{"line":1,"column":null}},"1":{"start":{"line":8,"column":0},"end":{"line":8,"column":60}},"2":{"start":{"line":9,"column":0},"end":{"line":9,"column":71}},"3":{"start":{"line":10,"column":0},"end":{"line":10,"column":36}},"4":{"start":{"line":13,"column":15},"end":{"line":13,"column":84}},"5":{"start":{"line":14,"column":2},"end":{"line":14,"column":57}},"6":{"start":{"line":18,"column":7},"end":{"line":81,"column":null}},"7":{"start":{"line":19,"column":31},"end":{"line":19,"column":39}},"8":{"start":{"line":22,"column":16},"end":{"line":22,"column":47}},"9":{"start":{"line":23,"column":16},"end":{"line":23,"column":48}},"10":{"start":{"line":25,"column":4},"end":{"line":27,"column":5}},"11":{"start":{"line":26,"column":6},"end":{"line":26,"column":27}},"12":{"start":{"line":29,"column":18},"end":{"line":29,"column":63}},"13":{"start":{"line":30,"column":16},"end":{"line":30,"column":68}},"14":{"start":{"line":31,"column":4},"end":{"line":33,"column":5}},"15":{"start":{"line":32,"column":6},"end":{"line":32,"column":75}},"16":{"start":{"line":36,"column":18},"end":{"line":36,"column":84}},"17":{"start":{"line":37,"column":17},"end":{"line":37,"column":35}},"18":{"start":{"line":39,"column":4},"end":{"line":79,"column":6}},"19":{"start":{"line":46,"column":8},"end":{"line":54,"column":9}},"20":{"start":{"line":47,"column":10},"end":{"line":50,"column":11}},"21":{"start":{"line":48,"column":12},"end":{"line":48,"column":50}},"22":{"start":{"line":49,"column":12},"end":{"line":49,"column":38}},"23":{"start":{"line":51,"column":10},"end":{"line":53,"column":12}},"24":{"start":{"line":56,"column":8},"end":{"line":77,"column":10}},"25":{"start":{"line":63,"column":12},"end":{"line":74,"column":null}},"26":{"start":{"line":65,"column":16},"end":{"line":73,"column":17}},"27":{"start":{"line":66,"column":18},"end":{"line":69,"column":21}},"28":{"start":{"line":70,"column":18},"end":{"line":70,"column":57}},"29":{"start":{"line":18,"column":13},"end":{"line":18,"column":35}},"30":{"start":{"line":18,"column":13},"end":{"line":81,"column":null}}},"fnMap":{"0":{"name":"bodyHash","decl":{"start":{"line":12,"column":9},"end":{"line":12,"column":17}},"loc":{"start":{"line":12,"column":30},"end":{"line":15,"column":1}}},"1":{"name":"(anonymous_1)","decl":{"start":{"line":19,"column":2},"end":{"line":19,"column":31}},"loc":{"start":{"line":19,"column":52},"end":{"line":19,"column":56}}},"2":{"name":"(anonymous_2)","decl":{"start":{"line":21,"column":2},"end":{"line":21,"column":11}},"loc":{"start":{"line":21,"column":52},"end":{"line":80,"column":3}}},"3":{"name":"(anonymous_3)","decl":{"start":{"line":45,"column":16},"end":{"line":45,"column":17}},"loc":{"start":{"line":45,"column":70},"end":{"line":78,"column":7}}},"4":{"name":"(anonymous_4)","decl":{"start":{"line":62,"column":20},"end":{"line":62,"column":21}},"loc":{"start":{"line":63,"column":12},"end":{"line":74,"column":null}}},"5":{"name":"(anonymous_5)","decl":{"start":{"line":64,"column":18},"end":{"line":64,"column":23}},"loc":{"start":{"line":64,"column":31},"end":{"line":74,"column":15}}}},"branchMap":{"0":{"loc":{"start":{"line":13,"column":15},"end":{"line":13,"column":84}},"type":"cond-expr","locations":[{"start":{"line":13,"column":45},"end":{"line":13,"column":52}},{"start":{"line":13,"column":55},"end":{"line":13,"column":84}}]},"1":{"loc":{"start":{"line":13,"column":70},"end":{"line":13,"column":83}},"type":"binary-expr","locations":[{"start":{"line":13,"column":70},"end":{"line":13,"column":77}},{"start":{"line":13,"column":81},"end":{"line":13,"column":83}}]},"2":{"loc":{"start":{"line":25,"column":4},"end":{"line":27,"column":5}},"type":"if","locations":[{"start":{"line":25,"column":4},"end":{"line":27,"column":5}},{"start":{},"end":{}}]},"3":{"loc":{"start":{"line":31,"column":4},"end":{"line":33,"column":5}},"type":"if","locations":[{"start":{"line":31,"column":4},"end":{"line":33,"column":5}},{"start":{},"end":{}}]},"4":{"loc":{"start":{"line":31,"column":8},"end":{"line":31,"column":22}},"type":"binary-expr","locations":[{"start":{"line":31,"column":8},"end":{"line":31,"column":14}},{"start":{"line":31,"column":18},"end":{"line":31,"column":22}}]},"5":{"loc":{"start":{"line":36,"column":35},"end":{"line":36,"column":52}},"type":"binary-expr","locations":[{"start":{"line":36,"column":35},"end":{"line":36,"column":46}},{"start":{"line":36,"column":50},"end":{"line":36,"column":52}}]},"6":{"loc":{"start":{"line":36,"column":55},"end":{"line":36,"column":82}},"type":"binary-expr","locations":[{"start":{"line":36,"column":55},"end":{"line":36,"column":70}},{"start":{"line":36,"column":74},"end":{"line":36,"column":82}}]},"7":{"loc":{"start":{"line":46,"column":8},"end":{"line":54,"column":9}},"type":"if","locations":[{"start":{"line":46,"column":8},"end":{"line":54,"column":9}},{"start":{},"end":{}}]},"8":{"loc":{"start":{"line":47,"column":10},"end":{"line":50,"column":11}},"type":"if","locations":[{"start":{"line":47,"column":10},"end":{"line":50,"column":11}},{"start":{},"end":{}}]},"9":{"loc":{"start":{"line":47,"column":14},"end":{"line":47,"column":63}},"type":"binary-expr","locations":[{"start":{"line":47,"column":14},"end":{"line":47,"column":37}},{"start":{"line":47,"column":41},"end":{"line":47,"column":63}}]}},"s":{"0":21,"1":21,"2":21,"3":21,"4":16,"5":16,"6":21,"7":287,"8":19,"9":19,"10":19,"11":1,"12":18,"13":18,"14":18,"15":2,"16":16,"17":16,"18":16,"19":15,"20":2,"21":1,"22":1,"23":1,"24":13,"25":12,"26":12,"27":12,"28":11,"29":21,"30":21},"f":{"0":16,"1":287,"2":19,"3":15,"4":12,"5":12},"b":{"0":[1,15],"1":[15,2],"2":[1,18],"3":[2,16],"4":[18,17],"5":[16,1],"6":[16,1],"7":[2,13],"8":[1,1],"9":[2,1]}}
,"D:\\Videji i Ucenje\\portfolio-grade\\apps\\api\\src\\infra\\infra.module.ts": {"path":"D:\\Videji i Ucenje\\portfolio-grade\\apps\\api\\src\\infra\\infra.module.ts","statementMap":{"0":{"start":{"line":1,"column":0},"end":{"line":1,"column":40}},"1":{"start":{"line":2,"column":0},"end":{"line":2,"column":56}},"2":{"start":{"line":3,"column":0},"end":{"line":3,"column":58}},"3":{"start":{"line":4,"column":0},"end":{"line":4,"column":58}},"4":{"start":{"line":5,"column":0},"end":{"line":5,"column":66}},"5":{"start":{"line":6,"column":0},"end":{"line":6,"column":65}},"6":{"start":{"line":7,"column":0},"end":{"line":7,"column":56}},"7":{"start":{"line":8,"column":0},"end":{"line":8,"column":74}},"8":{"start":{"line":9,"column":0},"end":{"line":9,"column":80}},"9":{"start":{"line":32,"column":7},"end":{"line":32,"column":null}},"10":{"start":{"line":32,"column":13},"end":{"line":32,"column":24}},"11":{"start":{"line":32,"column":13},"end":{"line":32,"column":null}}},"fnMap":{},"branchMap":{},"s":{"0":13,"1":13,"2":13,"3":13,"4":13,"5":13,"6":13,"7":13,"8":13,"9":13,"10":13,"11":13},"f":{},"b":{}}
,"D:\\Videji i Ucenje\\portfolio-grade\\apps\\api\\src\\infra\\jobs\\types.ts": {"path":"D:\\Videji i Ucenje\\portfolio-grade\\apps\\api\\src\\infra\\jobs\\types.ts","statementMap":{"0":{"start":{"line":1,"column":13},"end":{"line":1,"column":49}},"1":{"start":{"line":2,"column":13},"end":{"line":2,"column":43}}},"fnMap":{},"branchMap":{},"s":{"0":19,"1":19},"f":{},"b":{}}
,"D:\\Videji i Ucenje\\portfolio-grade\\apps\\api\\src\\infra\\jobs\\processors\\post-preview.processor.ts": {"path":"D:\\Videji i Ucenje\\portfolio-grade\\apps\\api\\src\\infra\\jobs\\processors\\post-preview.processor.ts","statementMap":{"0":{"start":{"line":1,"column":0},"end":{"line":1,"column":66}},"1":{"start":{"line":2,"column":0},"end":{"line":2,"column":60}},"2":{"start":{"line":3,"column":0},"end":{"line":3,"column":62}},"3":{"start":{"line":4,"column":0},"end":{"line":4,"column":62}},"4":{"start":{"line":8,"column":33},"end":{"line":43,"column":null}},"5":{"start":{"line":11,"column":31},"end":{"line":11,"column":39}},"6":{"start":{"line":11,"column":70},"end":{"line":11,"column":78}},"7":{"start":{"line":9,"column":19},"end":{"line":9,"column":66}},"8":{"start":{"line":14,"column":15},"end":{"line":20,"column":null}},"9":{"start":{"line":17,"column":34},"end":{"line":17,"column":60}},"10":{"start":{"line":18,"column":8},"end":{"line":18,"column":43}},"11":{"start":{"line":22,"column":4},"end":{"line":22,"column":87}},"12":{"start":{"line":22,"column":13},"end":{"line":22,"column":87}},"13":{"start":{"line":26,"column":4},"end":{"line":26,"column":100}},"14":{"start":{"line":31,"column":17},"end":{"line":31,"column":99}},"15":{"start":{"line":32,"column":4},"end":{"line":32,"column":22}},"16":{"start":{"line":32,"column":15},"end":{"line":32,"column":22}},"17":{"start":{"line":34,"column":16},"end":{"line":34,"column":63}},"18":{"start":{"line":37,"column":4},"end":{"line":39,"column":7}},"19":{"start":{"line":41,"column":4},"end":{"line":41,"column":67}},"20":{"start":{"line":8,"column":13},"end":{"line":8,"column":33}},"21":{"start":{"line":8,"column":13},"end":{"line":43,"column":null}}},"fnMap":{"0":{"name":"(anonymous_0)","decl":{"start":{"line":11,"column":2},"end":{"line":11,"column":31}},"loc":{"start":{"line":11,"column":91},"end":{"line":11,"column":95}}},"1":{"name":"(anonymous_1)","decl":{"start":{"line":13,"column":2},"end":{"line":13,"column":7}},"loc":{"start":{"line":13,"column":20},"end":{"line":23,"column":3}}},"2":{"name":"(anonymous_2)","decl":{"start":{"line":16,"column":6},"end":{"line":16,"column":11}},"loc":{"start":{"line":16,"column":41},"end":{"line":19,"column":7}}},"3":{"name":"(anonymous_3)","decl":{"start":{"line":25,"column":2},"end":{"line":25,"column":7}},"loc":{"start":{"line":25,"column":45},"end":{"line":27,"column":3}}},"4":{"name":"(anonymous_4)","decl":{"start":{"line":29,"column":10},"end":{"line":29,"column":15}},"loc":{"start":{"line":29,"column":54},"end":{"line":42,"column":3}}}},"branchMap":{"0":{"loc":{"start":{"line":22,"column":4},"end":{"line":22,"column":87}},"type":"if","locations":[{"start":{"line":22,"column":4},"end":{"line":22,"column":87}},{"start":{},"end":{}}]},"1":{"loc":{"start":{"line":32,"column":4},"end":{"line":32,"column":22}},"type":"if","locations":[{"start":{"line":32,"column":4},"end":{"line":32,"column":22}},{"start":{},"end":{}}]}},"s":{"0":18,"1":18,"2":18,"3":18,"4":18,"5":72,"6":72,"7":72,"8":2,"9":0,"10":0,"11":2,"12":1,"13":2,"14":5,"15":4,"16":2,"17":2,"18":2,"19":1,"20":18,"21":18},"f":{"0":72,"1":2,"2":0,"3":2,"4":5},"b":{"0":[1,1],"1":[2,2]}}
,"D:\\Videji i Ucenje\\portfolio-grade\\apps\\api\\src\\infra\\jobs\\processors\\tag-stats.processor.ts": {"path":"D:\\Videji i Ucenje\\portfolio-grade\\apps\\api\\src\\infra\\jobs\\processors\\tag-stats.processor.ts","statementMap":{"0":{"start":{"line":1,"column":0},"end":{"line":1,"column":66}},"1":{"start":{"line":2,"column":0},"end":{"line":2,"column":60}},"2":{"start":{"line":3,"column":0},"end":{"line":3,"column":56}},"3":{"start":{"line":4,"column":0},"end":{"line":4,"column":62}},"4":{"start":{"line":8,"column":30},"end":{"line":74,"column":null}},"5":{"start":{"line":11,"column":31},"end":{"line":11,"column":39}},"6":{"start":{"line":11,"column":70},"end":{"line":11,"column":78}},"7":{"start":{"line":9,"column":19},"end":{"line":9,"column":63}},"8":{"start":{"line":14,"column":23},"end":{"line":20,"column":null}},"9":{"start":{"line":17,"column":26},"end":{"line":17,"column":49}},"10":{"start":{"line":18,"column":8},"end":{"line":18,"column":34}},"11":{"start":{"line":22,"column":4},"end":{"line":25,"column":5}},"12":{"start":{"line":23,"column":6},"end":{"line":23,"column":77}},"13":{"start":{"line":24,"column":6},"end":{"line":24,"column":13}},"14":{"start":{"line":28,"column":4},"end":{"line":34,"column":6}},"15":{"start":{"line":39,"column":4},"end":{"line":39,"column":78}},"16":{"start":{"line":44,"column":4},"end":{"line":51,"column":5}},"17":{"start":{"line":45,"column":19},"end":{"line":45,"column":84}},"18":{"start":{"line":46,"column":6},"end":{"line":48,"column":7}},"19":{"start":{"line":47,"column":8},"end":{"line":47,"column":39}},"20":{"start":{"line":50,"column":6},"end":{"line":50,"column":38}},"21":{"start":{"line":55,"column":22},"end":{"line":59,"column":6}},"22":{"start":{"line":62,"column":4},"end":{"line":70,"column":7}},"23":{"start":{"line":63,"column":6},"end":{"line":69,"column":7}},"24":{"start":{"line":64,"column":8},"end":{"line":68,"column":11}},"25":{"start":{"line":72,"column":4},"end":{"line":72,"column":82}},"26":{"start":{"line":8,"column":13},"end":{"line":8,"column":30}},"27":{"start":{"line":8,"column":13},"end":{"line":74,"column":null}}},"fnMap":{"0":{"name":"(anonymous_0)","decl":{"start":{"line":11,"column":2},"end":{"line":11,"column":31}},"loc":{"start":{"line":11,"column":91},"end":{"line":11,"column":95}}},"1":{"name":"(anonymous_1)","decl":{"start":{"line":13,"column":2},"end":{"line":13,"column":7}},"loc":{"start":{"line":13,"column":20},"end":{"line":35,"column":3}}},"2":{"name":"(anonymous_2)","decl":{"start":{"line":16,"column":6},"end":{"line":16,"column":11}},"loc":{"start":{"line":16,"column":38},"end":{"line":19,"column":7}}},"3":{"name":"(anonymous_3)","decl":{"start":{"line":38,"column":2},"end":{"line":38,"column":7}},"loc":{"start":{"line":38,"column":29},"end":{"line":40,"column":3}}},"4":{"name":"(anonymous_4)","decl":{"start":{"line":43,"column":10},"end":{"line":43,"column":15}},"loc":{"start":{"line":43,"column":37},"end":{"line":52,"column":3}}},"5":{"name":"(anonymous_5)","decl":{"start":{"line":54,"column":10},"end":{"line":54,"column":15}},"loc":{"start":{"line":54,"column":43},"end":{"line":73,"column":3}}},"6":{"name":"(anonymous_6)","decl":{"start":{"line":62,"column":35},"end":{"line":62,"column":40}},"loc":{"start":{"line":62,"column":46},"end":{"line":70,"column":5}}}},"branchMap":{"0":{"loc":{"start":{"line":22,"column":4},"end":{"line":25,"column":5}},"type":"if","locations":[{"start":{"line":22,"column":4},"end":{"line":25,"column":5}},{"start":{},"end":{}}]},"1":{"loc":{"start":{"line":44,"column":4},"end":{"line":51,"column":5}},"type":"if","locations":[{"start":{"line":44,"column":4},"end":{"line":51,"column":5}},{"start":{"line":49,"column":11},"end":{"line":51,"column":5}}]}},"s":{"0":16,"1":16,"2":16,"3":16,"4":16,"5":80,"6":80,"7":80,"8":2,"9":0,"10":0,"11":2,"12":1,"13":1,"14":1,"15":2,"16":3,"17":1,"18":1,"19":2,"20":2,"21":7,"22":6,"23":5,"24":6,"25":5,"26":16,"27":16},"f":{"0":80,"1":2,"2":0,"3":2,"4":3,"5":7,"6":5},"b":{"0":[1,1],"1":[1,2]}}
,"D:\\Videji i Ucenje\\portfolio-grade\\apps\\api\\src\\infra\\services\\dispatcher.service.ts": {"path":"D:\\Videji i Ucenje\\portfolio-grade\\apps\\api\\src\\infra\\services\\dispatcher.service.ts","statementMap":{"0":{"start":{"line":1,"column":0},"end":{"line":1,"column":83}},"1":{"start":{"line":2,"column":0},"end":{"line":2,"column":49}},"2":{"start":{"line":5,"column":30},"end":{"line":112,"column":null}},"3":{"start":{"line":10,"column":31},"end":{"line":10,"column":39}},"4":{"start":{"line":6,"column":19},"end":{"line":6,"column":63}},"5":{"start":{"line":8,"column":19},"end":{"line":8,"column":75}},"6":{"start":{"line":14,"column":4},"end":{"line":14,"column":81}},"7":{"start":{"line":14,"column":35},"end":{"line":14,"column":62}},"8":{"start":{"line":15,"column":4},"end":{"line":15,"column":78}},"9":{"start":{"line":19,"column":4},"end":{"line":19,"column":46}},"10":{"start":{"line":19,"column":20},"end":{"line":19,"column":46}},"11":{"start":{"line":23,"column":19},"end":{"line":23,"column":46}},"12":{"start":{"line":24,"column":4},"end":{"line":34,"column":5}},"13":{"start":{"line":25,"column":18},"end":{"line":25,"column":46}},"14":{"start":{"line":26,"column":6},"end":{"line":26,"column":25}},"15":{"start":{"line":26,"column":16},"end":{"line":26,"column":25}},"16":{"start":{"line":27,"column":6},"end":{"line":33,"column":7}},"17":{"start":{"line":28,"column":8},"end":{"line":28,"column":50}},"18":{"start":{"line":29,"column":8},"end":{"line":29,"column":43}},"19":{"start":{"line":31,"column":8},"end":{"line":31,"column":73}},"20":{"start":{"line":32,"column":8},"end":{"line":32,"column":44}},"21":{"start":{"line":39,"column":4},"end":{"line":110,"column":5}},"22":{"start":{"line":42,"column":8},"end":{"line":42,"column":73}},"23":{"start":{"line":43,"column":8},"end":{"line":43,"column":15}},"24":{"start":{"line":45,"column":8},"end":{"line":45,"column":55}},"25":{"start":{"line":46,"column":8},"end":{"line":46,"column":15}},"26":{"start":{"line":48,"column":8},"end":{"line":48,"column":55}},"27":{"start":{"line":49,"column":8},"end":{"line":49,"column":15}},"28":{"start":{"line":51,"column":8},"end":{"line":51,"column":72}},"29":{"start":{"line":52,"column":8},"end":{"line":52,"column":15}},"30":{"start":{"line":54,"column":8},"end":{"line":54,"column":72}},"31":{"start":{"line":55,"column":8},"end":{"line":55,"column":15}},"32":{"start":{"line":57,"column":8},"end":{"line":57,"column":54}},"33":{"start":{"line":58,"column":8},"end":{"line":58,"column":15}},"34":{"start":{"line":60,"column":8},"end":{"line":60,"column":73}},"35":{"start":{"line":61,"column":8},"end":{"line":61,"column":15}},"36":{"start":{"line":63,"column":8},"end":{"line":63,"column":73}},"37":{"start":{"line":64,"column":8},"end":{"line":64,"column":15}},"38":{"start":{"line":66,"column":8},"end":{"line":66,"column":55}},"39":{"start":{"line":67,"column":8},"end":{"line":67,"column":15}},"40":{"start":{"line":69,"column":8},"end":{"line":69,"column":78}},"41":{"start":{"line":70,"column":8},"end":{"line":70,"column":15}},"42":{"start":{"line":72,"column":8},"end":{"line":72,"column":70}},"43":{"start":{"line":73,"column":8},"end":{"line":73,"column":15}},"44":{"start":{"line":75,"column":8},"end":{"line":75,"column":55}},"45":{"start":{"line":76,"column":8},"end":{"line":76,"column":15}},"46":{"start":{"line":78,"column":8},"end":{"line":78,"column":55}},"47":{"start":{"line":79,"column":8},"end":{"line":79,"column":15}},"48":{"start":{"line":81,"column":8},"end":{"line":81,"column":55}},"49":{"start":{"line":82,"column":8},"end":{"line":82,"column":15}},"50":{"start":{"line":84,"column":8},"end":{"line":84,"column":81}},"51":{"start":{"line":85,"column":8},"end":{"line":85,"column":15}},"52":{"start":{"line":87,"column":8},"end":{"line":87,"column":81}},"53":{"start":{"line":88,"column":8},"end":{"line":88,"column":15}},"54":{"start":{"line":90,"column":8},"end":{"line":90,"column":81}},"55":{"start":{"line":91,"column":8},"end":{"line":91,"column":15}},"56":{"start":{"line":93,"column":8},"end":{"line":93,"column":88}},"57":{"start":{"line":94,"column":8},"end":{"line":94,"column":15}},"58":{"start":{"line":96,"column":8},"end":{"line":96,"column":85}},"59":{"start":{"line":97,"column":8},"end":{"line":97,"column":15}},"60":{"start":{"line":99,"column":8},"end":{"line":99,"column":58}},"61":{"start":{"line":100,"column":8},"end":{"line":100,"column":15}},"62":{"start":{"line":102,"column":8},"end":{"line":102,"column":58}},"63":{"start":{"line":103,"column":8},"end":{"line":103,"column":15}},"64":{"start":{"line":105,"column":8},"end":{"line":105,"column":59}},"65":{"start":{"line":106,"column":8},"end":{"line":106,"column":15}},"66":{"start":{"line":109,"column":8},"end":{"line":109,"column":53}},"67":{"start":{"line":5,"column":13},"end":{"line":5,"column":30}},"68":{"start":{"line":5,"column":13},"end":{"line":112,"column":null}}},"fnMap":{"0":{"name":"(anonymous_0)","decl":{"start":{"line":10,"column":2},"end":{"line":10,"column":31}},"loc":{"start":{"line":10,"column":52},"end":{"line":10,"column":56}}},"1":{"name":"(anonymous_1)","decl":{"start":{"line":12,"column":2},"end":{"line":12,"column":14}},"loc":{"start":{"line":12,"column":14},"end":{"line":16,"column":3}}},"2":{"name":"(anonymous_2)","decl":{"start":{"line":14,"column":29},"end":{"line":14,"column":32}},"loc":{"start":{"line":14,"column":35},"end":{"line":14,"column":62}}},"3":{"name":"(anonymous_3)","decl":{"start":{"line":14,"column":53},"end":{"line":14,"column":56}},"loc":{"start":{"line":14,"column":58},"end":{"line":14,"column":61}}},"4":{"name":"(anonymous_4)","decl":{"start":{"line":18,"column":2},"end":{"line":18,"column":17}},"loc":{"start":{"line":18,"column":17},"end":{"line":20,"column":3}}},"5":{"name":"(anonymous_5)","decl":{"start":{"line":22,"column":10},"end":{"line":22,"column":15}},"loc":{"start":{"line":22,"column":20},"end":{"line":35,"column":3}}},"6":{"name":"(anonymous_6)","decl":{"start":{"line":38,"column":10},"end":{"line":38,"column":15}},"loc":{"start":{"line":38,"column":50},"end":{"line":111,"column":3}}}},"branchMap":{"0":{"loc":{"start":{"line":8,"column":39},"end":{"line":8,"column":73}},"type":"binary-expr","locations":[{"start":{"line":8,"column":39},"end":{"line":8,"column":65}},{"start":{"line":8,"column":69},"end":{"line":8,"column":73}}]},"1":{"loc":{"start":{"line":19,"column":4},"end":{"line":19,"column":46}},"type":"if","locations":[{"start":{"line":19,"column":4},"end":{"line":19,"column":46}},{"start":{},"end":{}}]},"2":{"loc":{"start":{"line":26,"column":6},"end":{"line":26,"column":25}},"type":"if","locations":[{"start":{"line":26,"column":6},"end":{"line":26,"column":25}},{"start":{},"end":{}}]},"3":{"loc":{"start":{"line":39,"column":4},"end":{"line":110,"column":5}},"type":"switch","locations":[{"start":{"line":40,"column":6},"end":{"line":43,"column":15}},{"start":{"line":44,"column":6},"end":{"line":46,"column":15}},{"start":{"line":47,"column":6},"end":{"line":49,"column":15}},{"start":{"line":50,"column":6},"end":{"line":52,"column":15}},{"start":{"line":53,"column":6},"end":{"line":55,"column":15}},{"start":{"line":56,"column":6},"end":{"line":58,"column":15}},{"start":{"line":59,"column":6},"end":{"line":61,"column":15}},{"start":{"line":62,"column":6},"end":{"line":64,"column":15}},{"start":{"line":65,"column":6},"end":{"line":67,"column":15}},{"start":{"line":68,"column":6},"end":{"line":70,"column":15}},{"start":{"line":71,"column":6},"end":{"line":73,"column":15}},{"start":{"line":74,"column":6},"end":{"line":76,"column":15}},{"start":{"line":77,"column":6},"end":{"line":79,"column":15}},{"start":{"line":80,"column":6},"end":{"line":82,"column":15}},{"start":{"line":83,"column":6},"end":{"line":85,"column":15}},{"start":{"line":86,"column":6},"end":{"line":88,"column":15}},{"start":{"line":89,"column":6},"end":{"line":91,"column":15}},{"start":{"line":92,"column":6},"end":{"line":94,"column":15}},{"start":{"line":95,"column":6},"end":{"line":97,"column":15}},{"start":{"line":98,"column":6},"end":{"line":100,"column":15}},{"start":{"line":101,"column":6},"end":{"line":103,"column":15}},{"start":{"line":104,"column":6},"end":{"line":106,"column":15}},{"start":{"line":108,"column":6},"end":{"line":109,"column":53}}]}},"s":{"0":14,"1":14,"2":14,"3":112,"4":112,"5":112,"6":6,"7":3,"8":6,"9":72,"10":1,"11":9,"12":8,"13":6,"14":6,"15":1,"16":5,"17":5,"18":4,"19":1,"20":1,"21":27,"22":3,"23":3,"24":1,"25":1,"26":1,"27":1,"28":1,"29":1,"30":1,"31":1,"32":1,"33":1,"34":2,"35":2,"36":1,"37":1,"38":1,"39":1,"40":1,"41":1,"42":1,"43":1,"44":1,"45":1,"46":1,"47":1,"48":1,"49":1,"50":1,"51":1,"52":1,"53":1,"54":1,"55":1,"56":1,"57":1,"58":1,"59":1,"60":1,"61":1,"62":1,"63":1,"64":1,"65":1,"66":2,"67":14,"68":14},"f":{"0":112,"1":6,"2":3,"3":0,"4":72,"5":9,"6":27},"b":{"0":[112,111],"1":[1,71],"2":[1,5],"3":[3,1,1,1,1,1,2,1,1,1,1,1,1,1,1,1,1,1,1,1,1,1,2]}}
,"D:\\Videji i Ucenje\\portfolio-grade\\apps\\api\\src\\infra\\services\\outbox.service.ts": {"path":"D:\\Videji i Ucenje\\portfolio-grade\\apps\\api\\src\\infra\\services\\outbox.service.ts","statementMap":{"0":{"start":{"line":1,"column":0},"end":{"line":1,"column":52}},"1":{"start":{"line":2,"column":0},"end":{"line":2,"column":49}},"2":{"start":{"line":5,"column":26},"end":{"line":51,"column":null}},"3":{"start":{"line":8,"column":31},"end":{"line":8,"column":39}},"4":{"start":{"line":6,"column":19},"end":{"line":6,"column":59}},"5":{"start":{"line":11,"column":4},"end":{"line":14,"column":7}},"6":{"start":{"line":19,"column":17},"end":{"line":32,"column":6}},"7":{"start":{"line":20,"column":22},"end":{"line":25,"column":8}},"8":{"start":{"line":26,"column":6},"end":{"line":26,"column":42}},"9":{"start":{"line":26,"column":32},"end":{"line":26,"column":42}},"10":{"start":{"line":27,"column":6},"end":{"line":30,"column":9}},"11":{"start":{"line":28,"column":44},"end":{"line":28,"column":48}},"12":{"start":{"line":31,"column":6},"end":{"line":31,"column":21}},"13":{"start":{"line":33,"column":4},"end":{"line":33,"column":79}},"14":{"start":{"line":33,"column":21},"end":{"line":33,"column":79}},"15":{"start":{"line":34,"column":4},"end":{"line":34,"column":16}},"16":{"start":{"line":38,"column":4},"end":{"line":38,"column":60}},"17":{"start":{"line":42,"column":4},"end":{"line":42,"column":81}},"18":{"start":{"line":46,"column":4},"end":{"line":49,"column":7}},"19":{"start":{"line":5,"column":13},"end":{"line":5,"column":26}},"20":{"start":{"line":5,"column":13},"end":{"line":51,"column":null}}},"fnMap":{"0":{"name":"(anonymous_0)","decl":{"start":{"line":8,"column":2},"end":{"line":8,"column":31}},"loc":{"start":{"line":8,"column":52},"end":{"line":8,"column":56}}},"1":{"name":"(anonymous_1)","decl":{"start":{"line":10,"column":2},"end":{"line":10,"column":7}},"loc":{"start":{"line":10,"column":47},"end":{"line":15,"column":3}}},"2":{"name":"(anonymous_2)","decl":{"start":{"line":17,"column":2},"end":{"line":17,"column":7}},"loc":{"start":{"line":17,"column":24},"end":{"line":35,"column":3}}},"3":{"name":"(anonymous_3)","decl":{"start":{"line":19,"column":48},"end":{"line":19,"column":53}},"loc":{"start":{"line":19,"column":59},"end":{"line":32,"column":5}}},"4":{"name":"(anonymous_4)","decl":{"start":{"line":28,"column":39},"end":{"line":28,"column":40}},"loc":{"start":{"line":28,"column":44},"end":{"line":28,"column":48}}},"5":{"name":"(anonymous_5)","decl":{"start":{"line":37,"column":2},"end":{"line":37,"column":7}},"loc":{"start":{"line":37,"column":23},"end":{"line":39,"column":3}}},"6":{"name":"(anonymous_6)","decl":{"start":{"line":41,"column":2},"end":{"line":41,"column":7}},"loc":{"start":{"line":41,"column":27},"end":{"line":43,"column":3}}},"7":{"name":"(anonymous_7)","decl":{"start":{"line":45,"column":2},"end":{"line":45,"column":7}},"loc":{"start":{"line":45,"column":44},"end":{"line":50,"column":3}}}},"branchMap":{"0":{"loc":{"start":{"line":17,"column":14},"end":{"line":17,"column":24}},"type":"default-arg","locations":[{"start":{"line":17,"column":22},"end":{"line":17,"column":24}}]},"1":{"loc":{"start":{"line":26,"column":6},"end":{"line":26,"column":42}},"type":"if","locations":[{"start":{"line":26,"column":6},"end":{"line":26,"column":42}},{"start":{},"end":{}}]},"2":{"loc":{"start":{"line":33,"column":4},"end":{"line":33,"column":79}},"type":"if","locations":[{"start":{"line":33,"column":4},"end":{"line":33,"column":79}},{"start":{},"end":{}}]},"3":{"loc":{"start":{"line":45,"column":30},"end":{"line":45,"column":44}},"type":"default-arg","locations":[{"start":{"line":45,"column":43},"end":{"line":45,"column":44}}]}},"s":{"0":32,"1":32,"2":32,"3":55,"4":55,"5":4,"6":6,"7":6,"8":6,"9":3,"10":3,"11":6,"12":3,"13":6,"14":3,"15":6,"16":3,"17":3,"18":3,"19":32,"20":32},"f":{"0":55,"1":4,"2":6,"3":6,"4":6,"5":3,"6":3,"7":3},"b":{"0":[1],"1":[3,3],"2":[3,3],"3":[2]}}
,"D:\\Videji i Ucenje\\portfolio-grade\\apps\\api\\src\\infra\\services\\prisma.service.ts": {"path":"D:\\Videji i Ucenje\\portfolio-grade\\apps\\api\\src\\infra\\services\\prisma.service.ts","statementMap":{"0":{"start":{"line":1,"column":0},"end":{"line":1,"column":75}},"1":{"start":{"line":2,"column":0},"end":{"line":2,"column":46}},"2":{"start":{"line":5,"column":7},"end":{"line":12,"column":null}},"3":{"start":{"line":7,"column":4},"end":{"line":7,"column":26}},"4":{"start":{"line":10,"column":4},"end":{"line":10,"column":29}},"5":{"start":{"line":5,"column":13},"end":{"line":5,"column":26}},"6":{"start":{"line":5,"column":13},"end":{"line":12,"column":null}}},"fnMap":{"0":{"name":"(anonymous_0)","decl":{"start":{"line":6,"column":2},"end":{"line":6,"column":7}},"loc":{"start":{"line":6,"column":20},"end":{"line":8,"column":3}}},"1":{"name":"(anonymous_1)","decl":{"start":{"line":9,"column":2},"end":{"line":9,"column":7}},"loc":{"start":{"line":9,"column":23},"end":{"line":11,"column":3}}}},"branchMap":{},"s":{"0":44,"1":44,"2":44,"3":13,"4":69,"5":44,"6":44},"f":{"0":13,"1":69},"b":{}}
,"D:\\Videji i Ucenje\\portfolio-grade\\apps\\api\\src\\infra\\services\\queue.service.ts": {"path":"D:\\Videji i Ucenje\\portfolio-grade\\apps\\api\\src\\infra\\services\\queue.service.ts","statementMap":{"0":{"start":{"line":1,"column":0},"end":{"line":1,"column":52}},"1":{"start":{"line":2,"column":0},"end":{"line":2,"column":76}},"2":{"start":{"line":3,"column":0},"end":{"line":3,"column":30}},"3":{"start":{"line":9,"column":25},"end":{"line":104,"column":null}},"4":{"start":{"line":10,"column":19},"end":{"line":10,"column":58}},"5":{"start":{"line":11,"column":10},"end":{"line":11,"column":44}},"6":{"start":{"line":12,"column":10},"end":{"line":12,"column":39}},"7":{"start":{"line":13,"column":10},"end":{"line":13,"column":41}},"8":{"start":{"line":16,"column":16},"end":{"line":16,"column":65}},"9":{"start":{"line":19,"column":4},"end":{"line":23,"column":5}},"10":{"start":{"line":20,"column":6},"end":{"line":20,"column":69}},"11":{"start":{"line":21,"column":6},"end":{"line":21,"column":29}},"12":{"start":{"line":22,"column":6},"end":{"line":22,"column":13}},"13":{"start":{"line":24,"column":4},"end":{"line":46,"column":5}},"14":{"start":{"line":25,"column":6},"end":{"line":29,"column":9}},"15":{"start":{"line":31,"column":6},"end":{"line":33,"column":9}},"16":{"start":{"line":32,"column":8},"end":{"line":32,"column":54}},"17":{"start":{"line":36,"column":6},"end":{"line":42,"column":8}},"18":{"start":{"line":37,"column":14},"end":{"line":37,"column":58}},"19":{"start":{"line":39,"column":10},"end":{"line":39,"column":83}},"20":{"start":{"line":40,"column":10},"end":{"line":40,"column":33}},"21":{"start":{"line":44,"column":6},"end":{"line":44,"column":59}},"22":{"start":{"line":45,"column":6},"end":{"line":45,"column":29}},"23":{"start":{"line":50,"column":4},"end":{"line":50,"column":38}},"24":{"start":{"line":50,"column":26},"end":{"line":50,"column":38}},"25":{"start":{"line":51,"column":4},"end":{"line":58,"column":5}},"26":{"start":{"line":52,"column":16},"end":{"line":52,"column":64}},"27":{"start":{"line":53,"column":6},"end":{"line":53,"column":31}},"28":{"start":{"line":55,"column":6},"end":{"line":57,"column":8}},"29":{"start":{"line":56,"column":8},"end":{"line":56,"column":60}},"30":{"start":{"line":59,"column":4},"end":{"line":59,"column":34}},"31":{"start":{"line":63,"column":4},"end":{"line":63,"column":39}},"32":{"start":{"line":63,"column":26},"end":{"line":63,"column":39}},"33":{"start":{"line":64,"column":4},"end":{"line":64,"column":44}},"34":{"start":{"line":64,"column":32},"end":{"line":64,"column":44}},"35":{"start":{"line":65,"column":14},"end":{"line":68,"column":6}},"36":{"start":{"line":69,"column":4},"end":{"line":69,"column":81}},"37":{"start":{"line":69,"column":23},"end":{"line":69,"column":79}},"38":{"start":{"line":70,"column":4},"end":{"line":70,"column":30}},"39":{"start":{"line":71,"column":4},"end":{"line":71,"column":50}},"40":{"start":{"line":72,"column":4},"end":{"line":72,"column":16}},"41":{"start":{"line":76,"column":14},"end":{"line":76,"column":38}},"42":{"start":{"line":77,"column":4},"end":{"line":82,"column":5}},"43":{"start":{"line":78,"column":6},"end":{"line":80,"column":8}},"44":{"start":{"line":81,"column":6},"end":{"line":81,"column":18}},"45":{"start":{"line":83,"column":4},"end":{"line":83,"column":41}},"46":{"start":{"line":93,"column":14},"end":{"line":93,"column":38}},"47":{"start":{"line":94,"column":4},"end":{"line":97,"column":5}},"48":{"start":{"line":95,"column":6},"end":{"line":95,"column":93}},"49":{"start":{"line":96,"column":6},"end":{"line":96,"column":18}},"50":{"start":{"line":98,"column":4},"end":{"line":102,"column":7}},"51":{"start":{"line":9,"column":13},"end":{"line":9,"column":25}},"52":{"start":{"line":9,"column":13},"end":{"line":104,"column":null}}},"fnMap":{"0":{"name":"(anonymous_0)","decl":{"start":{"line":15,"column":2},"end":{"line":15,"column":null}},"loc":{"start":{"line":15,"column":2},"end":{"line":47,"column":3}}},"1":{"name":"(anonymous_1)","decl":{"start":{"line":31,"column":34},"end":{"line":31,"column":35}},"loc":{"start":{"line":31,"column":38},"end":{"line":33,"column":7}}},"2":{"name":"(anonymous_2)","decl":{"start":{"line":37,"column":8},"end":{"line":37,"column":11}},"loc":{"start":{"line":37,"column":14},"end":{"line":37,"column":58}}},"3":{"name":"(anonymous_3)","decl":{"start":{"line":38,"column":8},"end":{"line":38,"column":11}},"loc":{"start":{"line":38,"column":13},"end":{"line":41,"column":9}}},"4":{"name":"(anonymous_4)","decl":{"start":{"line":49,"column":2},"end":{"line":49,"column":10}},"loc":{"start":{"line":49,"column":23},"end":{"line":60,"column":3}}},"5":{"name":"(anonymous_5)","decl":{"start":{"line":55,"column":74},"end":{"line":55,"column":76}},"loc":{"start":{"line":56,"column":8},"end":{"line":56,"column":60}}},"6":{"name":"(anonymous_6)","decl":{"start":{"line":62,"column":2},"end":{"line":62,"column":16}},"loc":{"start":{"line":62,"column":68},"end":{"line":73,"column":3}}},"7":{"name":"(anonymous_7)","decl":{"start":{"line":69,"column":18},"end":{"line":69,"column":19}},"loc":{"start":{"line":69,"column":23},"end":{"line":69,"column":79}}},"8":{"name":"(anonymous_8)","decl":{"start":{"line":75,"column":2},"end":{"line":75,"column":7}},"loc":{"start":{"line":75,"column":87},"end":{"line":84,"column":3}}},"9":{"name":"(anonymous_9)","decl":{"start":{"line":86,"column":2},"end":{"line":86,"column":7}},"loc":{"start":{"line":91,"column":38},"end":{"line":103,"column":3}}}},"branchMap":{"0":{"loc":{"start":{"line":16,"column":16},"end":{"line":16,"column":65}},"type":"binary-expr","locations":[{"start":{"line":16,"column":16},"end":{"line":16,"column":37}},{"start":{"line":16,"column":41},"end":{"line":16,"column":65}}]},"1":{"loc":{"start":{"line":19,"column":4},"end":{"line":23,"column":5}},"type":"if","locations":[{"start":{"line":19,"column":4},"end":{"line":23,"column":5}},{"start":{},"end":{}}]},"2":{"loc":{"start":{"line":50,"column":4},"end":{"line":50,"column":38}},"type":"if","locations":[{"start":{"line":50,"column":4},"end":{"line":50,"column":38}},{"start":{},"end":{}}]},"3":{"loc":{"start":{"line":51,"column":4},"end":{"line":58,"column":5}},"type":"if","locations":[{"start":{"line":51,"column":4},"end":{"line":58,"column":5}},{"start":{},"end":{}}]},"4":{"loc":{"start":{"line":62,"column":53},"end":{"line":62,"column":68}},"type":"default-arg","locations":[{"start":{"line":62,"column":67},"end":{"line":62,"column":68}}]},"5":{"loc":{"start":{"line":63,"column":4},"end":{"line":63,"column":39}},"type":"if","locations":[{"start":{"line":63,"column":4},"end":{"line":63,"column":39}},{"start":{},"end":{}}]},"6":{"loc":{"start":{"line":64,"column":4},"end":{"line":64,"column":44}},"type":"if","locations":[{"start":{"line":64,"column":4},"end":{"line":64,"column":44}},{"start":{},"end":{}}]},"7":{"loc":{"start":{"line":77,"column":4},"end":{"line":82,"column":5}},"type":"if","locations":[{"start":{"line":77,"column":4},"end":{"line":82,"column":5}},{"start":{},"end":{}}]},"8":{"loc":{"start":{"line":94,"column":4},"end":{"line":97,"column":5}},"type":"if","locations":[{"start":{"line":94,"column":4},"end":{"line":97,"column":5}},{"start":{},"end":{}}]},"9":{"loc":{"start":{"line":101,"column":8},"end":{"line":101,"column":97}},"type":"cond-expr","locations":[{"start":{"line":101,"column":44},"end":{"line":101,"column":68}},{"start":{"line":101,"column":71},"end":{"line":101,"column":97}}]}},"s":{"0":20,"1":20,"2":20,"3":20,"4":107,"5":107,"6":107,"7":107,"8":107,"9":107,"10":1,"11":1,"12":1,"13":106,"14":106,"15":106,"16":0,"17":106,"18":36,"19":0,"20":0,"21":0,"22":0,"23":14,"24":3,"25":11,"26":9,"27":9,"28":9,"29":0,"30":11,"31":11,"32":1,"33":10,"34":1,"35":9,"36":9,"37":0,"38":9,"39":9,"40":9,"41":5,"42":5,"43":1,"44":1,"45":4,"46":7,"47":7,"48":1,"49":1,"50":6,"51":20,"52":20},"f":{"0":107,"1":0,"2":36,"3":0,"4":14,"5":0,"6":11,"7":0,"8":5,"9":7},"b":{"0":[107,1],"1":[1,106],"2":[3,11],"3":[9,2],"4":[10],"5":[1,10],"6":[1,9],"7":[1,4],"8":[1,6],"9":[4,2]}}
,"D:\\Videji i Ucenje\\portfolio-grade\\apps\\api\\src\\infra\\services\\rate-limit.service.ts": {"path":"D:\\Videji i Ucenje\\portfolio-grade\\apps\\api\\src\\infra\\services\\rate-limit.service.ts","statementMap":{"0":{"start":{"line":1,"column":0},"end":{"line":1,"column":52}},"1":{"start":{"line":2,"column":0},"end":{"line":2,"column":47}},"2":{"start":{"line":7,"column":29},"end":{"line":61,"column":null}},"3":{"start":{"line":11,"column":31},"end":{"line":11,"column":38}},"4":{"start":{"line":8,"column":19},"end":{"line":8,"column":62}},"5":{"start":{"line":9,"column":10},"end":{"line":9,"column":78}},"6":{"start":{"line":14,"column":4},"end":{"line":14,"column":87}},"7":{"start":{"line":14,"column":20},"end":{"line":14,"column":87}},"8":{"start":{"line":16,"column":19},"end":{"line":16,"column":41}},"9":{"start":{"line":18,"column":4},"end":{"line":43,"column":5}},"10":{"start":{"line":19,"column":6},"end":{"line":42,"column":7}},"11":{"start":{"line":20,"column":20},"end":{"line":20,"column":49}},"12":{"start":{"line":21,"column":26},"end":{"line":21,"column":70}},"13":{"start":{"line":23,"column":22},"end":{"line":23,"column":36}},"14":{"start":{"line":24,"column":8},"end":{"line":24,"column":30}},"15":{"start":{"line":25,"column":8},"end":{"line":25,"column":49}},"16":{"start":{"line":26,"column":27},"end":{"line":26,"column":45}},"17":{"start":{"line":28,"column":8},"end":{"line":31,"column":9}},"18":{"start":{"line":30,"column":10},"end":{"line":30,"column":63}},"19":{"start":{"line":33,"column":28},"end":{"line":33,"column":70}},"20":{"start":{"line":34,"column":22},"end":{"line":34,"column":77}},"21":{"start":{"line":36,"column":26},"end":{"line":36,"column":52}},"22":{"start":{"line":37,"column":29},"end":{"line":37,"column":58}},"23":{"start":{"line":38,"column":8},"end":{"line":38,"column":75}},"24":{"start":{"line":41,"column":8},"end":{"line":41,"column":83}},"25":{"start":{"line":46,"column":18},"end":{"line":46,"column":28}},"26":{"start":{"line":47,"column":18},"end":{"line":47,"column":34}},"27":{"start":{"line":48,"column":18},"end":{"line":48,"column":43}},"28":{"start":{"line":50,"column":4},"end":{"line":53,"column":5}},"29":{"start":{"line":51,"column":6},"end":{"line":51,"column":70}},"30":{"start":{"line":52,"column":6},"end":{"line":52,"column":99}},"31":{"start":{"line":55,"column":4},"end":{"line":55,"column":21}},"32":{"start":{"line":56,"column":22},"end":{"line":56,"column":54}},"33":{"start":{"line":57,"column":20},"end":{"line":57,"column":40}},"34":{"start":{"line":58,"column":25},"end":{"line":58,"column":79}},"35":{"start":{"line":59,"column":4},"end":{"line":59,"column":55}},"36":{"start":{"line":7,"column":13},"end":{"line":7,"column":29}},"37":{"start":{"line":7,"column":13},"end":{"line":61,"column":null}}},"fnMap":{"0":{"name":"(anonymous_0)","decl":{"start":{"line":11,"column":2},"end":{"line":11,"column":31}},"loc":{"start":{"line":11,"column":50},"end":{"line":11,"column":54}}},"1":{"name":"(anonymous_1)","decl":{"start":{"line":13,"column":2},"end":{"line":13,"column":7}},"loc":{"start":{"line":13,"column":57},"end":{"line":60,"column":3}}}},"branchMap":{"0":{"loc":{"start":{"line":14,"column":4},"end":{"line":14,"column":87}},"type":"if","locations":[{"start":{"line":14,"column":4},"end":{"line":14,"column":87}},{"start":{},"end":{}}]},"1":{"loc":{"start":{"line":18,"column":4},"end":{"line":43,"column":5}},"type":"if","locations":[{"start":{"line":18,"column":4},"end":{"line":43,"column":5}},{"start":{},"end":{}}]},"2":{"loc":{"start":{"line":28,"column":8},"end":{"line":31,"column":9}},"type":"if","locations":[{"start":{"line":28,"column":8},"end":{"line":31,"column":9}},{"start":{},"end":{}}]},"3":{"loc":{"start":{"line":28,"column":12},"end":{"line":28,"column":50}},"type":"binary-expr","locations":[{"start":{"line":28,"column":12},"end":{"line":28,"column":23}},{"start":{"line":28,"column":27},"end":{"line":28,"column":50}}]},"4":{"loc":{"start":{"line":34,"column":22},"end":{"line":34,"column":77}},"type":"cond-expr","locations":[{"start":{"line":34,"column":52},"end":{"line":34,"column":59}},{"start":{"line":34,"column":62},"end":{"line":34,"column":77}}]},"5":{"loc":{"start":{"line":50,"column":4},"end":{"line":53,"column":5}},"type":"if","locations":[{"start":{"line":50,"column":4},"end":{"line":53,"column":5}},{"start":{},"end":{}}]},"6":{"loc":{"start":{"line":50,"column":8},"end":{"line":50,"column":40}},"type":"binary-expr","locations":[{"start":{"line":50,"column":8},"end":{"line":50,"column":14}},{"start":{"line":50,"column":18},"end":{"line":50,"column":40}}]}},"s":{"0":25,"1":25,"2":25,"3":97,"4":97,"5":97,"6":40,"7":2,"8":38,"9":38,"10":11,"11":11,"12":11,"13":11,"14":11,"15":11,"16":11,"17":10,"18":1,"19":9,"20":9,"21":9,"22":9,"23":9,"24":2,"25":29,"26":29,"27":29,"28":29,"29":17,"30":17,"31":12,"32":12,"33":12,"34":12,"35":12,"36":25,"37":25},"f":{"0":97,"1":40},"b":{"0":[2,38],"1":[11,27],"2":[1,9],"3":[10,9],"4":[8,1],"5":[17,12],"6":[29,14]}}
,"D:\\Videji i Ucenje\\portfolio-grade\\apps\\api\\src\\infra\\services\\redis.service.ts": {"path":"D:\\Videji i Ucenje\\portfolio-grade\\apps\\api\\src\\infra\\services\\redis.service.ts","statementMap":{"0":{"start":{"line":1,"column":0},"end":{"line":1,"column":69}},"1":{"start":{"line":2,"column":0},"end":{"line":2,"column":28}},"2":{"start":{"line":3,"column":0},"end":{"line":3,"column":39}},"3":{"start":{"line":6,"column":25},"end":{"line":94,"column":null}},"4":{"start":{"line":8,"column":19},"end":{"line":8,"column":58}},"5":{"start":{"line":11,"column":16},"end":{"line":11,"column":47}},"6":{"start":{"line":13,"column":4},"end":{"line":32,"column":5}},"7":{"start":{"line":14,"column":6},"end":{"line":14,"column":93}},"8":{"start":{"line":15,"column":6},"end":{"line":15,"column":47}},"9":{"start":{"line":17,"column":6},"end":{"line":21,"column":9}},"10":{"start":{"line":23,"column":6},"end":{"line":23,"column":77}},"11":{"start":{"line":23,"column":38},"end":{"line":23,"column":75}},"12":{"start":{"line":24,"column":6},"end":{"line":24,"column":97}},"13":{"start":{"line":24,"column":37},"end":{"line":24,"column":95}},"14":{"start":{"line":25,"column":6},"end":{"line":25,"column":81}},"15":{"start":{"line":25,"column":36},"end":{"line":25,"column":79}},"16":{"start":{"line":28,"column":6},"end":{"line":31,"column":9}},"17":{"start":{"line":29,"column":8},"end":{"line":29,"column":88}},"18":{"start":{"line":30,"column":8},"end":{"line":30,"column":49}},"19":{"start":{"line":36,"column":4},"end":{"line":36,"column":30}},"20":{"start":{"line":40,"column":4},"end":{"line":46,"column":5}},"21":{"start":{"line":41,"column":16},"end":{"line":41,"column":51}},"22":{"start":{"line":42,"column":6},"end":{"line":42,"column":38}},"23":{"start":{"line":44,"column":6},"end":{"line":44,"column":65}},"24":{"start":{"line":45,"column":6},"end":{"line":45,"column":18}},"25":{"start":{"line":50,"column":4},"end":{"line":54,"column":5}},"26":{"start":{"line":51,"column":6},"end":{"line":51,"column":83}},"27":{"start":{"line":53,"column":6},"end":{"line":53,"column":65}},"28":{"start":{"line":58,"column":4},"end":{"line":62,"column":5}},"29":{"start":{"line":59,"column":6},"end":{"line":59,"column":42}},"30":{"start":{"line":61,"column":6},"end":{"line":61,"column":65}},"31":{"start":{"line":66,"column":4},"end":{"line":86,"column":5}},"32":{"start":{"line":67,"column":26},"end":{"line":67,"column":75}},"33":{"start":{"line":68,"column":6},"end":{"line":73,"column":7}},"34":{"start":{"line":70,"column":21},"end":{"line":70,"column":66}},"35":{"start":{"line":71,"column":8},"end":{"line":71,"column":62}},"36":{"start":{"line":71,"column":25},"end":{"line":71,"column":62}},"37":{"start":{"line":72,"column":8},"end":{"line":72,"column":15}},"38":{"start":{"line":74,"column":21},"end":{"line":74,"column":68}},"39":{"start":{"line":75,"column":24},"end":{"line":75,"column":90}},"40":{"start":{"line":76,"column":6},"end":{"line":83,"column":9}},"41":{"start":{"line":77,"column":8},"end":{"line":77,"column":82}},"42":{"start":{"line":77,"column":46},"end":{"line":77,"column":80}},"43":{"start":{"line":77,"column":64},"end":{"line":77,"column":79}},"44":{"start":{"line":78,"column":8},"end":{"line":81,"column":11}},"45":{"start":{"line":79,"column":10},"end":{"line":79,"column":34}},"46":{"start":{"line":80,"column":10},"end":{"line":80,"column":20}},"47":{"start":{"line":82,"column":8},"end":{"line":82,"column":44}},"48":{"start":{"line":82,"column":33},"end":{"line":82,"column":42}},"49":{"start":{"line":85,"column":6},"end":{"line":85,"column":76}},"50":{"start":{"line":90,"column":4},"end":{"line":92,"column":14}},"51":{"start":{"line":91,"column":6},"end":{"line":91,"column":42}},"52":{"start":{"line":6,"column":13},"end":{"line":6,"column":25}},"53":{"start":{"line":6,"column":13},"end":{"line":94,"column":null}}},"fnMap":{"0":{"name":"(anonymous_0)","decl":{"start":{"line":10,"column":2},"end":{"line":10,"column":null}},"loc":{"start":{"line":10,"column":2},"end":{"line":33,"column":3}}},"1":{"name":"(anonymous_1)","decl":{"start":{"line":23,"column":32},"end":{"line":23,"column":35}},"loc":{"start":{"line":23,"column":38},"end":{"line":23,"column":75}}},"2":{"name":"(anonymous_2)","decl":{"start":{"line":24,"column":30},"end":{"line":24,"column":33}},"loc":{"start":{"line":24,"column":37},"end":{"line":24,"column":95}}},"3":{"name":"(anonymous_3)","decl":{"start":{"line":25,"column":30},"end":{"line":25,"column":33}},"loc":{"start":{"line":25,"column":36},"end":{"line":25,"column":79}}},"4":{"name":"(anonymous_4)","decl":{"start":{"line":28,"column":34},"end":{"line":28,"column":35}},"loc":{"start":{"line":28,"column":38},"end":{"line":31,"column":7}}},"5":{"name":"(anonymous_5)","decl":{"start":{"line":35,"column":2},"end":{"line":35,"column":11}},"loc":{"start":{"line":35,"column":11},"end":{"line":37,"column":3}}},"6":{"name":"(anonymous_6)","decl":{"start":{"line":39,"column":2},"end":{"line":39,"column":7}},"loc":{"start":{"line":39,"column":23},"end":{"line":47,"column":3}}},"7":{"name":"(anonymous_7)","decl":{"start":{"line":49,"column":2},"end":{"line":49,"column":7}},"loc":{"start":{"line":49,"column":59},"end":{"line":55,"column":3}}},"8":{"name":"(anonymous_8)","decl":{"start":{"line":57,"column":2},"end":{"line":57,"column":7}},"loc":{"start":{"line":57,"column":23},"end":{"line":63,"column":3}}},"9":{"name":"(anonymous_9)","decl":{"start":{"line":65,"column":2},"end":{"line":65,"column":7}},"loc":{"start":{"line":65,"column":34},"end":{"line":87,"column":3}}},"10":{"name":"(anonymous_10)","decl":{"start":{"line":76,"column":30},"end":{"line":76,"column":37}},"loc":{"start":{"line":76,"column":40},"end":{"line":83,"column":7}}},"11":{"name":"(anonymous_11)","decl":{"start":{"line":77,"column":26},"end":{"line":77,"column":27}},"loc":{"start":{"line":77,"column":46},"end":{"line":77,"column":80}}},"12":{"name":"(anonymous_12)","decl":{"start":{"line":77,"column":59},"end":{"line":77,"column":60}},"loc":{"start":{"line":77,"column":64},"end":{"line":77,"column":79}}},"13":{"name":"(anonymous_13)","decl":{"start":{"line":78,"column":25},"end":{"line":78,"column":30}},"loc":{"start":{"line":78,"column":36},"end":{"line":81,"column":9}}},"14":{"name":"(anonymous_14)","decl":{"start":{"line":82,"column":27},"end":{"line":82,"column":30}},"loc":{"start":{"line":82,"column":33},"end":{"line":82,"column":42}}},"15":{"name":"(anonymous_15)","decl":{"start":{"line":89,"column":2},"end":{"line":89,"column":7}},"loc":{"start":{"line":89,"column":23},"end":{"line":93,"column":3}}}},"branchMap":{"0":{"loc":{"start":{"line":11,"column":16},"end":{"line":11,"column":47}},"type":"binary-expr","locations":[{"start":{"line":11,"column":16},"end":{"line":11,"column":37}},{"start":{"line":11,"column":41},"end":{"line":11,"column":47}}]},"1":{"loc":{"start":{"line":13,"column":4},"end":{"line":32,"column":5}},"type":"if","locations":[{"start":{"line":13,"column":4},"end":{"line":32,"column":5}},{"start":{"line":16,"column":11},"end":{"line":32,"column":5}}]},"2":{"loc":{"start":{"line":42,"column":13},"end":{"line":42,"column":37}},"type":"cond-expr","locations":[{"start":{"line":42,"column":17},"end":{"line":42,"column":30}},{"start":{"line":42,"column":33},"end":{"line":42,"column":37}}]},"3":{"loc":{"start":{"line":68,"column":6},"end":{"line":73,"column":7}},"type":"if","locations":[{"start":{"line":68,"column":6},"end":{"line":73,"column":7}},{"start":{},"end":{}}]},"4":{"loc":{"start":{"line":71,"column":8},"end":{"line":71,"column":62}},"type":"if","locations":[{"start":{"line":71,"column":8},"end":{"line":71,"column":62}},{"start":{},"end":{}}]},"5":{"loc":{"start":{"line":75,"column":24},"end":{"line":75,"column":90}},"type":"binary-expr","locations":[{"start":{"line":75,"column":24},"end":{"line":75,"column":56}},{"start":{"line":75,"column":61},"end":{"line":75,"column":90}}]}},"s":{"0":28,"1":28,"2":28,"3":28,"4":92,"5":92,"6":92,"7":30,"8":30,"9":62,"10":62,"11":0,"12":62,"13":0,"14":62,"15":0,"16":62,"17":1,"18":1,"19":39,"20":6,"21":6,"22":5,"23":3,"24":3,"25":5,"26":5,"27":2,"28":4,"29":4,"30":1,"31":6,"32":6,"33":6,"34":2,"35":2,"36":1,"37":2,"38":4,"39":4,"40":4,"41":4,"42":3,"43":6,"44":4,"45":3,"46":3,"47":4,"48":1,"49":0,"50":90,"51":90,"52":28,"53":28},"f":{"0":92,"1":0,"2":0,"3":0,"4":1,"5":39,"6":6,"7":5,"8":4,"9":6,"10":4,"11":3,"12":6,"13":3,"14":1,"15":90},"b":{"0":[92,29],"1":[30,62],"2":[4,1],"3":[2,4],"4":[1,1],"5":[4,1]}}
[...]
,"D:\\Videji i Ucenje\\portfolio-grade\\apps\\api\\src\\modules\\tags\\tags.module.ts": {"path":"D:\\Videji i Ucenje\\portfolio-grade\\apps\\api\\src\\modules\\tags\\tags.module.ts","statementMap":{"0":{"start":{"line":1,"column":0},"end":{"line":1,"column":40}},"1":{"start":{"line":2,"column":0},"end":{"line":2,"column":45}},"2":{"start":{"line":3,"column":0},"end":{"line":3,"column":51}},"3":{"start":{"line":4,"column":0},"end":{"line":4,"column":55}},"4":{"start":{"line":5,"column":0},"end":{"line":5,"column":72}},"5":{"start":{"line":6,"column":0},"end":{"line":6,"column":95}},"6":{"start":{"line":7,"column":0},"end":{"line":7,"column":70}},"7":{"start":{"line":15,"column":7},"end":{"line":15,"column":null}},"8":{"start":{"line":15,"column":13},"end":{"line":15,"column":23}},"9":{"start":{"line":15,"column":13},"end":{"line":15,"column":null}}},"fnMap":{},"branchMap":{},"s":{"0":2,"1":2,"2":2,"3":2,"4":2,"5":2,"6":2,"7":2,"8":2,"9":2},"f":{},"b":{}}
,"D:\\Videji i Ucenje\\portfolio-grade\\apps\\api\\src\\modules\\tags\\tags.service.ts": {"path":"D:\\Videji i Ucenje\\portfolio-grade\\apps\\api\\src\\modules\\tags\\tags.service.ts","statementMap":{"0":{"start":{"line":1,"column":0},"end":{"line":1,"column":82}},"1":{"start":{"line":2,"column":0},"end":{"line":2,"column":68}},"2":{"start":{"line":3,"column":0},"end":{"line":3,"column":68}},"3":{"start":{"line":6,"column":7},"end":{"line":105,"column":null}},"4":{"start":{"line":7,"column":31},"end":{"line":7,"column":39}},"5":{"start":{"line":7,"column":71},"end":{"line":7,"column":79}},"6":{"start":{"line":10,"column":4},"end":{"line":14,"column":7}},"7":{"start":{"line":18,"column":4},"end":{"line":42,"column":5}},"8":{"start":{"line":19,"column":6},"end":{"line":38,"column":9}},"9":{"start":{"line":20,"column":24},"end":{"line":23,"column":10}},"10":{"start":{"line":25,"column":8},"end":{"line":33,"column":11}},"11":{"start":{"line":35,"column":8},"end":{"line":35,"column":76}},"12":{"start":{"line":37,"column":8},"end":{"line":37,"column":23}},"13":{"start":{"line":40,"column":6},"end":{"line":40,"column":97}},"14":{"start":{"line":40,"column":30},"end":{"line":40,"column":97}},"15":{"start":{"line":41,"column":6},"end":{"line":41,"column":14}},"16":{"start":{"line":46,"column":19},"end":{"line":49,"column":6}},"17":{"start":{"line":50,"column":4},"end":{"line":50,"column":62}},"18":{"start":{"line":50,"column":17},"end":{"line":50,"column":62}},"19":{"start":{"line":52,"column":4},"end":{"line":77,"column":5}},"20":{"start":{"line":53,"column":6},"end":{"line":73,"column":9}},"21":{"start":{"line":54,"column":24},"end":{"line":58,"column":10}},"22":{"start":{"line":60,"column":8},"end":{"line":68,"column":11}},"23":{"start":{"line":70,"column":8},"end":{"line":70,"column":64}},"24":{"start":{"line":72,"column":8},"end":{"line":72,"column":23}},"25":{"start":{"line":75,"column":6},"end":{"line":75,"column":97}},"26":{"start":{"line":75,"column":30},"end":{"line":75,"column":97}},"27":{"start":{"line":76,"column":6},"end":{"line":76,"column":14}},"28":{"start":{"line":81,"column":19},"end":{"line":84,"column":6}},"29":{"start":{"line":85,"column":4},"end":{"line":85,"column":62}},"30":{"start":{"line":85,"column":17},"end":{"line":85,"column":62}},"31":{"start":{"line":87,"column":4},"end":{"line":101,"column":7}},"32":{"start":{"line":88,"column":6},"end":{"line":88,"column":45}},"33":{"start":{"line":90,"column":6},"end":{"line":98,"column":9}},"34":{"start":{"line":100,"column":6},"end":{"line":100,"column":62}},"35":{"start":{"line":103,"column":4},"end":{"line":103,"column":24}},"36":{"start":{"line":6,"column":13},"end":{"line":6,"column":24}},"37":{"start":{"line":6,"column":13},"end":{"line":105,"column":null}}},"fnMap":{"0":{"name":"(anonymous_0)","decl":{"start":{"line":7,"column":2},"end":{"line":7,"column":31}},"loc":{"start":{"line":7,"column":92},"end":{"line":7,"column":96}}},"1":{"name":"(anonymous_1)","decl":{"start":{"line":9,"column":2},"end":{"line":9,"column":6}},"loc":{"start":{"line":9,"column":20},"end":{"line":15,"column":3}}},"2":{"name":"(anonymous_2)","decl":{"start":{"line":17,"column":2},"end":{"line":17,"column":7}},"loc":{"start":{"line":17,"column":58},"end":{"line":43,"column":3}}},"3":{"name":"(anonymous_3)","decl":{"start":{"line":19,"column":44},"end":{"line":19,"column":49}},"loc":{"start":{"line":19,"column":55},"end":{"line":38,"column":7}}},"4":{"name":"(anonymous_4)","decl":{"start":{"line":45,"column":2},"end":{"line":45,"column":7}},"loc":{"start":{"line":45,"column":81},"end":{"line":78,"column":3}}},"5":{"name":"(anonymous_5)","decl":{"start":{"line":53,"column":44},"end":{"line":53,"column":49}},"loc":{"start":{"line":53,"column":55},"end":{"line":73,"column":7}}},"6":{"name":"(anonymous_6)","decl":{"start":{"line":80,"column":2},"end":{"line":80,"column":7}},"loc":{"start":{"line":80,"column":56},"end":{"line":104,"column":3}}},"7":{"name":"(anonymous_7)","decl":{"start":{"line":87,"column":35},"end":{"line":87,"column":40}},"loc":{"start":{"line":87,"column":46},"end":{"line":101,"column":5}}}},"branchMap":{"0":{"loc":{"start":{"line":40,"column":6},"end":{"line":40,"column":97}},"type":"if","locations":[{"start":{"line":40,"column":6},"end":{"line":40,"column":97}},{"start":{},"end":{}}]},"1":{"loc":{"start":{"line":50,"column":4},"end":{"line":50,"column":62}},"type":"if","locations":[{"start":{"line":50,"column":4},"end":{"line":50,"column":62}},{"start":{},"end":{}}]},"2":{"loc":{"start":{"line":75,"column":6},"end":{"line":75,"column":97}},"type":"if","locations":[{"start":{"line":75,"column":6},"end":{"line":75,"column":97}},{"start":{},"end":{}}]},"3":{"loc":{"start":{"line":85,"column":4},"end":{"line":85,"column":62}},"type":"if","locations":[{"start":{"line":85,"column":4},"end":{"line":85,"column":62}},{"start":{},"end":{}}]}},"s":{"0":4,"1":4,"2":4,"3":4,"4":32,"5":32,"6":2,"7":3,"8":3,"9":3,"10":1,"11":1,"12":1,"13":2,"14":1,"15":1,"16":4,"17":4,"18":1,"19":3,"20":3,"21":3,"22":1,"23":1,"24":1,"25":2,"26":1,"27":1,"28":2,"29":2,"30":1,"31":1,"32":1,"33":1,"34":1,"35":1,"36":4,"37":4},"f":{"0":32,"1":2,"2":3,"3":3,"4":4,"5":3,"6":2,"7":1},"b":{"0":[1,1],"1":[1,3],"2":[1,1],"3":[1,1]}}
,"D:\\Videji i Ucenje\\portfolio-grade\\apps\\api\\src\\modules\\tags\\dto\\create-tag.dto.ts": {"path":"D:\\Videji i Ucenje\\portfolio-grade\\apps\\api\\src\\modules\\tags\\dto\\create-tag.dto.ts","statementMap":{"0":{"start":{"line":1,"column":0},"end":{"line":1,"column":54}},"1":{"start":{"line":3,"column":0},"end":{"line":3,"column":13}},"2":{"start":{"line":6,"column":2},"end":{"line":6,"column":null}}},"fnMap":{},"branchMap":{},"s":{"0":1,"1":1,"2":1},"f":{},"b":{}}
,"D:\\Videji i Ucenje\\portfolio-grade\\apps\\api\\src\\modules\\tags\\dto\\update-tag.dto.ts": {"path":"D:\\Videji i Ucenje\\portfolio-grade\\apps\\api\\src\\modules\\tags\\dto\\update-tag.dto.ts","statementMap":{"0":{"start":{"line":1,"column":0},"end":{"line":1,"column":66}},"1":{"start":{"line":3,"column":0},"end":{"line":3,"column":13}},"2":{"start":{"line":7,"column":2},"end":{"line":7,"column":null}}},"fnMap":{},"branchMap":{},"s":{"0":1,"1":1,"2":1},"f":{},"b":{}}
,"D:\\Videji i Ucenje\\portfolio-grade\\apps\\api\\src\\modules\\users\\users.controller.ts": {"path":"D:\\Videji i Ucenje\\portfolio-grade\\apps\\api\\src\\modules\\users\\users.controller.ts","statementMap":{"0":{"start":{"line":1,"column":0},"end":{"line":1,"column":null}},"1":{"start":{"line":13,"column":0},"end":{"line":13,"column":47}},"2":{"start":{"line":14,"column":0},"end":{"line":14,"column":66}},"3":{"start":{"line":15,"column":0},"end":{"line":15,"column":61}},"4":{"start":{"line":16,"column":0},"end":{"line":16,"column":64}},"5":{"start":{"line":18,"column":0},"end":{"line":18,"column":63}},"6":{"start":{"line":19,"column":0},"end":{"line":19,"column":62}},"7":{"start":{"line":20,"column":0},"end":{"line":20,"column":54}},"8":{"start":{"line":21,"column":0},"end":{"line":21,"column":54}},"9":{"start":{"line":22,"column":0},"end":{"line":22,"column":70}},"10":{"start":{"line":23,"column":0},"end":{"line":23,"column":73}},"11":{"start":{"line":25,"column":0},"end":{"line":25,"column":95}},"12":{"start":{"line":26,"column":0},"end":{"line":26,"column":null}},"13":{"start":{"line":39,"column":7},"end":{"line":368,"column":null}},"14":{"start":{"line":40,"column":31},"end":{"line":40,"column":38}},"15":{"start":{"line":71,"column":4},"end":{"line":71,"column":42}},"16":{"start":{"line":177,"column":4},"end":{"line":177,"column":59}},"17":{"start":{"line":223,"column":4},"end":{"line":223,"column":46}},"18":{"start":{"line":323,"column":4},"end":{"line":323,"column":45}},"19":{"start":{"line":366,"column":4},"end":{"line":366,"column":33}},"20":{"start":{"line":39,"column":13},"end":{"line":39,"column":28}},"21":{"start":{"line":70,"column":2},"end":{"line":72,"column":null}},"22":{"start":{"line":176,"column":2},"end":{"line":178,"column":null}},"23":{"start":{"line":222,"column":2},"end":{"line":224,"column":null}},"24":{"start":{"line":322,"column":2},"end":{"line":324,"column":null}},"25":{"start":{"line":365,"column":2},"end":{"line":367,"column":null}},"26":{"start":{"line":39,"column":13},"end":{"line":368,"column":null}}},"fnMap":{"0":{"name":"(anonymous_0)","decl":{"start":{"line":40,"column":2},"end":{"line":40,"column":31}},"loc":{"start":{"line":40,"column":50},"end":{"line":40,"column":54}}},"1":{"name":"(anonymous_1)","decl":{"start":{"line":70,"column":2},"end":{"line":70,"column":8}},"loc":{"start":{"line":70,"column":31},"end":{"line":72,"column":3}}},"2":{"name":"(anonymous_2)","decl":{"start":{"line":176,"column":2},"end":{"line":176,"column":8}},"loc":{"start":{"line":176,"column":59},"end":{"line":178,"column":3}}},"3":{"name":"(anonymous_3)","decl":{"start":{"line":222,"column":2},"end":{"line":222,"column":8}},"loc":{"start":{"line":222,"column":56},"end":{"line":224,"column":3}}},"4":{"name":"(anonymous_4)","decl":{"start":{"line":322,"column":2},"end":{"line":322,"column":8}},"loc":{"start":{"line":322,"column":84},"end":{"line":324,"column":3}}},"5":{"name":"(anonymous_5)","decl":{"start":{"line":365,"column":2},"end":{"line":365,"column":8}},"loc":{"start":{"line":365,"column":32},"end":{"line":367,"column":3}}}},"branchMap":{},"s":{"0":4,"1":4,"2":4,"3":4,"4":4,"5":4,"6":4,"7":4,"8":4,"9":4,"10":4,"11":4,"12":4,"13":4,"14":29,"15":2,"16":2,"17":1,"18":2,"19":1,"20":4,"21":4,"22":4,"23":4,"24":4,"25":4,"26":4},"f":{"0":29,"1":2,"2":2,"3":1,"4":2,"5":1},"b":{}}
,"D:\\Videji i Ucenje\\portfolio-grade\\apps\\api\\src\\modules\\users\\users.module.ts": {"path":"D:\\Videji i Ucenje\\portfolio-grade\\apps\\api\\src\\modules\\users\\users.module.ts","statementMap":{"0":{"start":{"line":1,"column":0},"end":{"line":1,"column":40}},"1":{"start":{"line":2,"column":0},"end":{"line":2,"column":47}},"2":{"start":{"line":3,"column":0},"end":{"line":3,"column":53}},"3":{"start":{"line":4,"column":0},"end":{"line":4,"column":55}},"4":{"start":{"line":5,"column":0},"end":{"line":5,"column":72}},"5":{"start":{"line":6,"column":0},"end":{"line":6,"column":95}},"6":{"start":{"line":7,"column":0},"end":{"line":7,"column":70}},"7":{"start":{"line":15,"column":7},"end":{"line":15,"column":null}},"8":{"start":{"line":15,"column":13},"end":{"line":15,"column":24}},"9":{"start":{"line":15,"column":13},"end":{"line":15,"column":null}}},"fnMap":{},"branchMap":{},"s":{"0":3,"1":3,"2":3,"3":3,"4":3,"5":3,"6":3,"7":3,"8":3,"9":3},"f":{},"b":{}}
,"D:\\Videji i Ucenje\\portfolio-grade\\apps\\api\\src\\modules\\users\\users.service.ts": {"path":"D:\\Videji i Ucenje\\portfolio-grade\\apps\\api\\src\\modules\\users\\users.service.ts","statementMap":{"0":{"start":{"line":1,"column":0},"end":{"line":1,"column":82}},"1":{"start":{"line":2,"column":0},"end":{"line":2,"column":68}},"2":{"start":{"line":3,"column":0},"end":{"line":3,"column":68}},"3":{"start":{"line":4,"column":0},"end":{"line":4,"column":33}},"4":{"start":{"line":8,"column":7},"end":{"line":117,"column":null}},"5":{"start":{"line":9,"column":31},"end":{"line":9,"column":39}},"6":{"start":{"line":9,"column":71},"end":{"line":9,"column":79}},"7":{"start":{"line":12,"column":4},"end":{"line":16,"column":7}},"8":{"start":{"line":20,"column":17},"end":{"line":26,"column":6}},"9":{"start":{"line":28,"column":4},"end":{"line":28,"column":82}},"10":{"start":{"line":28,"column":15},"end":{"line":28,"column":82}},"11":{"start":{"line":30,"column":4},"end":{"line":30,"column":16}},"12":{"start":{"line":34,"column":4},"end":{"line":34,"column":61}},"13":{"start":{"line":38,"column":4},"end":{"line":47,"column":5}},"14":{"start":{"line":39,"column":19},"end":{"line":39,"column":58}},"15":{"start":{"line":40,"column":6},"end":{"line":40,"column":82}},"16":{"start":{"line":41,"column":6},"end":{"line":41,"column":18}},"17":{"start":{"line":43,"column":6},"end":{"line":45,"column":7}},"18":{"start":{"line":44,"column":8},"end":{"line":44,"column":75}},"19":{"start":{"line":46,"column":6},"end":{"line":46,"column":18}},"20":{"start":{"line":55,"column":25},"end":{"line":55,"column":92}},"21":{"start":{"line":56,"column":4},"end":{"line":58,"column":5}},"22":{"start":{"line":57,"column":6},"end":{"line":57,"column":73}},"23":{"start":{"line":61,"column":27},"end":{"line":61,"column":63}},"24":{"start":{"line":64,"column":24},"end":{"line":64,"column":52}},"25":{"start":{"line":67,"column":4},"end":{"line":93,"column":7}},"26":{"start":{"line":68,"column":19},"end":{"line":74,"column":8}},"27":{"start":{"line":76,"column":6},"end":{"line":82,"column":9}},"28":{"start":{"line":84,"column":6},"end":{"line":84,"column":82}},"29":{"start":{"line":86,"column":6},"end":{"line":92,"column":8}},"30":{"start":{"line":97,"column":25},"end":{"line":102,"column":6}},"31":{"start":{"line":104,"column":4},"end":{"line":106,"column":5}},"32":{"start":{"line":105,"column":6},"end":{"line":105,"column":73}},"33":{"start":{"line":108,"column":17},"end":{"line":108,"column":71}},"34":{"start":{"line":109,"column":4},"end":{"line":109,"column":71}},"35":{"start":{"line":110,"column":4},"end":{"line":110,"column":16}},"36":{"start":{"line":114,"column":4},"end":{"line":114,"column":54}},"37":{"start":{"line":115,"column":4},"end":{"line":115,"column":54}},"38":{"start":{"line":8,"column":13},"end":{"line":8,"column":25}},"39":{"start":{"line":8,"column":13},"end":{"line":117,"column":null}}},"fnMap":{"0":{"name":"(anonymous_0)","decl":{"start":{"line":9,"column":2},"end":{"line":9,"column":31}},"loc":{"start":{"line":9,"column":92},"end":{"line":9,"column":96}}},"1":{"name":"(anonymous_1)","decl":{"start":{"line":11,"column":2},"end":{"line":11,"column":14}},"loc":{"start":{"line":11,"column":28},"end":{"line":17,"column":3}}},"2":{"name":"(anonymous_2)","decl":{"start":{"line":19,"column":2},"end":{"line":19,"column":7}},"loc":{"start":{"line":19,"column":50},"end":{"line":31,"column":3}}},"3":{"name":"(anonymous_3)","decl":{"start":{"line":33,"column":2},"end":{"line":33,"column":13}},"loc":{"start":{"line":33,"column":27},"end":{"line":35,"column":3}}},"4":{"name":"(anonymous_4)","decl":{"start":{"line":37,"column":2},"end":{"line":37,"column":7}},"loc":{"start":{"line":37,"column":24},"end":{"line":48,"column":3}}},"5":{"name":"(anonymous_5)","decl":{"start":{"line":50,"column":2},"end":{"line":50,"column":7}},"loc":{"start":{"line":52,"column":96},"end":{"line":94,"column":3}}},"6":{"name":"(anonymous_6)","decl":{"start":{"line":67,"column":36},"end":{"line":67,"column":41}},"loc":{"start":{"line":67,"column":47},"end":{"line":93,"column":5}}},"7":{"name":"(anonymous_7)","decl":{"start":{"line":96,"column":2},"end":{"line":96,"column":7}},"loc":{"start":{"line":96,"column":51},"end":{"line":111,"column":3}}},"8":{"name":"(anonymous_8)","decl":{"start":{"line":113,"column":2},"end":{"line":113,"column":7}},"loc":{"start":{"line":113,"column":25},"end":{"line":116,"column":3}}}},"branchMap":{"0":{"loc":{"start":{"line":28,"column":4},"end":{"line":28,"column":82}},"type":"if","locations":[{"start":{"line":28,"column":4},"end":{"line":28,"column":82}},{"start":{},"end":{}}]},"1":{"loc":{"start":{"line":43,"column":6},"end":{"line":45,"column":7}},"type":"if","locations":[{"start":{"line":43,"column":6},"end":{"line":45,"column":7}},{"start":{},"end":{}}]},"2":{"loc":{"start":{"line":43,"column":10},"end":{"line":43,"column":73}},"type":"binary-expr","locations":[{"start":{"line":43,"column":10},"end":{"line":43,"column":32}},{"start":{"line":43,"column":36},"end":{"line":43,"column":73}}]},"3":{"loc":{"start":{"line":56,"column":4},"end":{"line":58,"column":5}},"type":"if","locations":[{"start":{"line":56,"column":4},"end":{"line":58,"column":5}},{"start":{},"end":{}}]},"4":{"loc":{"start":{"line":64,"column":24},"end":{"line":64,"column":52}},"type":"binary-expr","locations":[{"start":{"line":64,"column":24},"end":{"line":64,"column":43}},{"start":{"line":64,"column":47},"end":{"line":64,"column":52}}]},"5":{"loc":{"start":{"line":104,"column":4},"end":{"line":106,"column":5}},"type":"if","locations":[{"start":{"line":104,"column":4},"end":{"line":106,"column":5}},{"start":{},"end":{}}]}},"s":{"0":7,"1":7,"2":7,"3":7,"4":7,"5":42,"6":42,"7":2,"8":2,"9":2,"10":1,"11":1,"12":2,"13":1,"14":1,"15":1,"16":1,"17":0,"18":0,"19":0,"20":3,"21":3,"22":1,"23":2,"24":2,"25":2,"26":2,"27":2,"28":2,"29":2,"30":2,"31":2,"32":1,"33":1,"34":1,"35":1,"36":1,"37":1,"38":7,"39":7},"f":{"0":42,"1":2,"2":2,"3":2,"4":1,"5":3,"6":2,"7":2,"8":1},"b":{"0":[1,1],"1":[0,0],"2":[0,0],"3":[1,2],"4":[2,1],"5":[1,1]}}
,"D:\\Videji i Ucenje\\portfolio-grade\\apps\\api\\src\\modules\\users\\dto\\create-user.dto.ts": {"path":"D:\\Videji i Ucenje\\portfolio-grade\\apps\\api\\src\\modules\\users\\dto\\create-user.dto.ts","statementMap":{"0":{"start":{"line":1,"column":0},"end":{"line":1,"column":83}},"1":{"start":{"line":4,"column":0},"end":{"line":4,"column":13}},"2":{"start":{"line":6,"column":2},"end":{"line":6,"column":null}},"3":{"start":{"line":10,"column":2},"end":{"line":10,"column":null}},"4":{"start":{"line":13,"column":2},"end":{"line":13,"column":null}},"5":{"start":{"line":16,"column":2},"end":{"line":16,"column":null}},"6":{"start":{"line":20,"column":2},"end":{"line":20,"column":null}}},"fnMap":{},"branchMap":{},"s":{"0":5,"1":5,"2":5,"3":5,"4":5,"5":5,"6":5},"f":{},"b":{}}
,"D:\\Videji i Ucenje\\portfolio-grade\\apps\\api\\src\\modules\\users\\dto\\update-user.dto.ts": {"path":"D:\\Videji i Ucenje\\portfolio-grade\\apps\\api\\src\\modules\\users\\dto\\update-user.dto.ts","statementMap":{"0":{"start":{"line":1,"column":0},"end":{"line":1,"column":75}},"1":{"start":{"line":3,"column":0},"end":{"line":3,"column":13}},"2":{"start":{"line":6,"column":2},"end":{"line":6,"column":null}},"3":{"start":{"line":10,"column":2},"end":{"line":10,"column":null}},"4":{"start":{"line":15,"column":2},"end":{"line":15,"column":null}}},"fnMap":{},"branchMap":{},"s":{"0":5,"1":5,"2":5,"3":5,"4":5},"f":{},"b":{}}
}
