TN:
SF:src\app\app.module.ts
FNF:0
FNH:0
DA:1,1
DA:2,1
DA:3,1
DA:4,1
DA:5,1
DA:6,1
DA:7,1
DA:8,1
DA:9,1
DA:10,1
DA:11,1
DA:12,1
DA:13,1
DA:32,1
LF:14
LH:14
BRF:0
BRH:0
end_of_record
TN:
SF:src\common\cache\cache.interceptor.ts
FN:6,stableQS
FN:8,(anonymous_1)
FN:10,(anonymous_2)
FN:18,(anonymous_3)
FN:20,(anonymous_4)
FN:35,(anonymous_5)
FN:38,(anonymous_6)
FN:39,(anonymous_7)
FNF:8
FNH:8
FNDA:10,stableQS
FNDA:21,(anonymous_1)
FNDA:11,(anonymous_2)
FNDA:124,(anonymous_3)
FNDA:13,(anonymous_4)
FNDA:9,(anonymous_5)
FNDA:8,(anonymous_6)
FNDA:1,(anonymous_7)
DA:1,12
DA:2,12
DA:3,12
DA:4,12
DA:7,10
DA:8,21
DA:10,11
DA:11,10
DA:15,12
DA:16,124
DA:18,124
DA:21,13
DA:22,13
DA:24,12
DA:25,12
DA:27,11
DA:28,11
DA:30,10
DA:31,10
DA:32,10
DA:34,10
DA:36,9
DA:37,8
DA:39,8
LF:24
LH:24
BRDA:7,0,0,10
BRDA:7,0,1,0
BRDA:8,1,0,21
BRDA:8,1,1,20
BRDA:8,1,2,19
BRDA:10,2,0,9
BRDA:10,2,1,2
BRDA:10,3,0,2
BRDA:10,3,1,0
BRDA:16,4,0,124
BRDA:16,4,1,121
BRDA:22,5,0,1
BRDA:22,5,1,12
BRDA:25,6,0,1
BRDA:25,6,1,11
BRDA:28,7,0,1
BRDA:28,7,1,10
BRDA:30,8,0,10
BRDA:30,8,1,0
BRDA:36,9,0,1
BRDA:36,9,1,8
BRF:21
BRH:18
end_of_record
TN:
SF:src\common\constants\tenancy.ts
FNF:0
FNH:0
DA:1,24
LF:1
LH:1
BRDA:1,0,0,24
BRDA:1,0,1,0
BRF:2
BRH:1
end_of_record
TN:
SF:src\common\decorators\org.decorator.ts
FN:4,(anonymous_0)
FNF:1
FNH:0
FNDA:0,(anonymous_0)
DA:1,23
DA:2,23
DA:4,23
DA:5,0
DA:6,0
LF:5
LH:3
BRDA:6,0,0,0
BRDA:6,0,1,0
BRF:2
BRH:0
end_of_record
TN:
SF:src\common\decorators\rate-limit.decorator.ts
FN:10,(anonymous_0)
FNF:1
FNH:1
FNDA:106,(anonymous_0)
DA:1,20
DA:9,20
DA:10,106
LF:3
LH:3
BRF:0
BRH:0
end_of_record
TN:
SF:src\common\decorators\roles.decorator.ts
FN:6,(anonymous_0)
FNF:1
FNH:1
FNDA:143,(anonymous_0)
DA:1,26
DA:5,26
DA:6,143
LF:3
LH:3
BRF:0
BRH:0
end_of_record
TN:
SF:src\common\guards\jwt-auth.guard.ts
FNF:0
FNH:0
DA:1,25
DA:2,25
DA:5,25
LF:3
LH:3
BRF:0
BRH:0
end_of_record
TN:
SF:src\common\guards\org-admin-only.guard.ts
FN:17,(anonymous_0)
FN:19,(anonymous_1)
FN:41,(anonymous_2)
FN:43,(anonymous_3)
FNF:4
FNH:4
FNDA:38,(anonymous_0)
FNDA:13,(anonymous_1)
FNDA:9,(anonymous_2)
FNDA:8,(anonymous_3)
DA:1,4
DA:8,4
DA:9,4
DA:10,4
DA:13,4
DA:16,4
DA:17,38
DA:20,13
DA:24,13
DA:26,11
DA:27,11
DA:28,11
DA:31,10
DA:36,9
DA:37,1
DA:41,9
DA:42,8
DA:43,8
DA:46,8
DA:48,6
LF:20
LH:20
BRDA:24,0,0,2
BRDA:24,0,1,11
BRDA:24,1,0,13
BRDA:24,1,1,12
BRDA:28,2,0,1
BRDA:28,2,1,10
BRDA:36,3,0,1
BRDA:36,3,1,8
BRDA:46,4,0,2
BRDA:46,4,1,6
BRF:10
BRH:10
end_of_record
TN:
SF:src\common\guards\rate-limit.guard.ts
FN:15,(anonymous_0)
FN:17,(anonymous_1)
FN:42,(anonymous_2)
FN:51,(anonymous_3)
FN:60,(anonymous_4)
FNF:5
FNH:5
FNDA:241,(anonymous_0)
FNDA:12,(anonymous_1)
FNDA:9,(anonymous_2)
FNDA:9,(anonymous_3)
FNDA:2,(anonymous_4)
DA:1,19
DA:8,19
DA:9,19
DA:10,19
DA:14,19
DA:15,241
DA:18,12
DA:19,12
DA:21,12
DA:28,12
DA:29,12
DA:31,12
DA:33,12
DA:35,12
DA:37,12
DA:38,10
DA:39,10
DA:42,9
DA:46,12
DA:47,10
DA:48,10
DA:51,9
DA:55,12
DA:56,2
DA:57,2
DA:60,2
DA:64,12
DA:67,11
DA:68,11
DA:69,11
DA:70,20
DA:71,20
DA:74,11
DA:75,11
DA:76,11
DA:77,11
DA:80,11
DA:81,9
LF:38
LH:38
BRDA:21,0,0,12
BRDA:21,0,1,7
BRDA:21,0,2,7
BRDA:28,1,0,12
BRDA:28,1,1,1
BRDA:28,1,2,1
BRDA:29,2,0,12
BRDA:29,2,1,1
BRDA:31,3,0,12
BRDA:31,3,1,2
BRDA:31,3,2,1
BRDA:33,4,0,12
BRDA:33,4,1,1
BRDA:33,5,0,12
BRDA:33,5,1,1
BRDA:37,6,0,10
BRDA:37,6,1,2
BRDA:46,7,0,10
BRDA:46,7,1,2
BRDA:55,8,0,2
BRDA:55,8,1,10
BRDA:70,9,0,0
BRDA:70,9,1,20
BRDA:70,10,0,20
BRDA:70,10,1,20
BRDA:70,10,2,20
BRDA:71,11,0,3
BRDA:71,11,1,17
BRDA:71,12,0,20
BRDA:71,12,1,20
BRDA:74,13,0,11
BRDA:74,13,1,0
BRDA:80,14,0,2
BRDA:80,14,1,9
BRF:34
BRH:32
end_of_record
TN:
SF:src\common\guards\roles.guard.ts
FN:18,(anonymous_0)
FN:20,(anonymous_1)
FN:45,(anonymous_2)
FNF:3
FNH:3
FNDA:221,(anonymous_0)
FNDA:16,(anonymous_1)
FNDA:11,(anonymous_2)
DA:1,22
DA:8,22
DA:9,22
DA:10,22
DA:12,22
DA:14,22
DA:17,22
DA:18,221
DA:21,16
DA:25,16
DA:27,14
DA:28,14
DA:29,14
DA:31,13
DA:32,13
DA:35,12
DA:40,11
DA:41,1
DA:45,11
DA:46,10
DA:47,10
DA:49,10
DA:50,8
LF:23
LH:23
BRDA:14,0,0,22
BRDA:14,0,1,0
BRDA:25,1,0,2
BRDA:25,1,1,14
BRDA:25,2,0,16
BRDA:25,2,1,15
BRDA:29,3,0,1
BRDA:29,3,1,13
BRDA:32,4,0,1
BRDA:32,4,1,12
BRDA:40,5,0,1
BRDA:40,5,1,10
BRDA:49,6,0,2
BRDA:49,6,1,8
BRF:14
BRH:13
end_of_record
TN:
SF:src\common\guards\tenant.guard.ts
FN:6,(anonymous_0)
FNF:1
FNH:1
FNDA:19,(anonymous_0)
DA:1,23
DA:2,23
DA:5,23
DA:7,19
DA:8,19
DA:10,18
DA:11,6
DA:15,12
DA:16,12
LF:9
LH:9
BRDA:10,0,0,6
BRDA:10,0,1,12
BRF:2
BRH:2
end_of_record
TN:
SF:src\common\http\idempotency\idempotency.interceptor.ts
FN:12,bodyHash
FN:19,(anonymous_1)
FN:21,(anonymous_2)
FN:45,(anonymous_3)
FN:62,(anonymous_4)
FN:64,(anonymous_5)
FNF:6
FNH:6
FNDA:16,bodyHash
FNDA:287,(anonymous_1)
FNDA:19,(anonymous_2)
FNDA:15,(anonymous_3)
FNDA:12,(anonymous_4)
FNDA:12,(anonymous_5)
DA:1,21
DA:8,21
DA:9,21
DA:10,21
DA:13,16
DA:14,16
DA:18,21
DA:19,287
DA:22,19
DA:23,19
DA:25,19
DA:26,1
DA:29,18
DA:30,18
DA:31,18
DA:32,2
DA:36,16
DA:37,16
DA:39,16
DA:46,15
DA:47,2
DA:48,1
DA:49,1
DA:51,1
DA:56,13
DA:63,12
DA:65,12
DA:66,12
DA:70,11
LF:29
LH:29
BRDA:13,0,0,1
BRDA:13,0,1,15
BRDA:13,1,0,15
BRDA:13,1,1,2
BRDA:25,2,0,1
BRDA:25,2,1,18
BRDA:31,3,0,2
BRDA:31,3,1,16
BRDA:31,4,0,18
BRDA:31,4,1,17
BRDA:36,5,0,16
BRDA:36,5,1,1
BRDA:36,6,0,16
BRDA:36,6,1,1
BRDA:46,7,0,2
BRDA:46,7,1,13
BRDA:47,8,0,1
BRDA:47,8,1,1
BRDA:47,9,0,2
BRDA:47,9,1,1
BRF:20
BRH:20
end_of_record
TN:
SF:src\infra\infra.module.ts
FNF:0
FNH:0
DA:1,13
DA:2,13
DA:3,13
DA:4,13
DA:5,13
DA:6,13
DA:7,13
DA:8,13
DA:9,13
DA:32,13
LF:10
LH:10
BRF:0
BRH:0
end_of_record
TN:
SF:src\infra\jobs\types.ts
FNF:0
FNH:0
DA:1,19
DA:2,19
LF:2
LH:2
BRF:0
BRH:0
end_of_record
TN:
SF:src\infra\jobs\processors\post-preview.processor.ts
FN:11,(anonymous_0)
FN:13,(anonymous_1)
FN:16,(anonymous_2)
FN:25,(anonymous_3)
FN:29,(anonymous_4)
FNF:5
FNH:4
FNDA:72,(anonymous_0)
FNDA:2,(anonymous_1)
FNDA:0,(anonymous_2)
FNDA:2,(anonymous_3)
FNDA:5,(anonymous_4)
DA:1,18
DA:2,18
DA:3,18
DA:4,18
DA:8,18
DA:9,72
DA:11,72
DA:14,2
DA:17,0
DA:18,0
DA:22,2
DA:26,2
DA:31,5
DA:32,4
DA:34,2
DA:37,2
DA:41,1
LF:17
LH:15
BRDA:22,0,0,1
BRDA:22,0,1,1
BRDA:32,1,0,2
BRDA:32,1,1,2
BRF:4
BRH:4
end_of_record
TN:
SF:src\infra\jobs\processors\tag-stats.processor.ts
FN:11,(anonymous_0)
FN:13,(anonymous_1)
FN:16,(anonymous_2)
FN:38,(anonymous_3)
FN:43,(anonymous_4)
FN:54,(anonymous_5)
FN:62,(anonymous_6)
FNF:7
FNH:6
FNDA:80,(anonymous_0)
FNDA:2,(anonymous_1)
FNDA:0,(anonymous_2)
FNDA:2,(anonymous_3)
FNDA:3,(anonymous_4)
FNDA:7,(anonymous_5)
FNDA:5,(anonymous_6)
DA:1,16
DA:2,16
DA:3,16
DA:4,16
DA:8,16
DA:9,80
DA:11,80
DA:14,2
DA:17,0
DA:18,0
DA:22,2
DA:23,1
DA:24,1
DA:28,1
DA:39,2
DA:44,3
DA:45,1
DA:46,1
DA:47,2
DA:50,2
DA:55,7
DA:62,6
DA:63,5
DA:64,6
DA:72,5
LF:25
LH:23
BRDA:22,0,0,1
BRDA:22,0,1,1
BRDA:44,1,0,1
BRDA:44,1,1,2
BRF:4
BRH:4
end_of_record
TN:
SF:src\infra\services\dispatcher.service.ts
FN:10,(anonymous_0)
FN:12,(anonymous_1)
FN:14,(anonymous_2)
FN:14,(anonymous_3)
FN:18,(anonymous_4)
FN:22,(anonymous_5)
FN:38,(anonymous_6)
FNF:7
FNH:6
FNDA:112,(anonymous_0)
FNDA:6,(anonymous_1)
FNDA:3,(anonymous_2)
FNDA:0,(anonymous_3)
FNDA:72,(anonymous_4)
FNDA:9,(anonymous_5)
FNDA:27,(anonymous_6)
DA:1,14
DA:2,14
DA:5,14
DA:6,112
DA:8,112
DA:10,112
DA:14,6
DA:15,6
DA:19,72
DA:23,9
DA:24,8
DA:25,6
DA:26,6
DA:27,5
DA:28,5
DA:29,4
DA:31,1
DA:32,1
DA:39,27
DA:42,3
DA:43,3
DA:45,1
DA:46,1
DA:48,1
DA:49,1
DA:51,1
DA:52,1
DA:54,1
DA:55,1
DA:57,1
DA:58,1
DA:60,2
DA:61,2
DA:63,1
DA:64,1
DA:66,1
DA:67,1
DA:69,1
DA:70,1
DA:72,1
DA:73,1
DA:75,1
DA:76,1
DA:78,1
DA:79,1
DA:81,1
DA:82,1
DA:84,1
DA:85,1
DA:87,1
DA:88,1
DA:90,1
DA:91,1
DA:93,1
DA:94,1
DA:96,1
DA:97,1
DA:99,1
DA:100,1
DA:102,1
DA:103,1
DA:105,1
DA:106,1
DA:109,2
LF:64
LH:64
BRDA:8,0,0,112
BRDA:8,0,1,111
BRDA:19,1,0,1
BRDA:19,1,1,71
BRDA:26,2,0,1
BRDA:26,2,1,5
BRDA:39,3,0,3
BRDA:39,3,1,1
BRDA:39,3,2,1
BRDA:39,3,3,1
BRDA:39,3,4,1
BRDA:39,3,5,1
BRDA:39,3,6,2
BRDA:39,3,7,1
BRDA:39,3,8,1
BRDA:39,3,9,1
BRDA:39,3,10,1
BRDA:39,3,11,1
BRDA:39,3,12,1
BRDA:39,3,13,1
BRDA:39,3,14,1
BRDA:39,3,15,1
BRDA:39,3,16,1
BRDA:39,3,17,1
BRDA:39,3,18,1
BRDA:39,3,19,1
BRDA:39,3,20,1
BRDA:39,3,21,1
BRDA:39,3,22,2
BRF:29
BRH:29
end_of_record
TN:
SF:src\infra\services\outbox.service.ts
FN:8,(anonymous_0)
FN:10,(anonymous_1)
FN:17,(anonymous_2)
FN:19,(anonymous_3)
FN:28,(anonymous_4)
FN:37,(anonymous_5)
FN:41,(anonymous_6)
FN:45,(anonymous_7)
FNF:8
FNH:8
FNDA:55,(anonymous_0)
FNDA:4,(anonymous_1)
FNDA:6,(anonymous_2)
FNDA:6,(anonymous_3)
FNDA:6,(anonymous_4)
FNDA:3,(anonymous_5)
FNDA:3,(anonymous_6)
FNDA:3,(anonymous_7)
DA:1,32
DA:2,32
DA:5,32
DA:6,55
DA:8,55
DA:11,4
DA:19,6
DA:20,6
DA:26,6
DA:27,3
DA:28,6
DA:31,3
DA:33,6
DA:34,6
DA:38,3
DA:42,3
DA:46,3
LF:17
LH:17
BRDA:17,0,0,1
BRDA:26,1,0,3
BRDA:26,1,1,3
BRDA:33,2,0,3
BRDA:33,2,1,3
BRDA:45,3,0,2
BRF:6
BRH:6
end_of_record
TN:
SF:src\infra\services\prisma.service.ts
FN:6,(anonymous_0)
FN:9,(anonymous_1)
FNF:2
FNH:2
FNDA:13,(anonymous_0)
FNDA:69,(anonymous_1)
DA:1,44
DA:2,44
DA:5,44
DA:7,13
DA:10,69
LF:5
LH:5
BRF:0
BRH:0
end_of_record
TN:
SF:src\infra\services\queue.service.ts
FN:15,(anonymous_0)
FN:31,(anonymous_1)
FN:37,(anonymous_2)
FN:38,(anonymous_3)
FN:49,(anonymous_4)
FN:55,(anonymous_5)
FN:62,(anonymous_6)
FN:69,(anonymous_7)
FN:75,(anonymous_8)
FN:86,(anonymous_9)
FNF:10
FNH:6
FNDA:107,(anonymous_0)
FNDA:0,(anonymous_1)
FNDA:4,(anonymous_2)
FNDA:0,(anonymous_3)
FNDA:14,(anonymous_4)
FNDA:0,(anonymous_5)
FNDA:11,(anonymous_6)
FNDA:0,(anonymous_7)
FNDA:5,(anonymous_8)
FNDA:7,(anonymous_9)
DA:1,20
DA:2,20
DA:3,20
DA:9,20
DA:10,107
DA:11,107
DA:12,107
DA:13,107
DA:16,107
DA:19,107
DA:20,103
DA:21,103
DA:22,103
DA:24,4
DA:25,4
DA:31,4
DA:32,0
DA:36,4
DA:37,4
DA:39,0
DA:40,0
DA:44,0
DA:45,0
DA:50,14
DA:51,11
DA:52,9
DA:53,9
DA:55,9
DA:56,0
DA:59,11
DA:63,11
DA:64,10
DA:65,9
DA:69,9
DA:70,9
DA:71,9
DA:72,9
DA:76,5
DA:77,5
DA:78,1
DA:81,1
DA:83,4
DA:93,7
DA:94,7
DA:95,1
DA:96,1
DA:98,6
LF:47
LH:41
BRDA:16,0,0,107
BRDA:16,0,1,1
BRDA:19,1,0,103
BRDA:19,1,1,4
BRDA:50,2,0,3
BRDA:50,2,1,11
BRDA:51,3,0,9
BRDA:51,3,1,2
BRDA:62,4,0,10
BRDA:63,5,0,1
BRDA:63,5,1,10
BRDA:64,6,0,1
BRDA:64,6,1,9
BRDA:77,7,0,1
BRDA:77,7,1,4
BRDA:94,8,0,1
BRDA:94,8,1,6
BRDA:101,9,0,4
BRDA:101,9,1,2
BRF:19
BRH:19
end_of_record
TN:
SF:src\infra\services\rate-limit.service.ts
FN:11,(anonymous_0)
FN:13,(anonymous_1)
FNF:2
FNH:2
FNDA:97,(anonymous_0)
FNDA:40,(anonymous_1)
DA:1,25
DA:2,25
DA:7,25
DA:8,97
DA:9,97
DA:11,97
DA:14,40
DA:16,38
DA:18,38
DA:19,11
DA:20,11
DA:21,11
DA:23,11
DA:24,11
DA:25,11
DA:26,11
DA:28,10
DA:30,1
DA:33,9
DA:34,9
DA:36,9
DA:37,9
DA:38,9
DA:41,2
DA:46,29
DA:47,29
DA:48,29
DA:50,29
DA:51,17
DA:52,17
DA:55,12
DA:56,12
DA:57,12
DA:58,12
DA:59,12
LF:35
LH:35
BRDA:14,0,0,2
BRDA:14,0,1,38
BRDA:18,1,0,11
BRDA:18,1,1,27
BRDA:28,2,0,1
BRDA:28,2,1,9
BRDA:28,3,0,10
BRDA:28,3,1,9
BRDA:34,4,0,8
BRDA:34,4,1,1
BRDA:50,5,0,17
BRDA:50,5,1,12
BRDA:50,6,0,29
BRDA:50,6,1,14
BRF:14
BRH:14
end_of_record
TN:
SF:src\infra\services\redis.service.ts
FN:10,(anonymous_0)
FN:23,(anonymous_1)
FN:24,(anonymous_2)
FN:25,(anonymous_3)
FN:28,(anonymous_4)
FN:35,(anonymous_5)
FN:39,(anonymous_6)
FN:49,(anonymous_7)
FN:57,(anonymous_8)
FN:65,(anonymous_9)
FN:76,(anonymous_10)
FN:77,(anonymous_11)
FN:77,(anonymous_12)
FN:78,(anonymous_13)
FN:82,(anonymous_14)
FN:89,(anonymous_15)
FNF:16
FNH:13
FNDA:92,(anonymous_0)
FNDA:0,(anonymous_1)
FNDA:0,(anonymous_2)
FNDA:0,(anonymous_3)
FNDA:1,(anonymous_4)
FNDA:39,(anonymous_5)
FNDA:6,(anonymous_6)
FNDA:5,(anonymous_7)
FNDA:4,(anonymous_8)
FNDA:6,(anonymous_9)
FNDA:4,(anonymous_10)
FNDA:3,(anonymous_11)
FNDA:6,(anonymous_12)
FNDA:3,(anonymous_13)
FNDA:1,(anonymous_14)
FNDA:90,(anonymous_15)
DA:1,28
DA:2,28
DA:3,28
DA:6,28
DA:8,92
DA:11,92
DA:13,92
DA:14,88
DA:15,88
DA:17,4
DA:23,4
DA:24,4
DA:25,4
DA:28,4
DA:29,1
DA:30,1
DA:36,39
DA:40,6
DA:41,6
DA:42,5
DA:44,3
DA:45,3
DA:50,5
DA:51,5
DA:53,2
DA:58,4
DA:59,4
DA:61,1
DA:66,6
DA:67,6
DA:68,6
DA:70,2
DA:71,2
DA:72,2
DA:74,4
DA:75,4
DA:76,4
DA:77,6
DA:78,4
DA:79,3
DA:80,3
DA:82,4
DA:85,0
DA:90,90
DA:91,90
LF:45
LH:44
BRDA:11,0,0,92
BRDA:11,0,1,29
BRDA:13,1,0,88
BRDA:13,1,1,4
BRDA:42,2,0,4
BRDA:42,2,1,1
BRDA:68,3,0,2
BRDA:68,3,1,4
BRDA:71,4,0,1
BRDA:71,4,1,1
BRDA:75,5,0,4
BRDA:75,5,1,1
BRF:12
BRH:12
end_of_record
TN:
SF:src\modules\admin-jobs\admin-jobs.controller.ts
FN:21,(anonymous_0)
FN:56,(anonymous_1)
FN:86,(anonymous_2)
FN:125,(anonymous_3)
FNF:4
FNH:4
FNDA:20,(anonymous_0)
FNDA:3,(anonymous_1)
FNDA:3,(anonymous_2)
FNDA:6,(anonymous_3)
DA:1,4
DA:2,4
DA:3,4
DA:4,4
DA:6,4
DA:7,4
DA:8,4
DA:9,4
DA:10,4
DA:11,4
DA:12,4
DA:13,4
DA:14,4
DA:20,4
DA:22,20
DA:23,20
DA:24,20
DA:56,4
DA:57,3
DA:86,4
DA:87,3
DA:88,2
DA:125,4
DA:127,6
DA:130,6
DA:132,4
DA:135,4
DA:136,1
DA:139,3
DA:142,3
DA:146,2
DA:149,2
LF:32
LH:32
BRDA:130,0,0,4
BRDA:130,0,1,2
BRDA:135,1,0,1
BRDA:135,1,1,3
BRF:4
BRH:4
end_of_record
TN:
SF:src\modules\admin-jobs\admin-jobs.module.ts
FNF:0
FNH:0
DA:1,2
DA:2,2
DA:3,2
DA:9,2
LF:4
LH:4
BRF:0
BRH:0
end_of_record
TN:
SF:src\modules\audit-logs\audit-logs.controller.ts
FN:17,(anonymous_0)
FN:83,(anonymous_1)
FNF:2
FNH:2
FNDA:18,(anonymous_0)
FNDA:9,(anonymous_1)
DA:1,3
DA:2,3
DA:3,3
DA:4,3
DA:5,3
DA:6,3
DA:7,3
DA:9,3
DA:16,3
DA:17,18
DA:83,3
DA:84,9
LF:12
LH:12
BRF:0
BRH:0
end_of_record
TN:
SF:src\modules\audit-logs\audit-logs.module.ts
FNF:0
FNH:0
DA:1,2
DA:2,2
DA:3,2
DA:4,2
DA:5,2
DA:6,2
DA:13,2
LF:7
LH:7
BRF:0
BRH:0
end_of_record
TN:
SF:src\modules\audit-logs\audit-logs.service.ts
FN:15,(anonymous_0)
FN:17,(anonymous_1)
FNF:2
FNH:2
FNDA:19,(anonymous_0)
FNDA:10,(anonymous_1)
DA:1,4
DA:2,4
DA:14,4
DA:15,19
DA:18,10
DA:20,10
DA:21,10
DA:22,10
DA:23,10
DA:24,2
DA:25,2
DA:26,2
DA:29,10
LF:13
LH:13
BRDA:18,0,0,10
BRDA:18,0,1,6
BRDA:21,1,0,2
BRDA:21,1,1,8
BRDA:22,2,0,2
BRDA:22,2,1,8
BRDA:23,3,0,2
BRDA:23,3,1,8
BRDA:23,4,0,10
BRDA:23,4,1,8
BRDA:25,5,0,2
BRDA:25,5,1,0
BRDA:26,6,0,2
BRDA:26,6,1,0
BRDA:33,7,0,2
BRDA:33,7,1,8
BRDA:34,8,0,2
BRDA:34,8,1,8
BRF:18
BRH:16
end_of_record
TN:
SF:src\modules\auth\auth.controller.ts
FN:21,(anonymous_0)
FN:96,(anonymous_1)
FN:169,(anonymous_2)
FN:220,(anonymous_3)
FNF:4
FNH:4
FNDA:27,(anonymous_0)
FNDA:4,(anonymous_1)
FNDA:4,(anonymous_2)
FNDA:6,(anonymous_3)
DA:1,3
DA:12,3
DA:13,3
DA:14,3
DA:15,3
DA:16,3
DA:20,3
DA:21,27
DA:96,3
DA:97,4
DA:169,3
DA:170,4
DA:220,3
DA:221,6
DA:222,6
DA:223,1
DA:225,5
DA:226,5
LF:18
LH:18
BRDA:222,0,0,1
BRDA:222,0,1,5
BRDA:222,1,0,6
BRDA:222,1,1,5
BRF:4
BRH:4
end_of_record
TN:
SF:src\modules\auth\auth.module.ts
FNF:0
FNH:0
DA:1,2
DA:2,2
DA:3,2
DA:4,2
DA:5,2
DA:6,2
DA:7,2
DA:8,2
DA:9,2
DA:10,2
DA:26,2
LF:11
LH:11
BRDA:18,0,0,2
BRDA:18,0,1,0
BRDA:19,1,0,2
BRDA:19,1,1,0
BRF:4
BRH:2
end_of_record
TN:
SF:src\modules\auth\auth.service.ts
FN:11,(anonymous_0)
FN:17,(anonymous_1)
FN:33,(anonymous_2)
FN:45,(anonymous_3)
FNF:4
FNH:4
FNDA:27,(anonymous_0)
FNDA:4,(anonymous_1)
FNDA:5,(anonymous_2)
FNDA:5,(anonymous_3)
DA:1,4
DA:2,4
DA:3,4
DA:4,4
DA:7,4
DA:10,4
DA:12,27
DA:13,27
DA:14,27
DA:18,4
DA:19,4
DA:20,3
DA:26,1
DA:27,0
DA:29,1
DA:34,5
DA:35,5
DA:37,4
DA:38,3
DA:41,2
DA:42,2
DA:46,5
LF:22
LH:21
BRDA:26,0,0,0
BRDA:26,0,1,1
BRDA:26,1,0,1
BRDA:26,1,1,0
BRDA:35,2,0,1
BRDA:35,2,1,4
BRDA:38,3,0,1
BRDA:38,3,1,2
BRF:8
BRH:6
end_of_record
TN:
SF:src\modules\auth\dto\login.dto.ts
FNF:0
FNH:0
DA:1,4
DA:3,4
DA:5,4
DA:8,4
LF:4
LH:4
BRF:0
BRH:0
end_of_record
TN:
SF:src\modules\auth\dto\register.dto.ts
FNF:0
FNH:0
DA:1,4
DA:3,4
DA:5,4
DA:9,4
DA:12,4
LF:5
LH:5
BRF:0
BRH:0
end_of_record
TN:
SF:src\modules\auth\strategies\jwt.strategy.ts
FN:27,(anonymous_0)
FN:35,(anonymous_1)
FNF:2
FNH:2
FNDA:25,(anonymous_0)
FNDA:16,(anonymous_1)
DA:19,3
DA:20,3
DA:21,3
DA:26,3
DA:28,25
DA:37,16
LF:6
LH:6
BRDA:31,0,0,25
BRDA:31,0,1,0
BRF:2
BRH:1
end_of_record
TN:
SF:src\modules\comments\comments.controller.ts
FN:38,(anonymous_0)
FN:73,(anonymous_1)
FN:123,(anonymous_2)
FN:182,(anonymous_3)
FN:222,(anonymous_4)
FN:258,(anonymous_5)
FNF:6
FNH:6
FNDA:24,(anonymous_0)
FNDA:2,(anonymous_1)
FNDA:2,(anonymous_2)
FNDA:3,(anonymous_3)
FNDA:3,(anonymous_4)
FNDA:3,(anonymous_5)
DA:1,3
DA:13,3
DA:14,3
DA:15,3
DA:16,3
DA:17,3
DA:18,3
DA:20,3
DA:21,3
DA:22,3
DA:31,3
DA:37,3
DA:38,24
DA:73,3
DA:74,2
DA:123,3
DA:129,2
DA:182,3
DA:188,3
DA:222,3
DA:223,3
DA:258,3
DA:259,3
LF:23
LH:23
BRF:0
BRH:0
end_of_record
TN:
SF:src\modules\comments\comments.module.ts
FNF:0
FNH:0
DA:1,2
DA:2,2
DA:3,2
DA:4,2
DA:5,2
DA:6,2
DA:14,2
LF:7
LH:7
BRF:0
BRH:0
end_of_record
TN:
SF:src\modules\comments\comments.service.ts
FN:7,(anonymous_0)
FN:9,(anonymous_1)
FN:23,(anonymous_2)
FN:24,(anonymous_3)
FN:52,(anonymous_4)
FN:53,(anonymous_5)
FN:96,(anonymous_6)
FN:97,(anonymous_7)
FN:136,(anonymous_8)
FN:137,(anonymous_9)
FNF:10
FNH:10
FNDA:30,(anonymous_0)
FNDA:2,(anonymous_1)
FNDA:2,(anonymous_2)
FNDA:2,(anonymous_3)
FNDA:5,(anonymous_4)
FNDA:5,(anonymous_5)
FNDA:5,(anonymous_6)
FNDA:5,(anonymous_7)
FNDA:5,(anonymous_8)
FNDA:5,(anonymous_9)
DA:1,4
DA:2,4
DA:3,4
DA:6,4
DA:7,30
DA:10,2
DA:14,2
DA:16,1
DA:24,2
DA:25,2
DA:29,2
DA:31,1
DA:36,1
DA:46,1
DA:48,1
DA:53,5
DA:54,5
DA:58,5
DA:59,4
DA:61,3
DA:65,3
DA:67,3
DA:68,3
DA:69,3
DA:70,3
DA:71,1
DA:74,2
DA:80,2
DA:90,2
DA:92,2
DA:97,5
DA:98,5
DA:102,5
DA:103,4
DA:106,3
DA:110,3
DA:112,3
DA:113,3
DA:114,3
DA:115,3
DA:116,1
DA:118,2
DA:120,2
DA:130,2
DA:132,2
DA:137,5
DA:138,5
DA:142,5
DA:143,4
DA:146,3
DA:150,3
DA:151,3
DA:152,3
DA:153,1
DA:155,2
DA:157,2
DA:167,2
DA:169,2
LF:58
LH:58
BRDA:14,0,0,1
BRDA:14,0,1,1
BRDA:29,1,0,1
BRDA:29,1,1,1
BRDA:58,2,0,1
BRDA:58,2,1,4
BRDA:59,3,0,1
BRDA:59,3,1,3
BRDA:65,4,0,0
BRDA:65,4,1,3
BRDA:70,5,0,1
BRDA:70,5,1,2
BRDA:70,6,0,3
BRDA:70,6,1,2
BRDA:70,6,2,1
BRDA:102,7,0,1
BRDA:102,7,1,4
BRDA:103,8,0,1
BRDA:103,8,1,3
BRDA:110,9,0,0
BRDA:110,9,1,3
BRDA:115,10,0,1
BRDA:115,10,1,2
BRDA:115,11,0,3
BRDA:115,11,1,2
BRDA:115,11,2,1
BRDA:142,12,0,1
BRDA:142,12,1,4
BRDA:143,13,0,1
BRDA:143,13,1,3
BRDA:150,14,0,0
BRDA:150,14,1,3
BRDA:151,15,0,3
BRDA:151,15,1,2
BRDA:152,16,0,1
BRDA:152,16,1,2
BRF:36
BRH:33
end_of_record
TN:
SF:src\modules\comments\dto\create-comment.dto.ts
FN:8,(anonymous_0)
FNF:1
FNH:0
FNDA:0,(anonymous_0)
DA:1,4
DA:2,4
DA:4,4
DA:8,0
DA:9,4
LF:5
LH:4
BRF:0
BRH:0
end_of_record
TN:
SF:src\modules\comments\dto\update-comment.dto.ts
FN:8,(anonymous_0)
FNF:1
FNH:0
FNDA:0,(anonymous_0)
DA:1,4
DA:2,4
DA:4,4
DA:8,0
DA:9,4
LF:5
LH:4
BRF:0
BRH:0
end_of_record
TN:
SF:src\modules\fields\fields.controller.ts
FN:36,(anonymous_0)
FN:100,(anonymous_1)
FN:173,(anonymous_2)
FN:213,(anonymous_3)
FNF:4
FNH:4
FNDA:23,(anonymous_0)
FNDA:3,(anonymous_1)
FNDA:3,(anonymous_2)
FNDA:2,(anonymous_3)
DA:1,3
DA:12,3
DA:13,3
DA:14,3
DA:15,3
DA:16,3
DA:17,3
DA:19,3
DA:20,3
DA:21,3
DA:22,3
DA:35,3
DA:36,23
DA:100,3
DA:106,3
DA:173,3
DA:179,3
DA:213,3
DA:214,2
LF:19
LH:19
BRF:0
BRH:0
end_of_record
TN:
SF:src\modules\fields\fields.module.ts
FNF:0
FNH:0
DA:1,2
DA:2,2
DA:3,2
DA:4,2
DA:5,2
DA:6,2
DA:14,2
LF:7
LH:7
BRF:0
BRH:0
end_of_record
TN:
SF:src\modules\fields\fields.service.ts
FN:7,(anonymous_0)
FN:9,(anonymous_1)
FN:22,(anonymous_2)
FN:50,(anonymous_3)
FN:63,(anonymous_4)
FN:91,(anonymous_5)
FN:98,(anonymous_6)
FNF:7
FNH:7
FNDA:25,(anonymous_0)
FNDA:5,(anonymous_1)
FNDA:4,(anonymous_2)
FNDA:5,(anonymous_3)
FNDA:4,(anonymous_4)
FNDA:3,(anonymous_5)
FNDA:2,(anonymous_6)
DA:1,4
DA:2,4
DA:3,4
DA:6,4
DA:7,25
DA:16,5
DA:20,5
DA:22,4
DA:23,4
DA:34,4
DA:44,4
DA:46,4
DA:57,5
DA:61,5
DA:63,4
DA:64,4
DA:75,4
DA:85,4
DA:87,4
DA:92,3
DA:96,3
DA:98,2
DA:99,2
DA:100,2
DA:110,2
DA:113,2
LF:26
LH:26
BRDA:20,0,0,1
BRDA:20,0,1,4
BRDA:28,1,0,4
BRDA:28,1,1,2
BRDA:29,2,0,4
BRDA:29,2,1,2
BRDA:61,3,0,1
BRDA:61,3,1,4
BRDA:67,4,0,4
BRDA:67,4,1,0
BRDA:68,5,0,4
BRDA:68,5,1,2
BRDA:69,6,0,4
BRDA:69,6,1,3
BRDA:70,7,0,4
BRDA:70,7,1,3
BRDA:96,8,0,1
BRDA:96,8,1,2
BRF:18
BRH:17
end_of_record
TN:
SF:src\modules\fields\dto\create-field.dto.ts
FNF:0
FNH:0
DA:1,4
DA:3,4
DA:5,4
DA:8,4
DA:12,4
DA:17,4
LF:6
LH:6
BRF:0
BRH:0
end_of_record
TN:
SF:src\modules\fields\dto\update-field.dto.ts
FNF:0
FNH:0
DA:1,4
DA:3,4
DA:6,4
DA:10,4
DA:14,4
DA:19,4
LF:6
LH:6
BRF:0
BRH:0
end_of_record
TN:
SF:src\modules\forms\forms.controller.ts
FN:40,(anonymous_0)
FN:78,(anonymous_1)
FN:134,(anonymous_2)
FN:198,(anonymous_3)
FN:268,(anonymous_4)
FN:314,(anonymous_5)
FNF:6
FNH:6
FNDA:16,(anonymous_0)
FNDA:1,(anonymous_1)
FNDA:1,(anonymous_2)
FNDA:1,(anonymous_3)
FNDA:1,(anonymous_4)
FNDA:1,(anonymous_5)
DA:1,3
DA:13,3
DA:14,3
DA:15,3
DA:16,3
DA:17,3
DA:18,3
DA:20,3
DA:21,3
DA:23,3
DA:24,3
DA:25,3
DA:26,3
DA:39,3
DA:40,16
DA:78,3
DA:79,1
DA:134,3
DA:135,1
DA:198,3
DA:199,1
DA:268,3
DA:274,1
DA:314,3
DA:315,1
LF:25
LH:25
BRF:0
BRH:0
end_of_record
TN:
SF:src\modules\forms\forms.module.ts
FNF:0
FNH:0
DA:1,2
DA:2,2
DA:3,2
DA:4,2
DA:5,2
DA:6,2
DA:7,2
DA:8,2
DA:16,2
LF:9
LH:9
BRF:0
BRH:0
end_of_record
TN:
SF:src\modules\forms\forms.public.controller.ts
FN:18,(anonymous_0)
FN:101,(anonymous_1)
FNF:2
FNH:2
FNDA:13,(anonymous_0)
FNDA:2,(anonymous_1)
DA:1,3
DA:2,3
DA:3,3
DA:4,3
DA:5,3
DA:6,3
DA:7,3
DA:9,3
DA:17,3
DA:18,13
DA:101,3
DA:103,2
LF:12
LH:12
BRF:0
BRH:0
end_of_record
TN:
SF:src\modules\forms\forms.service.ts
FN:7,(anonymous_0)
FN:9,(anonymous_1)
FN:17,(anonymous_2)
FN:27,(anonymous_3)
FN:33,(anonymous_4)
FN:62,(anonymous_5)
FN:73,(anonymous_6)
FN:96,(anonymous_7)
FN:103,(anonymous_8)
FNF:9
FNH:9
FNDA:36,(anonymous_0)
FNDA:2,(anonymous_1)
FNDA:2,(anonymous_2)
FNDA:5,(anonymous_3)
FNDA:3,(anonymous_4)
FNDA:5,(anonymous_5)
FNDA:3,(anonymous_6)
FNDA:3,(anonymous_7)
FNDA:2,(anonymous_8)
DA:1,5
DA:2,5
DA:3,5
DA:6,5
DA:7,36
DA:10,2
DA:18,2
DA:23,2
DA:24,1
DA:28,5
DA:29,2
DA:32,3
DA:33,3
DA:34,3
DA:39,2
DA:49,2
DA:51,2
DA:55,1
DA:56,1
DA:58,0
DA:63,5
DA:67,5
DA:69,4
DA:70,1
DA:73,3
DA:74,3
DA:80,3
DA:90,3
DA:92,3
DA:97,3
DA:101,3
DA:103,2
DA:104,2
DA:105,2
DA:115,2
DA:118,2
LF:36
LH:35
BRDA:23,0,0,1
BRDA:23,0,1,1
BRDA:28,1,0,2
BRDA:28,1,1,3
BRDA:28,2,0,5
BRDA:28,2,1,4
BRDA:55,3,0,1
BRDA:55,3,1,0
BRDA:67,4,0,1
BRDA:67,4,1,4
BRDA:69,5,0,1
BRDA:69,5,1,3
BRDA:69,6,0,4
BRDA:69,6,1,2
BRDA:69,6,2,1
BRDA:76,7,0,3
BRDA:76,7,1,0
BRDA:76,8,0,3
BRDA:76,8,1,2
BRDA:101,9,0,1
BRDA:101,9,1,2
BRF:21
BRH:19
end_of_record
TN:
SF:src\modules\forms\dto\create-form.dto.ts
FNF:0
FNH:0
DA:1,4
DA:3,4
DA:5,4
DA:8,4
LF:4
LH:4
BRF:0
BRH:0
end_of_record
TN:
SF:src\modules\forms\dto\update-form.dto.ts
FNF:0
FNH:0
DA:1,4
DA:3,4
DA:6,4
DA:10,4
LF:4
LH:4
BRF:0
BRH:0
end_of_record
TN:
SF:src\modules\organizations\organizations.controller.ts
FN:25,(anonymous_0)
FN:56,(anonymous_1)
FN:93,(anonymous_2)
FN:171,(anonymous_3)
FNF:4
FNH:4
FNDA:13,(anonymous_0)
FNDA:1,(anonymous_1)
FNDA:1,(anonymous_2)
FNDA:1,(anonymous_3)
DA:1,3
DA:2,3
DA:3,3
DA:4,3
DA:5,3
DA:6,3
DA:7,3
DA:8,3
DA:9,3
DA:24,3
DA:25,13
DA:56,3
DA:57,1
DA:93,3
DA:94,1
DA:171,3
DA:172,1
LF:17
LH:17
BRF:0
BRH:0
end_of_record
TN:
SF:src\modules\organizations\organizations.module.ts
FNF:0
FNH:0
DA:1,2
DA:2,2
DA:3,2
DA:4,2
DA:5,2
DA:6,2
DA:7,2
DA:15,2
LF:8
LH:8
BRF:0
BRH:0
end_of_record
TN:
SF:src\modules\organizations\organizations.service.ts
FN:8,(anonymous_0)
FN:10,(anonymous_1)
FN:17,(anonymous_2)
FN:30,(anonymous_3)
FN:44,(anonymous_4)
FN:113,(anonymous_5)
FNF:6
FNH:6
FNDA:37,(anonymous_0)
FNDA:2,(anonymous_1)
FNDA:2,(anonymous_2)
FNDA:4,(anonymous_3)
FNDA:3,(anonymous_4)
FNDA:11,(anonymous_5)
DA:1,4
DA:2,4
DA:3,4
DA:4,4
DA:7,4
DA:8,37
DA:11,2
DA:18,2
DA:23,2
DA:24,1
DA:27,1
DA:32,4
DA:36,4
DA:37,1
DA:41,3
DA:44,3
DA:46,3
DA:55,3
DA:57,3
DA:65,3
DA:73,3
DA:82,3
DA:102,3
DA:105,3
DA:110,3
DA:115,11
DA:124,11
LF:27
LH:27
BRDA:23,0,0,1
BRDA:23,0,1,1
BRDA:36,1,0,1
BRDA:36,1,1,3
BRDA:124,2,0,1
BRDA:124,2,1,10
BRF:6
BRH:6
end_of_record
TN:
SF:src\modules\organizations\dto\create-organization.dto.ts
FNF:0
FNH:0
DA:1,4
DA:3,4
DA:11,4
LF:3
LH:3
BRF:0
BRH:0
end_of_record
TN:
SF:src\modules\posts\posts.controller.ts
FN:42,(anonymous_0)
FN:138,(anonymous_1)
FN:218,(anonymous_2)
FN:312,(anonymous_3)
FN:427,(anonymous_4)
FN:467,(anonymous_5)
FN:506,(anonymous_6)
FN:545,(anonymous_7)
FN:599,(anonymous_8)
FNF:9
FNH:9
FNDA:24,(anonymous_0)
FNDA:3,(anonymous_1)
FNDA:1,(anonymous_2)
FNDA:1,(anonymous_3)
FNDA:1,(anonymous_4)
FNDA:1,(anonymous_5)
FNDA:1,(anonymous_6)
FNDA:1,(anonymous_7)
FNDA:1,(anonymous_8)
DA:1,3
DA:15,3
DA:16,3
DA:17,3
DA:18,3
DA:19,3
DA:20,3
DA:21,3
DA:22,3
DA:24,3
DA:25,3
DA:26,3
DA:27,3
DA:41,3
DA:42,24
DA:138,3
DA:146,3
DA:218,3
DA:219,1
DA:312,3
DA:313,1
DA:314,1
DA:427,3
DA:433,1
DA:434,1
DA:467,3
DA:468,1
DA:469,1
DA:506,3
DA:507,1
DA:545,3
DA:546,1
DA:599,3
DA:605,1
LF:34
LH:34
BRDA:147,0,0,2
BRDA:147,0,1,1
BRDA:148,1,0,3
BRDA:148,1,1,2
BRDA:149,2,0,3
BRDA:149,2,1,2
BRDA:150,3,0,3
BRDA:150,3,1,2
BRF:8
BRH:8
end_of_record
TN:
SF:src\modules\posts\posts.module.ts
FNF:0
FNH:0
DA:1,2
DA:2,2
DA:3,2
DA:4,2
DA:5,2
DA:6,2
DA:7,2
DA:15,2
LF:8
LH:8
BRF:0
BRH:0
end_of_record
TN:
SF:src\modules\posts\posts.service.ts
FN:15,(anonymous_0)
FN:33,(anonymous_1)
FN:89,(anonymous_2)
FN:101,(anonymous_3)
FN:107,(anonymous_4)
FN:117,(anonymous_5)
FN:127,(anonymous_6)
FN:156,(anonymous_7)
FN:164,(anonymous_8)
FN:172,(anonymous_9)
FN:215,(anonymous_10)
FN:218,(anonymous_11)
FN:219,(anonymous_12)
FN:223,(anonymous_13)
FN:266,(anonymous_14)
FN:280,(anonymous_15)
FN:281,(anonymous_16)
FN:337,(anonymous_17)
FN:351,(anonymous_18)
FN:367,(anonymous_19)
FN:368,(anonymous_20)
FNF:21
FNH:18
FNDA:60,(anonymous_0)
FNDA:9,(anonymous_1)
FNDA:3,(anonymous_2)
FNDA:8,(anonymous_3)
FNDA:5,(anonymous_4)
FNDA:3,(anonymous_5)
FNDA:4,(anonymous_6)
FNDA:1,(anonymous_7)
FNDA:11,(anonymous_8)
FNDA:11,(anonymous_9)
FNDA:0,(anonymous_10)
FNDA:6,(anonymous_11)
FNDA:0,(anonymous_12)
FNDA:6,(anonymous_13)
FNDA:0,(anonymous_14)
FNDA:7,(anonymous_15)
FNDA:7,(anonymous_16)
FNDA:3,(anonymous_17)
FNDA:5,(anonymous_18)
FNDA:7,(anonymous_19)
FNDA:7,(anonymous_20)
DA:1,4
DA:7,4
DA:8,4
DA:9,4
DA:11,4
DA:14,4
DA:16,60
DA:17,60
DA:18,60
DA:19,60
DA:43,9
DA:45,9
DA:46,9
DA:47,1
DA:52,9
DA:53,1
DA:56,9
DA:68,9
DA:69,1
DA:72,9
DA:80,9
DA:81,9
DA:82,1
DA:83,1
DA:86,9
DA:90,3
DA:97,3
DA:98,1
DA:102,8
DA:108,5
DA:109,5
DA:110,4
DA:113,4
DA:114,2
DA:117,3
DA:118,3
DA:127,4
DA:134,3
DA:135,2
DA:136,4
DA:144,3
DA:154,3
DA:156,3
DA:158,3
DA:160,3
DA:170,11
DA:172,11
DA:173,11
DA:184,11
DA:185,9
DA:187,7
DA:188,7
DA:189,7
DA:190,7
DA:191,2
DA:194,5
DA:202,5
DA:203,2
DA:205,3
DA:206,3
DA:207,3
DA:208,0
DA:211,3
DA:215,3
DA:218,6
DA:219,3
DA:222,3
DA:223,6
DA:227,3
DA:228,6
DA:236,3
DA:237,0
DA:247,3
DA:248,3
DA:249,3
DA:254,3
DA:264,3
DA:266,3
DA:268,3
DA:270,3
DA:281,7
DA:282,7
DA:293,7
DA:294,5
DA:296,3
DA:297,3
DA:298,3
DA:299,3
DA:300,2
DA:304,1
DA:305,1
DA:306,2
DA:316,1
DA:318,1
DA:328,1
DA:330,1
DA:332,1
DA:338,3
DA:342,3
DA:344,1
DA:352,5
DA:356,5
DA:358,3
DA:362,3
DA:364,1
DA:368,7
DA:369,7
DA:384,7
DA:385,5
DA:386,5
DA:388,3
DA:389,3
DA:390,3
DA:392,3
DA:393,2
DA:396,1
DA:398,1
DA:403,1
DA:407,1
DA:409,1
LF:120
LH:118
BRDA:35,0,0,2
BRDA:43,1,0,9
BRDA:43,1,1,6
BRDA:46,2,0,1
BRDA:46,2,1,8
BRDA:52,3,0,1
BRDA:52,3,1,8
BRDA:68,4,0,1
BRDA:68,4,1,8
BRDA:75,5,0,1
BRDA:75,5,1,8
BRDA:81,6,0,1
BRDA:81,6,1,8
BRDA:97,7,0,2
BRDA:97,7,1,1
BRDA:108,8,0,5
BRDA:108,8,1,1
BRDA:109,9,0,4
BRDA:109,9,1,1
BRDA:113,10,0,2
BRDA:113,10,1,2
BRDA:126,11,0,2
BRDA:126,11,1,1
BRDA:134,12,0,2
BRDA:134,12,1,1
BRDA:170,13,0,11
BRDA:170,13,1,0
BRDA:184,14,0,2
BRDA:184,14,1,9
BRDA:185,15,0,2
BRDA:185,15,1,7
BRDA:190,16,0,2
BRDA:190,16,1,5
BRDA:190,17,0,7
BRDA:190,17,1,6
BRDA:190,17,2,3
BRDA:197,18,0,5
BRDA:197,18,1,0
BRDA:198,19,0,5
BRDA:198,19,1,0
BRDA:202,20,0,2
BRDA:202,20,1,3
BRDA:205,21,0,3
BRDA:205,21,1,0
BRDA:207,22,0,0
BRDA:207,22,1,3
BRDA:247,23,0,3
BRDA:247,23,1,0
BRDA:293,24,0,2
BRDA:293,24,1,5
BRDA:294,25,0,2
BRDA:294,25,1,3
BRDA:299,26,0,2
BRDA:299,26,1,1
BRDA:299,27,0,3
BRDA:299,27,1,3
BRDA:299,27,2,2
BRDA:304,28,0,1
BRDA:304,28,1,0
BRDA:342,29,0,2
BRDA:342,29,1,1
BRDA:356,30,0,2
BRDA:356,30,1,3
BRDA:362,31,0,2
BRDA:362,31,1,1
BRDA:384,32,0,2
BRDA:384,32,1,5
BRDA:385,33,0,0
BRDA:385,33,1,5
BRDA:386,34,0,2
BRDA:386,34,1,3
BRDA:392,35,0,2
BRDA:392,35,1,1
BRDA:392,36,0,3
BRDA:392,36,1,3
BRDA:392,36,2,2
BRF:76
BRH:68
end_of_record
TN:
SF:src\modules\posts\dto\create-post.dto.ts
FNF:0
FNH:0
DA:1,4
DA:3,4
DA:6,4
DA:10,4
DA:15,4
LF:5
LH:5
BRF:0
BRH:0
end_of_record
TN:
SF:src\modules\posts\dto\update-post.dto.ts
FNF:0
FNH:0
DA:1,4
DA:3,4
DA:7,4
DA:12,4
DA:17,4
DA:22,4
LF:6
LH:6
BRF:0
BRH:0
end_of_record
TN:
SF:src\modules\submissions\submissions.controller.ts
FN:35,(anonymous_0)
FN:130,(anonymous_1)
FN:193,(anonymous_2)
FN:251,(anonymous_3)
FNF:4
FNH:4
FNDA:26,(anonymous_0)
FNDA:4,(anonymous_1)
FNDA:4,(anonymous_2)
FNDA:4,(anonymous_3)
DA:1,3
DA:11,3
DA:12,3
DA:13,3
DA:14,3
DA:15,3
DA:16,3
DA:17,3
DA:19,3
DA:21,3
DA:22,3
DA:23,3
DA:34,3
DA:35,26
DA:130,3
DA:135,4
DA:193,3
DA:194,4
DA:251,3
DA:252,4
LF:20
LH:20
BRF:0
BRH:0
end_of_record
TN:
SF:src\modules\submissions\submissions.module.ts
FNF:0
FNH:0
DA:1,2
DA:2,2
DA:3,2
DA:4,2
DA:5,2
DA:6,2
DA:7,2
DA:15,2
LF:8
LH:8
BRF:0
BRH:0
end_of_record
TN:
SF:src\modules\submissions\submissions.service.ts
FN:7,(anonymous_0)
FN:10,(anonymous_1)
FN:25,(anonymous_2)
FN:41,(anonymous_3)
FNF:4
FNH:4
FNDA:42,(anonymous_0)
FNDA:8,(anonymous_1)
FNDA:7,(anonymous_2)
FNDA:9,(anonymous_3)
DA:1,4
DA:2,4
DA:6,4
DA:7,42
DA:12,8
DA:16,8
DA:18,4
DA:27,7
DA:31,7
DA:33,3
DA:42,9
DA:46,9
DA:47,3
LF:13
LH:13
BRDA:16,0,0,4
BRDA:16,0,1,4
BRDA:31,1,0,4
BRDA:31,1,1,3
BRDA:46,2,0,6
BRDA:46,2,1,3
BRF:6
BRH:6
end_of_record
TN:
SF:src\modules\submissions\dto\create-submission.dto.ts
FNF:0
FNH:0
DA:1,4
DA:3,4
DA:5,4
LF:3
LH:3
BRF:0
BRH:0
end_of_record
TN:
SF:src\modules\tags\tags.controller.ts
FN:38,(anonymous_0)
FN:66,(anonymous_1)
FN:131,(anonymous_2)
FN:212,(anonymous_3)
FN:260,(anonymous_4)
FNF:5
FNH:5
FNDA:21,(anonymous_0)
FNDA:2,(anonymous_1)
FNDA:2,(anonymous_2)
FNDA:3,(anonymous_3)
FNDA:1,(anonymous_4)
DA:1,3
DA:13,3
DA:14,3
DA:15,3
DA:16,3
DA:17,3
DA:19,3
DA:20,3
DA:22,3
DA:23,3
DA:24,3
DA:37,3
DA:38,21
DA:66,3
DA:67,2
DA:131,3
DA:132,2
DA:212,3
DA:218,3
DA:260,3
DA:261,1
LF:21
LH:21
BRF:0
BRH:0
end_of_record
TN:
SF:src\modules\tags\tags.module.ts
FNF:0
FNH:0
DA:1,2
DA:2,2
DA:3,2
DA:4,2
DA:5,2
DA:6,2
DA:7,2
DA:15,2
LF:8
LH:8
BRF:0
BRH:0
end_of_record
TN:
SF:src\modules\tags\tags.service.ts
FN:7,(anonymous_0)
FN:9,(anonymous_1)
FN:17,(anonymous_2)
FN:19,(anonymous_3)
FN:45,(anonymous_4)
FN:53,(anonymous_5)
FN:80,(anonymous_6)
FN:87,(anonymous_7)
FNF:8
FNH:8
FNDA:32,(anonymous_0)
FNDA:2,(anonymous_1)
FNDA:3,(anonymous_2)
FNDA:3,(anonymous_3)
FNDA:4,(anonymous_4)
FNDA:3,(anonymous_5)
FNDA:2,(anonymous_6)
FNDA:1,(anonymous_7)
DA:1,4
DA:2,4
DA:3,4
DA:6,4
DA:7,32
DA:10,2
DA:18,3
DA:19,3
DA:20,3
DA:25,1
DA:35,1
DA:37,1
DA:40,2
DA:41,1
DA:46,4
DA:50,4
DA:52,3
DA:53,3
DA:54,3
DA:60,1
DA:70,1
DA:72,1
DA:75,2
DA:76,1
DA:81,2
DA:85,2
DA:87,1
DA:88,1
DA:90,1
DA:100,1
DA:103,1
LF:31
LH:31
BRDA:40,0,0,1
BRDA:40,0,1,1
BRDA:50,1,0,1
BRDA:50,1,1,3
BRDA:75,2,0,1
BRDA:75,2,1,1
BRDA:85,3,0,1
BRDA:85,3,1,1
BRF:8
BRH:8
end_of_record
TN:
SF:src\modules\tags\dto\create-tag.dto.ts
FNF:0
FNH:0
DA:1,1
DA:3,1
DA:6,1
LF:3
LH:3
BRF:0
BRH:0
end_of_record
TN:
SF:src\modules\tags\dto\update-tag.dto.ts
FNF:0
FNH:0
DA:1,1
DA:3,1
DA:7,1
LF:3
LH:3
BRF:0
BRH:0
end_of_record
TN:
SF:src\modules\users\users.controller.ts
FN:40,(anonymous_0)
FN:70,(anonymous_1)
FN:176,(anonymous_2)
FN:222,(anonymous_3)
FN:322,(anonymous_4)
FN:365,(anonymous_5)
FNF:6
FNH:6
FNDA:29,(anonymous_0)
FNDA:2,(anonymous_1)
FNDA:2,(anonymous_2)
FNDA:1,(anonymous_3)
FNDA:2,(anonymous_4)
FNDA:1,(anonymous_5)
DA:1,4
DA:13,4
DA:14,4
DA:15,4
DA:16,4
DA:18,4
DA:19,4
DA:20,4
DA:21,4
DA:22,4
DA:23,4
DA:25,4
DA:26,4
DA:39,4
DA:40,29
DA:70,4
DA:71,2
DA:176,4
DA:177,2
DA:222,4
DA:223,1
DA:322,4
DA:323,2
DA:365,4
DA:366,1
LF:25
LH:25
BRF:0
BRH:0
end_of_record
TN:
SF:src\modules\users\users.module.ts
FNF:0
FNH:0
DA:1,3
DA:2,3
DA:3,3
DA:4,3
DA:5,3
DA:6,3
DA:7,3
DA:15,3
LF:8
LH:8
BRF:0
BRH:0
end_of_record
TN:
SF:src\modules\users\users.service.ts
FN:9,(anonymous_0)
FN:11,(anonymous_1)
FN:19,(anonymous_2)
FN:33,(anonymous_3)
FN:37,(anonymous_4)
FN:50,(anonymous_5)
FN:67,(anonymous_6)
FN:96,(anonymous_7)
FN:113,(anonymous_8)
FNF:9
FNH:9
FNDA:42,(anonymous_0)
FNDA:2,(anonymous_1)
FNDA:2,(anonymous_2)
FNDA:2,(anonymous_3)
FNDA:1,(anonymous_4)
FNDA:3,(anonymous_5)
FNDA:2,(anonymous_6)
FNDA:2,(anonymous_7)
FNDA:1,(anonymous_8)
DA:1,7
DA:2,7
DA:3,7
DA:4,7
DA:8,7
DA:9,42
DA:12,2
DA:20,2
DA:28,2
DA:30,1
DA:34,2
DA:38,1
DA:39,1
DA:40,1
DA:41,1
DA:43,0
DA:44,0
DA:46,0
DA:55,3
DA:56,3
DA:57,1
DA:61,2
DA:64,2
DA:67,2
DA:68,2
DA:76,2
DA:84,2
DA:86,2
DA:97,2
DA:104,2
DA:105,1
DA:108,1
DA:109,1
DA:110,1
DA:114,1
DA:115,1
LF:36
LH:33
BRDA:28,0,0,1
BRDA:28,0,1,1
BRDA:43,1,0,0
BRDA:43,1,1,0
BRDA:43,2,0,0
BRDA:43,2,1,0
BRDA:56,3,0,1
BRDA:56,3,1,2
BRDA:64,4,0,2
BRDA:64,4,1,1
BRDA:104,5,0,1
BRDA:104,5,1,1
BRF:12
BRH:8
end_of_record
TN:
SF:src\modules\users\dto\create-user.dto.ts
FNF:0
FNH:0
DA:1,5
DA:4,5
DA:6,5
DA:10,5
DA:13,5
DA:16,5
DA:20,5
LF:7
LH:7
BRF:0
BRH:0
end_of_record
TN:
SF:src\modules\users\dto\update-user.dto.ts
FNF:0
FNH:0
DA:1,5
DA:3,5
DA:6,5
DA:10,5
DA:15,5
LF:5
LH:5
BRF:0
BRH:0
end_of_record
